#
# There is insufficient memory for the Java Runtime Environment to continue.
# Native memory allocation (malloc) failed to allocate 1168336 bytes. Error detail: Chunk::new
# Possible reasons:
#   The system is out of physical RAM or swap space
#   This process is running with CompressedOops enabled, and the Java Heap may be blocking the growth of the native heap
# Possible solutions:
#   Reduce memory load on the system
#   Increase physical memory or swap space
#   Check if swap backing store is full
#   Decrease Java heap size (-Xmx/-Xms)
#   Decrease number of Java threads
#   Decrease Java thread stack sizes (-Xss)
#   Set larger code cache with -XX:ReservedCodeCacheSize=
#   JVM is running with Unscaled Compressed Oops mode in which the Java heap is
#     placed in the first 4GB address space. The Java Heap base address is the
#     maximum limit for the native heap growth. Please use -XX:HeapBaseMinAddress
#     to set the Java Heap base and to place the Java Heap above 4GB virtual address.
# This output file may be truncated or incomplete.
#
#  Out of Memory Error (arena.cpp:191), pid=28968, tid=9484
#
# JRE version: OpenJDK Runtime Environment Temurin-17.0.13+11 (17.0.13+11) (build 17.0.13+11)
# Java VM: OpenJDK 64-Bit Server VM Temurin-17.0.13+11 (17.0.13+11, mixed mode, tiered, compressed oops, compressed class ptrs, parallel gc, windows-amd64)
# No core dump will be written. Minidumps are not enabled by default on client versions of Windows
#

---------------  S U M M A R Y ------------

Command Line: --add-modules=ALL-SYSTEM --add-opens=java.base/java.util=ALL-UNNAMED --add-opens=java.base/java.lang=ALL-UNNAMED --add-opens=java.base/sun.nio.fs=ALL-UNNAMED -Declipse.application=org.eclipse.jdt.ls.core.id1 -Dosgi.bundles.defaultStartLevel=4 -Declipse.product=org.eclipse.jdt.ls.core.product -Djava.import.generatesMetadataFilesAtProjectRoot=false -DDetectVMInstallationsJob.disabled=true -Dfile.encoding=utf8 -XX:+UseParallelGC -XX:GCTimeRatio=4 -XX:AdaptiveSizePolicyWeight=90 -Dsun.zip.disableMemoryMapping=true -Xmx1G -Xms100m -Xlog:disable -javaagent:c:\Users\asus\.vscode\extensions\redhat.java-1.37.2024112308-win32-x64\lombok\lombok-1.18.34.jar -XX:+HeapDumpOnOutOfMemoryError -XX:HeapDumpPath=c:\Users\asus\AppData\Roaming\Code\User\workspaceStorage\460565c18ce4b00c6392990dd7b7b11a\redhat.java -Daether.dependencyCollector.impl=bf c:\Users\asus\.vscode\extensions\redhat.java-1.37.2024112308-win32-x64\server\plugins\org.eclipse.equinox.launcher_1.6.900.v20240613-2009.jar -configuration c:\Users\asus\AppData\Roaming\Code\User\globalStorage\redhat.java\1.37.2024112308\config_win -data c:\Users\asus\AppData\Roaming\Code\User\workspaceStorage\460565c18ce4b00c6392990dd7b7b11a\redhat.java\jdt_ws --pipe=\\.\pipe\lsp-4639cded965bd628b1c6981b6c667a8d-sock

Host: 11th Gen Intel(R) Core(TM) i7-11800H @ 2.30GHz, 16 cores, 7G,  Windows 11 , 64 bit Build 22621 (10.0.22621.4391)
Time: Tue Nov 26 10:30:07 2024 SE Asia Standard Time elapsed time: 2.844652 seconds (0d 0h 0m 2s)

---------------  T H R E A D  ---------------

Current thread (0x0000023be0dd9520):  JavaThread "C2 CompilerThread0" daemon [_thread_in_native, id=9484, stack(0x0000007642300000,0x0000007642400000)]


Current CompileTask:
C2:   2844 3958 %     4       java.io.WinNTFileSystem::normalize @ 22 (143 bytes)

Stack: [0x0000007642300000,0x0000007642400000]
Native frames: (J=compiled Java code, j=interpreted, Vv=VM code, C=native code)
V  [jvm.dll+0x682a19]
V  [jvm.dll+0x839538]
V  [jvm.dll+0x83afe3]
V  [jvm.dll+0x83b653]
V  [jvm.dll+0x24704f]
V  [jvm.dll+0xace34]
V  [jvm.dll+0xad4cc]
V  [jvm.dll+0x36592f]
V  [jvm.dll+0x1ba989]
V  [jvm.dll+0x2181a7]
V  [jvm.dll+0x21748f]
V  [jvm.dll+0x1a3070]
V  [jvm.dll+0x22788c]
V  [jvm.dll+0x2259eb]
V  [jvm.dll+0x7eec98]
V  [jvm.dll+0x7e8ffc]
V  [jvm.dll+0x6818f7]
C  [ucrtbase.dll+0x29333]
C  [KERNEL32.DLL+0x1259d]
C  [ntdll.dll+0x5af38]


---------------  P R O C E S S  ---------------

Threads class SMR info:
_java_thread_list=0x0000023be409a4b0, length=27, elements={
0x0000023bc5dd1c60, 0x0000023bdbbd7030, 0x0000023be0da4400, 0x0000023be0db7f60,
0x0000023be0dd2000, 0x0000023be0dd5080, 0x0000023be0dd60f0, 0x0000023be0dd9520,
0x0000023be0dfa5b0, 0x0000023be0e0aea0, 0x0000023bc5e338a0, 0x0000023be0f50620,
0x0000023be0f50b40, 0x0000023be0fc4960, 0x0000023be1099720, 0x0000023be2f89d50,
0x0000023be366e150, 0x0000023be35ec080, 0x0000023be406a280, 0x0000023be3870870,
0x0000023be40193f0, 0x0000023be400a5b0, 0x0000023be39494e0, 0x0000023be0e6b840,
0x0000023be0e6bd50, 0x0000023be0e6d6a0, 0x0000023be0e6d190
}

Java Threads: ( => current thread )
  0x0000023bc5dd1c60 JavaThread "main" [_thread_blocked, id=13780, stack(0x0000007641a00000,0x0000007641b00000)]
  0x0000023bdbbd7030 JavaThread "Reference Handler" daemon [_thread_blocked, id=24708, stack(0x0000007641d00000,0x0000007641e00000)]
  0x0000023be0da4400 JavaThread "Finalizer" daemon [_thread_blocked, id=14356, stack(0x0000007641e00000,0x0000007641f00000)]
  0x0000023be0db7f60 JavaThread "Signal Dispatcher" daemon [_thread_blocked, id=22592, stack(0x0000007641f00000,0x0000007642000000)]
  0x0000023be0dd2000 JavaThread "Attach Listener" daemon [_thread_blocked, id=28708, stack(0x0000007642000000,0x0000007642100000)]
  0x0000023be0dd5080 JavaThread "Service Thread" daemon [_thread_blocked, id=28712, stack(0x0000007642100000,0x0000007642200000)]
  0x0000023be0dd60f0 JavaThread "Monitor Deflation Thread" daemon [_thread_blocked, id=28808, stack(0x0000007642200000,0x0000007642300000)]
=>0x0000023be0dd9520 JavaThread "C2 CompilerThread0" daemon [_thread_in_native, id=9484, stack(0x0000007642300000,0x0000007642400000)]
  0x0000023be0dfa5b0 JavaThread "C1 CompilerThread0" daemon [_thread_blocked, id=28724, stack(0x0000007642400000,0x0000007642500000)]
  0x0000023be0e0aea0 JavaThread "Sweeper thread" daemon [_thread_blocked, id=28732, stack(0x0000007642500000,0x0000007642600000)]
  0x0000023bc5e338a0 JavaThread "Common-Cleaner" daemon [_thread_blocked, id=28728, stack(0x0000007642600000,0x0000007642700000)]
  0x0000023be0f50620 JavaThread "C1 CompilerThread1" daemon [_thread_blocked, id=28744, stack(0x0000007642700000,0x0000007642800000)]
  0x0000023be0f50b40 JavaThread "C1 CompilerThread2" daemon [_thread_blocked, id=28748, stack(0x0000007642800000,0x0000007642900000)]
  0x0000023be0fc4960 JavaThread "C2 CompilerThread1" daemon [_thread_in_native, id=28752, stack(0x0000007642900000,0x0000007642a00000)]
  0x0000023be1099720 JavaThread "C1 CompilerThread3" daemon [_thread_blocked, id=29168, stack(0x0000007642a00000,0x0000007642b00000)]
  0x0000023be2f89d50 JavaThread "Notification Thread" daemon [_thread_blocked, id=18488, stack(0x0000007642b00000,0x0000007642c00000)]
  0x0000023be366e150 JavaThread "Active Thread: Equinox Container: 546c960b-64da-445e-bab9-a9c99384bfa7" [_thread_blocked, id=29360, stack(0x0000007643200000,0x0000007643300000)]
  0x0000023be35ec080 JavaThread "Refresh Thread: Equinox Container: 546c960b-64da-445e-bab9-a9c99384bfa7" daemon [_thread_blocked, id=29364, stack(0x0000007643300000,0x0000007643400000)]
  0x0000023be406a280 JavaThread "Framework Event Dispatcher: Equinox Container: 546c960b-64da-445e-bab9-a9c99384bfa7" daemon [_thread_blocked, id=29380, stack(0x0000007643600000,0x0000007643700000)]
  0x0000023be3870870 JavaThread "Start Level: Equinox Container: 546c960b-64da-445e-bab9-a9c99384bfa7" daemon [_thread_in_native, id=29384, stack(0x0000007643700000,0x0000007643800000)]
  0x0000023be40193f0 JavaThread "Bundle File Closer" daemon [_thread_blocked, id=29300, stack(0x0000007643800000,0x0000007643900000)]
  0x0000023be400a5b0 JavaThread "SCR Component Actor" daemon [_thread_blocked, id=29280, stack(0x0000007643a00000,0x0000007643b00000)]
  0x0000023be39494e0 JavaThread "SCR Component Registry" daemon [_thread_blocked, id=29344, stack(0x0000007643b00000,0x0000007643c00000)]
  0x0000023be0e6b840 JavaThread "Worker-JM" [_thread_blocked, id=29472, stack(0x0000007643f00000,0x0000007644000000)]
  0x0000023be0e6bd50 JavaThread "JNA Cleaner" daemon [_thread_blocked, id=29416, stack(0x0000007644000000,0x0000007644100000)]
  0x0000023be0e6d6a0 JavaThread "Worker-0" [_thread_blocked, id=29056, stack(0x0000007644100000,0x0000007644200000)]
  0x0000023be0e6d190 JavaThread "Worker-1" [_thread_blocked, id=28080, stack(0x0000007644200000,0x0000007644300000)]

Other Threads:
  0x0000023bc5e7eaa0 VMThread "VM Thread" [stack: 0x0000007641c00000,0x0000007641d00000] [id=25872]
  0x0000023be2f8a230 WatcherThread [stack: 0x0000007642c00000,0x0000007642d00000] [id=28776]
  0x0000023bc5de65a0 GCTaskThread "GC Thread#0" [stack: 0x0000007641b00000,0x0000007641c00000] [id=11564]
  0x0000023be3688c90 GCTaskThread "GC Thread#1" [stack: 0x0000007642d00000,0x0000007642e00000] [id=28800]
  0x0000023be3689760 GCTaskThread "GC Thread#2" [stack: 0x0000007642e00000,0x0000007642f00000] [id=28804]
  0x0000023be3689a20 GCTaskThread "GC Thread#3" [stack: 0x0000007642f00000,0x0000007643000000] [id=28772]
  0x0000023be3689ce0 GCTaskThread "GC Thread#4" [stack: 0x0000007643000000,0x0000007643100000] [id=29100]
  0x0000023be3174020 GCTaskThread "GC Thread#5" [stack: 0x0000007643100000,0x0000007643200000] [id=28044]
  0x0000023be3690560 GCTaskThread "GC Thread#6" [stack: 0x0000007643400000,0x0000007643500000] [id=29372]
  0x0000023be3ca2140 GCTaskThread "GC Thread#7" [stack: 0x0000007643500000,0x0000007643600000] [id=29376]
  0x0000023be38dc010 GCTaskThread "GC Thread#8" [stack: 0x0000007643900000,0x0000007643a00000] [id=29296]
  0x0000023be38da750 GCTaskThread "GC Thread#9" [stack: 0x0000007643c00000,0x0000007643d00000] [id=29428]
  0x0000023be38daf90 GCTaskThread "GC Thread#10" [stack: 0x0000007643d00000,0x0000007643e00000] [id=29480]
  0x0000023be38da490 GCTaskThread "GC Thread#11" [stack: 0x0000007643e00000,0x0000007643f00000] [id=29476]
  0x0000023be38dacd0 GCTaskThread "GC Thread#12" [stack: 0x0000007644300000,0x0000007644400000] [id=29544]

Threads with active compile tasks:
C2 CompilerThread0     2872 3958 %     4       java.io.WinNTFileSystem::normalize @ 22 (143 bytes)
C2 CompilerThread1     2872 3972       4       org.lombokweb.asm.ClassReader::readMethod (1066 bytes)

VM state: not at safepoint (normal execution)

VM Mutex/Monitor currently owned by a thread: None

Heap address: 0x00000000c0000000, size: 1024 MB, Compressed Oops mode: 32-bit

CDS archive(s) not mapped
Compressed class space mapped at: 0x0000000100000000-0x0000000140000000, reserved size: 1073741824
Narrow klass base: 0x0000000000000000, Narrow klass shift: 3, Narrow klass range: 0x140000000

GC Precious Log:
 CPUs: 16 total, 16 available
 Memory: 7914M
 Large Page Support: Disabled
 NUMA Support: Disabled
 Compressed Oops: Enabled (32-bit)
 Alignments: Space 512K, Generation 512K, Heap 2M
 Heap Min Capacity: 100M
 Heap Initial Capacity: 100M
 Heap Max Capacity: 1G
 Pre-touch: Disabled
 Parallel Workers: 13

Heap:
 PSYoungGen      total 27136K, used 12432K [0x00000000eab00000, 0x00000000eca00000, 0x0000000100000000)
  eden space 23552K, 37% used [0x00000000eab00000,0x00000000eb3aa3d8,0x00000000ec200000)
  from space 3584K, 99% used [0x00000000ec300000,0x00000000ec679eb0,0x00000000ec680000)
  to   space 3584K, 0% used [0x00000000ec680000,0x00000000ec680000,0x00000000eca00000)
 ParOldGen       total 68608K, used 12464K [0x00000000c0000000, 0x00000000c4300000, 0x00000000eab00000)
  object space 68608K, 18% used [0x00000000c0000000,0x00000000c0c2c378,0x00000000c4300000)
 Metaspace       used 33441K, committed 34048K, reserved 1114112K
  class space    used 3250K, committed 3520K, reserved 1048576K

Card table byte_map: [0x0000023bd9470000,0x0000023bd9680000] _byte_map_base: 0x0000023bd8e70000

Marking Bits: (ParMarkBitMap*) 0x00007ffe389a6940
 Begin Bits: [0x0000023bd97e0000, 0x0000023bda7e0000)
 End Bits:   [0x0000023bda7e0000, 0x0000023bdb7e0000)

Polling page: 0x0000023bc5e80000

Metaspace:

Usage:
  Non-class:     29.48 MB used.
      Class:      3.17 MB used.
       Both:     32.66 MB used.

Virtual space:
  Non-class space:       64.00 MB reserved,      29.81 MB ( 47%) committed,  1 nodes.
      Class space:        1.00 GB reserved,       3.44 MB ( <1%) committed,  1 nodes.
             Both:        1.06 GB reserved,      33.25 MB (  3%) committed. 

Chunk freelists:
   Non-Class:  2.06 MB
       Class:  12.53 MB
        Both:  14.60 MB

MaxMetaspaceSize: unlimited
CompressedClassSpaceSize: 1.00 GB
Initial GC threshold: 21.00 MB
Current GC threshold: 35.00 MB
CDS: off
MetaspaceReclaimPolicy: balanced
 - commit_granule_bytes: 65536.
 - commit_granule_words: 8192.
 - virtual_space_node_default_size: 8388608.
 - enlarge_chunks_in_place: 1.
 - new_chunks_are_fully_committed: 0.
 - uncommit_free_chunks: 1.
 - use_allocation_guard: 0.
 - handle_deallocations: 1.


Internal statistics:

num_allocs_failed_limit: 3.
num_arena_births: 356.
num_arena_deaths: 0.
num_vsnodes_births: 2.
num_vsnodes_deaths: 0.
num_space_committed: 532.
num_space_uncommitted: 0.
num_chunks_returned_to_freelist: 3.
num_chunks_taken_from_freelist: 1316.
num_chunk_merges: 3.
num_chunk_splits: 886.
num_chunks_enlarged: 640.
num_inconsistent_stats: 0.

CodeHeap 'non-profiled nmethods': size=119168Kb used=1587Kb max_used=1587Kb free=117580Kb
 bounds [0x0000023bd1e30000, 0x0000023bd20a0000, 0x0000023bd9290000]
CodeHeap 'profiled nmethods': size=119104Kb used=8557Kb max_used=8557Kb free=110546Kb
 bounds [0x0000023bca290000, 0x0000023bcaaf0000, 0x0000023bd16e0000]
CodeHeap 'non-nmethods': size=7488Kb used=2958Kb max_used=2961Kb free=4529Kb
 bounds [0x0000023bd16e0000, 0x0000023bd19d0000, 0x0000023bd1e30000]
 total_blobs=4586 nmethods=4009 adapters=488
 compilation: enabled
              stopped_count=0, restarted_count=0
 full_count=0

Compilation events (20 events):
Event: 2.775 Thread 0x0000023be0dfa5b0 nmethod 3981 0x0000023bcaac7390 code [0x0000023bcaac75a0, 0x0000023bcaac79b8]
Event: 2.775 Thread 0x0000023be0dfa5b0 3984       3       org.lombokweb.asm.MethodVisitor::visitMethodInsn (80 bytes)
Event: 2.775 Thread 0x0000023be0f50b40 nmethod 3980 0x0000023bcaac7b90 code [0x0000023bcaac7dc0, 0x0000023bcaac86b8]
Event: 2.775 Thread 0x0000023be0dfa5b0 nmethod 3984 0x0000023bcaac8910 code [0x0000023bcaac8ae0, 0x0000023bcaac8f68]
Event: 2.775 Thread 0x0000023be0f50b40 3985       3       org.lombokweb.asm.Label::addForwardReference (102 bytes)
Event: 2.775 Thread 0x0000023be0dfa5b0 3983       3       org.lombokweb.asm.MethodWriter::visitJumpInsn (495 bytes)
Event: 2.775 Thread 0x0000023be0f50620 nmethod 3982 0x0000023bcaac9090 code [0x0000023bcaac9280, 0x0000023bcaac9858]
Event: 2.776 Thread 0x0000023be0f50b40 nmethod 3985 0x0000023bcaac9b90 code [0x0000023bcaac9d40, 0x0000023bcaaca1a8]
Event: 2.776 Thread 0x0000023be1099720 nmethod 3977% 0x0000023bcaaca390 code [0x0000023bcaaca940, 0x0000023bcaacd448]
Event: 2.776 Thread 0x0000023be0dfa5b0 nmethod 3983 0x0000023bcaace610 code [0x0000023bcaace940, 0x0000023bcaacf948]
Event: 2.789 Thread 0x0000023be0dfa5b0 3986       3       org.lombokweb.asm.ClassReader::<init> (371 bytes)
Event: 2.789 Thread 0x0000023be0f50620 3987       3       org.lombokweb.asm.SymbolTable::<init> (536 bytes)
Event: 2.790 Thread 0x0000023be0dfa5b0 nmethod 3986 0x0000023bcaacff90 code [0x0000023bcaad0260, 0x0000023bcaad1398]
Event: 2.792 Thread 0x0000023be0f50620 nmethod 3987 0x0000023bcaad1910 code [0x0000023bcaad1ea0, 0x0000023bcaad4708]
Event: 2.792 Thread 0x0000023be0f50b40 3988       3       org.lombokweb.asm.MethodVisitor::visitJumpInsn (17 bytes)
Event: 2.792 Thread 0x0000023be0f50b40 nmethod 3988 0x0000023bcaad5810 code [0x0000023bcaad59c0, 0x0000023bcaad5bc8]
Event: 2.797 Thread 0x0000023be0f50620 3994       3       java.lang.String::subSequence (7 bytes)
Event: 2.797 Thread 0x0000023be0f50620 nmethod 3994 0x0000023bcaad5c90 code [0x0000023bcaad5e20, 0x0000023bcaad5f68]
Event: 2.816 Thread 0x0000023be0f50b40 3995       3       java.util.jar.JarFile::match (132 bytes)
Event: 2.817 Thread 0x0000023be0f50b40 nmethod 3995 0x0000023bcaad6010 code [0x0000023bcaad6200, 0x0000023bcaad6758]

GC Heap History (18 events):
Event: 0.521 GC heap before
{Heap before GC invocations=1 (full 0):
 PSYoungGen      total 29696K, used 25600K [0x00000000eab00000, 0x00000000ecc00000, 0x0000000100000000)
  eden space 25600K, 100% used [0x00000000eab00000,0x00000000ec400000,0x00000000ec400000)
  from space 4096K, 0% used [0x00000000ec800000,0x00000000ec800000,0x00000000ecc00000)
  to   space 4096K, 0% used [0x00000000ec400000,0x00000000ec400000,0x00000000ec800000)
 ParOldGen       total 68608K, used 0K [0x00000000c0000000, 0x00000000c4300000, 0x00000000eab00000)
  object space 68608K, 0% used [0x00000000c0000000,0x00000000c0000000,0x00000000c4300000)
 Metaspace       used 10594K, committed 10752K, reserved 1114112K
  class space    used 1056K, committed 1152K, reserved 1048576K
}
Event: 0.526 GC heap after
{Heap after GC invocations=1 (full 0):
 PSYoungGen      total 29696K, used 3108K [0x00000000eab00000, 0x00000000ecc00000, 0x0000000100000000)
  eden space 25600K, 0% used [0x00000000eab00000,0x00000000eab00000,0x00000000ec400000)
  from space 4096K, 75% used [0x00000000ec400000,0x00000000ec709340,0x00000000ec800000)
  to   space 4096K, 0% used [0x00000000ec800000,0x00000000ec800000,0x00000000ecc00000)
 ParOldGen       total 68608K, used 16K [0x00000000c0000000, 0x00000000c4300000, 0x00000000eab00000)
  object space 68608K, 0% used [0x00000000c0000000,0x00000000c0004000,0x00000000c4300000)
 Metaspace       used 10594K, committed 10752K, reserved 1114112K
  class space    used 1056K, committed 1152K, reserved 1048576K
}
Event: 1.019 GC heap before
{Heap before GC invocations=2 (full 0):
 PSYoungGen      total 29696K, used 28686K [0x00000000eab00000, 0x00000000ecc00000, 0x0000000100000000)
  eden space 25600K, 99% used [0x00000000eab00000,0x00000000ec3fa680,0x00000000ec400000)
  from space 4096K, 75% used [0x00000000ec400000,0x00000000ec709340,0x00000000ec800000)
  to   space 4096K, 0% used [0x00000000ec800000,0x00000000ec800000,0x00000000ecc00000)
 ParOldGen       total 68608K, used 16K [0x00000000c0000000, 0x00000000c4300000, 0x00000000eab00000)
  object space 68608K, 0% used [0x00000000c0000000,0x00000000c0004000,0x00000000c4300000)
 Metaspace       used 14175K, committed 14400K, reserved 1114112K
  class space    used 1404K, committed 1472K, reserved 1048576K
}
Event: 1.024 GC heap after
{Heap after GC invocations=2 (full 0):
 PSYoungGen      total 29696K, used 4066K [0x00000000eab00000, 0x00000000ecc00000, 0x0000000100000000)
  eden space 25600K, 0% used [0x00000000eab00000,0x00000000eab00000,0x00000000ec400000)
  from space 4096K, 99% used [0x00000000ec800000,0x00000000ecbf8ab0,0x00000000ecc00000)
  to   space 4096K, 0% used [0x00000000ec400000,0x00000000ec400000,0x00000000ec800000)
 ParOldGen       total 68608K, used 1609K [0x00000000c0000000, 0x00000000c4300000, 0x00000000eab00000)
  object space 68608K, 2% used [0x00000000c0000000,0x00000000c0192550,0x00000000c4300000)
 Metaspace       used 14175K, committed 14400K, reserved 1114112K
  class space    used 1404K, committed 1472K, reserved 1048576K
}
Event: 1.411 GC heap before
{Heap before GC invocations=3 (full 0):
 PSYoungGen      total 29696K, used 29666K [0x00000000eab00000, 0x00000000ecc00000, 0x0000000100000000)
  eden space 25600K, 100% used [0x00000000eab00000,0x00000000ec400000,0x00000000ec400000)
  from space 4096K, 99% used [0x00000000ec800000,0x00000000ecbf8ab0,0x00000000ecc00000)
  to   space 4096K, 0% used [0x00000000ec400000,0x00000000ec400000,0x00000000ec800000)
 ParOldGen       total 68608K, used 1609K [0x00000000c0000000, 0x00000000c4300000, 0x00000000eab00000)
  object space 68608K, 2% used [0x00000000c0000000,0x00000000c0192550,0x00000000c4300000)
 Metaspace       used 16178K, committed 16448K, reserved 1114112K
  class space    used 1615K, committed 1728K, reserved 1048576K
}
Event: 1.417 GC heap after
{Heap after GC invocations=3 (full 0):
 PSYoungGen      total 29696K, used 4093K [0x00000000eab00000, 0x00000000ecc00000, 0x0000000100000000)
  eden space 25600K, 0% used [0x00000000eab00000,0x00000000eab00000,0x00000000ec400000)
  from space 4096K, 99% used [0x00000000ec400000,0x00000000ec7ff648,0x00000000ec800000)
  to   space 4096K, 0% used [0x00000000ec800000,0x00000000ec800000,0x00000000ecc00000)
 ParOldGen       total 68608K, used 5591K [0x00000000c0000000, 0x00000000c4300000, 0x00000000eab00000)
  object space 68608K, 8% used [0x00000000c0000000,0x00000000c0575e78,0x00000000c4300000)
 Metaspace       used 16178K, committed 16448K, reserved 1114112K
  class space    used 1615K, committed 1728K, reserved 1048576K
}
Event: 1.700 GC heap before
{Heap before GC invocations=4 (full 0):
 PSYoungGen      total 29696K, used 29693K [0x00000000eab00000, 0x00000000ecc00000, 0x0000000100000000)
  eden space 25600K, 100% used [0x00000000eab00000,0x00000000ec400000,0x00000000ec400000)
  from space 4096K, 99% used [0x00000000ec400000,0x00000000ec7ff648,0x00000000ec800000)
  to   space 4096K, 0% used [0x00000000ec800000,0x00000000ec800000,0x00000000ecc00000)
 ParOldGen       total 68608K, used 5591K [0x00000000c0000000, 0x00000000c4300000, 0x00000000eab00000)
  object space 68608K, 8% used [0x00000000c0000000,0x00000000c0575e78,0x00000000c4300000)
 Metaspace       used 19461K, committed 19840K, reserved 1114112K
  class space    used 1946K, committed 2112K, reserved 1048576K
}
Event: 1.706 GC heap after
{Heap after GC invocations=4 (full 0):
 PSYoungGen      total 29696K, used 4090K [0x00000000eab00000, 0x00000000ecc00000, 0x0000000100000000)
  eden space 25600K, 0% used [0x00000000eab00000,0x00000000eab00000,0x00000000ec400000)
  from space 4096K, 99% used [0x00000000ec800000,0x00000000ecbfebe0,0x00000000ecc00000)
  to   space 4096K, 0% used [0x00000000ec400000,0x00000000ec400000,0x00000000ec800000)
 ParOldGen       total 68608K, used 6349K [0x00000000c0000000, 0x00000000c4300000, 0x00000000eab00000)
  object space 68608K, 9% used [0x00000000c0000000,0x00000000c0633680,0x00000000c4300000)
 Metaspace       used 19461K, committed 19840K, reserved 1114112K
  class space    used 1946K, committed 2112K, reserved 1048576K
}
Event: 1.843 GC heap before
{Heap before GC invocations=5 (full 0):
 PSYoungGen      total 29696K, used 15016K [0x00000000eab00000, 0x00000000ecc00000, 0x0000000100000000)
  eden space 25600K, 42% used [0x00000000eab00000,0x00000000eb5ab7a0,0x00000000ec400000)
  from space 4096K, 99% used [0x00000000ec800000,0x00000000ecbfebe0,0x00000000ecc00000)
  to   space 4096K, 0% used [0x00000000ec400000,0x00000000ec400000,0x00000000ec800000)
 ParOldGen       total 68608K, used 6349K [0x00000000c0000000, 0x00000000c4300000, 0x00000000eab00000)
  object space 68608K, 9% used [0x00000000c0000000,0x00000000c0633680,0x00000000c4300000)
 Metaspace       used 21091K, committed 21504K, reserved 1114112K
  class space    used 2105K, committed 2304K, reserved 1048576K
}
Event: 1.845 GC heap after
{Heap after GC invocations=5 (full 0):
 PSYoungGen      total 29696K, used 4082K [0x00000000eab00000, 0x00000000ece00000, 0x0000000100000000)
  eden space 25600K, 0% used [0x00000000eab00000,0x00000000eab00000,0x00000000ec400000)
  from space 4096K, 99% used [0x00000000ec400000,0x00000000ec7fc9b0,0x00000000ec800000)
  to   space 5120K, 0% used [0x00000000ec900000,0x00000000ec900000,0x00000000ece00000)
 ParOldGen       total 68608K, used 6814K [0x00000000c0000000, 0x00000000c4300000, 0x00000000eab00000)
  object space 68608K, 9% used [0x00000000c0000000,0x00000000c06a7aa8,0x00000000c4300000)
 Metaspace       used 21091K, committed 21504K, reserved 1114112K
  class space    used 2105K, committed 2304K, reserved 1048576K
}
Event: 1.845 GC heap before
{Heap before GC invocations=6 (full 1):
 PSYoungGen      total 29696K, used 4082K [0x00000000eab00000, 0x00000000ece00000, 0x0000000100000000)
  eden space 25600K, 0% used [0x00000000eab00000,0x00000000eab00000,0x00000000ec400000)
  from space 4096K, 99% used [0x00000000ec400000,0x00000000ec7fc9b0,0x00000000ec800000)
  to   space 5120K, 0% used [0x00000000ec900000,0x00000000ec900000,0x00000000ece00000)
 ParOldGen       total 68608K, used 6814K [0x00000000c0000000, 0x00000000c4300000, 0x00000000eab00000)
  object space 68608K, 9% used [0x00000000c0000000,0x00000000c06a7aa8,0x00000000c4300000)
 Metaspace       used 21091K, committed 21504K, reserved 1114112K
  class space    used 2105K, committed 2304K, reserved 1048576K
}
Event: 1.864 GC heap after
{Heap after GC invocations=6 (full 1):
 PSYoungGen      total 29696K, used 0K [0x00000000eab00000, 0x00000000ece00000, 0x0000000100000000)
  eden space 25600K, 0% used [0x00000000eab00000,0x00000000eab00000,0x00000000ec400000)
  from space 4096K, 0% used [0x00000000ec400000,0x00000000ec400000,0x00000000ec800000)
  to   space 5120K, 0% used [0x00000000ec900000,0x00000000ec900000,0x00000000ece00000)
 ParOldGen       total 68608K, used 10500K [0x00000000c0000000, 0x00000000c4300000, 0x00000000eab00000)
  object space 68608K, 15% used [0x00000000c0000000,0x00000000c0a41190,0x00000000c4300000)
 Metaspace       used 21091K, committed 21504K, reserved 1114112K
  class space    used 2105K, committed 2304K, reserved 1048576K
}
Event: 2.300 GC heap before
{Heap before GC invocations=7 (full 1):
 PSYoungGen      total 29696K, used 25599K [0x00000000eab00000, 0x00000000ece00000, 0x0000000100000000)
  eden space 25600K, 99% used [0x00000000eab00000,0x00000000ec3ffff0,0x00000000ec400000)
  from space 4096K, 0% used [0x00000000ec400000,0x00000000ec400000,0x00000000ec800000)
  to   space 5120K, 0% used [0x00000000ec900000,0x00000000ec900000,0x00000000ece00000)
 ParOldGen       total 68608K, used 10500K [0x00000000c0000000, 0x00000000c4300000, 0x00000000eab00000)
  object space 68608K, 15% used [0x00000000c0000000,0x00000000c0a41190,0x00000000c4300000)
 Metaspace       used 24921K, committed 25472K, reserved 1114112K
  class space    used 2515K, committed 2752K, reserved 1048576K
}
Event: 2.302 GC heap after
{Heap after GC invocations=7 (full 1):
 PSYoungGen      total 26624K, used 1315K [0x00000000eab00000, 0x00000000eca80000, 0x0000000100000000)
  eden space 25088K, 0% used [0x00000000eab00000,0x00000000eab00000,0x00000000ec380000)
  from space 1536K, 85% used [0x00000000ec900000,0x00000000eca48e70,0x00000000eca80000)
  to   space 2560K, 0% used [0x00000000ec580000,0x00000000ec580000,0x00000000ec800000)
 ParOldGen       total 68608K, used 10508K [0x00000000c0000000, 0x00000000c4300000, 0x00000000eab00000)
  object space 68608K, 15% used [0x00000000c0000000,0x00000000c0a43190,0x00000000c4300000)
 Metaspace       used 24921K, committed 25472K, reserved 1114112K
  class space    used 2515K, committed 2752K, reserved 1048576K
}
Event: 2.542 GC heap before
{Heap before GC invocations=8 (full 1):
 PSYoungGen      total 26624K, used 26403K [0x00000000eab00000, 0x00000000eca80000, 0x0000000100000000)
  eden space 25088K, 100% used [0x00000000eab00000,0x00000000ec380000,0x00000000ec380000)
  from space 1536K, 85% used [0x00000000ec900000,0x00000000eca48e70,0x00000000eca80000)
  to   space 2560K, 0% used [0x00000000ec580000,0x00000000ec580000,0x00000000ec800000)
 ParOldGen       total 68608K, used 10508K [0x00000000c0000000, 0x00000000c4300000, 0x00000000eab00000)
  object space 68608K, 15% used [0x00000000c0000000,0x00000000c0a43190,0x00000000c4300000)
 Metaspace       used 27617K, committed 28224K, reserved 1114112K
  class space    used 2826K, committed 3072K, reserved 1048576K
}
Event: 2.544 GC heap after
{Heap after GC invocations=8 (full 1):
 PSYoungGen      total 27136K, used 2550K [0x00000000eab00000, 0x00000000eca00000, 0x0000000100000000)
  eden space 24576K, 0% used [0x00000000eab00000,0x00000000eab00000,0x00000000ec300000)
  from space 2560K, 99% used [0x00000000ec580000,0x00000000ec7fd8c0,0x00000000ec800000)
  to   space 2048K, 0% used [0x00000000ec800000,0x00000000ec800000,0x00000000eca00000)
 ParOldGen       total 68608K, used 10847K [0x00000000c0000000, 0x00000000c4300000, 0x00000000eab00000)
  object space 68608K, 15% used [0x00000000c0000000,0x00000000c0a97d40,0x00000000c4300000)
 Metaspace       used 27617K, committed 28224K, reserved 1114112K
  class space    used 2826K, committed 3072K, reserved 1048576K
}
Event: 2.689 GC heap before
{Heap before GC invocations=9 (full 1):
 PSYoungGen      total 27136K, used 27126K [0x00000000eab00000, 0x00000000eca00000, 0x0000000100000000)
  eden space 24576K, 100% used [0x00000000eab00000,0x00000000ec300000,0x00000000ec300000)
  from space 2560K, 99% used [0x00000000ec580000,0x00000000ec7fd8c0,0x00000000ec800000)
  to   space 2048K, 0% used [0x00000000ec800000,0x00000000ec800000,0x00000000eca00000)
 ParOldGen       total 68608K, used 10847K [0x00000000c0000000, 0x00000000c4300000, 0x00000000eab00000)
  object space 68608K, 15% used [0x00000000c0000000,0x00000000c0a97d40,0x00000000c4300000)
 Metaspace       used 30178K, committed 30784K, reserved 1114112K
  class space    used 2999K, committed 3264K, reserved 1048576K
}
Event: 2.690 GC heap after
{Heap after GC invocations=9 (full 1):
 PSYoungGen      total 26112K, used 2019K [0x00000000eab00000, 0x00000000eca00000, 0x0000000100000000)
  eden space 24064K, 0% used [0x00000000eab00000,0x00000000eab00000,0x00000000ec280000)
  from space 2048K, 98% used [0x00000000ec800000,0x00000000ec9f8ff8,0x00000000eca00000)
  to   space 3584K, 0% used [0x00000000ec300000,0x00000000ec300000,0x00000000ec680000)
 ParOldGen       total 68608K, used 11936K [0x00000000c0000000, 0x00000000c4300000, 0x00000000eab00000)
  object space 68608K, 17% used [0x00000000c0000000,0x00000000c0ba8368,0x00000000c4300000)
 Metaspace       used 30178K, committed 30784K, reserved 1114112K
  class space    used 2999K, committed 3264K, reserved 1048576K
}

Dll operation events (10 events):
Event: 0.008 Loaded shared library c:\Users\asus\.vscode\extensions\redhat.java-1.37.2024112308-win32-x64\jre\17.0.13-win32-x86_64\bin\java.dll
Event: 0.113 Loaded shared library c:\Users\asus\.vscode\extensions\redhat.java-1.37.2024112308-win32-x64\jre\17.0.13-win32-x86_64\bin\zip.dll
Event: 0.115 Loaded shared library C:\Users\asus\.vscode\extensions\redhat.java-1.37.2024112308-win32-x64\jre\17.0.13-win32-x86_64\bin\instrument.dll
Event: 0.123 Loaded shared library C:\Users\asus\.vscode\extensions\redhat.java-1.37.2024112308-win32-x64\jre\17.0.13-win32-x86_64\bin\net.dll
Event: 0.125 Loaded shared library C:\Users\asus\.vscode\extensions\redhat.java-1.37.2024112308-win32-x64\jre\17.0.13-win32-x86_64\bin\nio.dll
Event: 0.130 Loaded shared library C:\Users\asus\.vscode\extensions\redhat.java-1.37.2024112308-win32-x64\jre\17.0.13-win32-x86_64\bin\zip.dll
Event: 0.143 Loaded shared library C:\Users\asus\.vscode\extensions\redhat.java-1.37.2024112308-win32-x64\jre\17.0.13-win32-x86_64\bin\jimage.dll
Event: 0.190 Loaded shared library c:\Users\asus\.vscode\extensions\redhat.java-1.37.2024112308-win32-x64\jre\17.0.13-win32-x86_64\bin\verify.dll
Event: 1.006 Loaded shared library C:\Users\asus\AppData\Roaming\Code\User\globalStorage\redhat.java\1.37.2024112308\config_win\org.eclipse.equinox.launcher\org.eclipse.equinox.launcher.win32.win32.x86_64_1.2.1100.v20240722-2106\eclipse_11904.dll
Event: 2.132 Loaded shared library C:\Users\asus\AppData\Local\Temp\jna-3003984\jna5306904492747736993.dll

Deoptimization events (20 events):
Event: 2.447 Thread 0x0000023be3870870 Uncommon trap: trap_request=0xffffff45 fr.pc=0x0000023bd1e76edc relative=0x000000000000005c
Event: 2.447 Thread 0x0000023be3870870 Uncommon trap: reason=unstable_if action=reinterpret pc=0x0000023bd1e76edc method=java.lang.AbstractStringBuilder.isLatin1()Z @ 10 c2
Event: 2.447 Thread 0x0000023be3870870 DEOPT PACKING pc=0x0000023bd1e76edc sp=0x00000076437f2d30
Event: 2.447 Thread 0x0000023be3870870 DEOPT UNPACKING pc=0x0000023bd1739ea3 sp=0x00000076437f2cc0 mode 2
Event: 2.451 Thread 0x0000023be3870870 Uncommon trap: trap_request=0xffffff45 fr.pc=0x0000023bd1e5f8c8 relative=0x0000000000000048
Event: 2.451 Thread 0x0000023be3870870 Uncommon trap: reason=unstable_if action=reinterpret pc=0x0000023bd1e5f8c8 method=java.lang.CharacterData.of(I)Ljava/lang/CharacterData; @ 4 c2
Event: 2.451 Thread 0x0000023be3870870 DEOPT PACKING pc=0x0000023bd1e5f8c8 sp=0x00000076437f2530
Event: 2.451 Thread 0x0000023be3870870 DEOPT UNPACKING pc=0x0000023bd1739ea3 sp=0x00000076437f24c8 mode 2
Event: 2.454 Thread 0x0000023be3870870 Uncommon trap: trap_request=0xffffff45 fr.pc=0x0000023bd1e55838 relative=0x0000000000000038
Event: 2.454 Thread 0x0000023be3870870 Uncommon trap: reason=unstable_if action=reinterpret pc=0x0000023bd1e55838 method=java.lang.StringLatin1.canEncode(I)Z @ 4 c2
Event: 2.454 Thread 0x0000023be3870870 DEOPT PACKING pc=0x0000023bd1e55838 sp=0x00000076437f2cd0
Event: 2.454 Thread 0x0000023be3870870 DEOPT UNPACKING pc=0x0000023bd1739ea3 sp=0x00000076437f2c60 mode 2
Event: 2.774 Thread 0x0000023be3870870 Uncommon trap: trap_request=0xffffff45 fr.pc=0x0000023bd1fbb354 relative=0x0000000000000334
Event: 2.774 Thread 0x0000023be3870870 Uncommon trap: reason=unstable_if action=reinterpret pc=0x0000023bd1fbb354 method=org.lombokweb.asm.Label.resolve([BLorg/lombokweb/asm/ByteVector;I)Z @ 81 c2
Event: 2.774 Thread 0x0000023be3870870 DEOPT PACKING pc=0x0000023bd1fbb354 sp=0x00000076437f2c60
Event: 2.774 Thread 0x0000023be3870870 DEOPT UNPACKING pc=0x0000023bd1739ea3 sp=0x00000076437f2b68 mode 2
Event: 2.775 Thread 0x0000023be3870870 Uncommon trap: trap_request=0xffffff45 fr.pc=0x0000023bd1fbbaa4 relative=0x0000000000000204
Event: 2.775 Thread 0x0000023be3870870 Uncommon trap: reason=unstable_if action=reinterpret pc=0x0000023bd1fbbaa4 method=org.lombokweb.asm.Label.resolve([BLorg/lombokweb/asm/ByteVector;I)Z @ 81 c2
Event: 2.775 Thread 0x0000023be3870870 DEOPT PACKING pc=0x0000023bd1fbbaa4 sp=0x00000076437f2bc0
Event: 2.775 Thread 0x0000023be3870870 DEOPT UNPACKING pc=0x0000023bd1739ea3 sp=0x00000076437f2b50 mode 2

Classes loaded (20 events):
Event: 2.591 Loading class java/io/StringReader
Event: 2.591 Loading class java/io/StringReader done
Event: 2.593 Loading class java/util/zip/GZIPInputStream
Event: 2.593 Loading class java/util/zip/GZIPInputStream done
Event: 2.595 Loading class java/net/SocketTimeoutException
Event: 2.595 Loading class java/io/InterruptedIOException
Event: 2.595 Loading class java/io/InterruptedIOException done
Event: 2.595 Loading class java/net/SocketTimeoutException done
Event: 2.595 Loading class java/net/SocketException
Event: 2.595 Loading class java/net/SocketException done
Event: 2.595 Loading class java/net/UnknownHostException
Event: 2.595 Loading class java/net/UnknownHostException done
Event: 2.595 Loading class java/net/ProtocolException
Event: 2.595 Loading class java/net/ProtocolException done
Event: 2.609 Loading class java/lang/ThreadLocal$SuppliedThreadLocal
Event: 2.609 Loading class java/lang/ThreadLocal$SuppliedThreadLocal done
Event: 2.616 Loading class java/io/FileWriter
Event: 2.616 Loading class java/io/FileWriter done
Event: 2.616 Loading class java/lang/NegativeArraySizeException
Event: 2.616 Loading class java/lang/NegativeArraySizeException done

Classes unloaded (0 events):
No events

Classes redefined (0 events):
No events

Internal exceptions (20 events):
Event: 2.077 Thread 0x0000023be3870870 Exception <a 'java/lang/NoSuchMethodError'{0x00000000eb866928}: 'java.lang.Object java.lang.invoke.DirectMethodHandle$Holder.invokeStaticInit(java.lang.Object, java.lang.Object, int, int, int, int)'> (0x00000000eb866928) 
thrown [s\src\hotspot\share\interpreter\linkResolver.cpp, line 759]
Event: 2.183 Thread 0x0000023be3870870 Exception <a 'java/lang/NoSuchMethodError'{0x00000000ebb95248}: 'java.lang.Object java.lang.invoke.DirectMethodHandle$Holder.invokeSpecial(java.lang.Object, java.lang.Object, java.lang.Object, long, java.lang.Object)'> (0x00000000ebb95248) 
thrown [s\src\hotspot\share\interpreter\linkResolver.cpp, line 759]
Event: 2.184 Thread 0x0000023be3870870 Exception <a 'java/lang/NoSuchMethodError'{0x00000000ebb9d400}: 'java.lang.Object java.lang.invoke.DirectMethodHandle$Holder.newInvokeSpecial(java.lang.Object, java.lang.Object, java.lang.Object, long)'> (0x00000000ebb9d400) 
thrown [s\src\hotspot\share\interpreter\linkResolver.cpp, line 759]
Event: 2.184 Thread 0x0000023be3870870 Exception <a 'java/lang/NoSuchMethodError'{0x00000000ebba19a0}: 'java.lang.Object java.lang.invoke.DirectMethodHandle$Holder.invokeSpecial(java.lang.Object, java.lang.Object, java.lang.Object, java.lang.Object, long)'> (0x00000000ebba19a0) 
thrown [s\src\hotspot\share\interpreter\linkResolver.cpp, line 759]
Event: 2.184 Thread 0x0000023be3870870 Exception <a 'java/lang/NoSuchMethodError'{0x00000000ebba5818}: 'java.lang.Object java.lang.invoke.Invokers$Holder.linkToTargetMethod(java.lang.Object, java.lang.Object, long, java.lang.Object)'> (0x00000000ebba5818) 
thrown [s\src\hotspot\share\interpreter\linkResolver.cpp, line 759]
Event: 2.195 Thread 0x0000023be3870870 Exception <a 'java/lang/NoSuchMethodError'{0x00000000ebc1f850}: 'int java.lang.invoke.DirectMethodHandle$Holder.invokeStaticInit(java.lang.Object, java.lang.Object, java.lang.Object)'> (0x00000000ebc1f850) 
thrown [s\src\hotspot\share\interpreter\linkResolver.cpp, line 759]
Event: 2.204 Thread 0x0000023be3870870 Exception <a 'java/lang/IncompatibleClassChangeError'{0x00000000ebcc0108}: Found class java.lang.Object, but interface was expected> (0x00000000ebcc0108) 
thrown [s\src\hotspot\share\interpreter\linkResolver.cpp, line 826]
Event: 2.212 Thread 0x0000023be3870870 Exception <a 'java/lang/NoSuchMethodError'{0x00000000ebcd7d50}: 'java.lang.Object java.lang.invoke.DirectMethodHandle$Holder.invokeSpecial(java.lang.Object, java.lang.Object, java.lang.Object, int, java.lang.Object, java.lang.Object)'> (0x00000000ebcd7d50) 
thrown [s\src\hotspot\share\interpreter\linkResolver.cpp, line 759]
Event: 2.212 Thread 0x0000023be3870870 Exception <a 'java/lang/NoSuchMethodError'{0x00000000ebce0448}: 'java.lang.Object java.lang.invoke.DirectMethodHandle$Holder.newInvokeSpecial(java.lang.Object, java.lang.Object, java.lang.Object, int, java.lang.Object)'> (0x00000000ebce0448) 
thrown [s\src\hotspot\share\interpreter\linkResolver.cpp, line 759]
Event: 2.213 Thread 0x0000023be3870870 Exception <a 'java/lang/NoSuchMethodError'{0x00000000ebce48a0}: 'java.lang.Object java.lang.invoke.DirectMethodHandle$Holder.invokeSpecial(java.lang.Object, java.lang.Object, java.lang.Object, java.lang.Object, int, java.lang.Object)'> (0x00000000ebce48a0) 
thrown [s\src\hotspot\share\interpreter\linkResolver.cpp, line 759]
Event: 2.214 Thread 0x0000023be0e6d6a0 Exception <a 'java/lang/NoSuchMethodError'{0x00000000ebbd4bc8}: 'java.lang.Object java.lang.invoke.DirectMethodHandle$Holder.invokeSpecial(java.lang.Object, java.lang.Object, int, java.lang.Object, java.lang.Object)'> (0x00000000ebbd4bc8) 
thrown [s\src\hotspot\share\interpreter\linkResolver.cpp, line 759]
Event: 2.358 Thread 0x0000023be3870870 Exception <a 'java/lang/NoSuchMethodError'{0x00000000eb0428a8}: 'java.lang.Object java.lang.invoke.Invokers$Holder.linkToTargetMethod(java.lang.Object, long, java.lang.Object, java.lang.Object)'> (0x00000000eb0428a8) 
thrown [s\src\hotspot\share\interpreter\linkResolver.cpp, line 759]
Event: 2.415 Thread 0x0000023be3870870 Exception <a 'java/io/FileNotFoundException'{0x00000000eb7ee720}> (0x00000000eb7ee720) 
thrown [s\src\hotspot\share\prims\jni.cpp, line 516]
Event: 2.416 Thread 0x0000023be3870870 Exception <a 'java/lang/NoSuchMethodError'{0x00000000eb7f7798}: 'java.lang.Object java.lang.invoke.DirectMethodHandle$Holder.newInvokeSpecial(java.lang.Object, int, java.lang.Object, java.lang.Object)'> (0x00000000eb7f7798) 
thrown [s\src\hotspot\share\interpreter\linkResolver.cpp, line 759]
Event: 2.496 Thread 0x0000023be3870870 Exception <a 'java/lang/NoSuchMethodError'{0x00000000ec03bf00}: 'void java.lang.invoke.DirectMethodHandle$Holder.invokeSpecial(java.lang.Object, java.lang.Object, java.lang.Object, int)'> (0x00000000ec03bf00) 
thrown [s\src\hotspot\share\interpreter\linkResolver.cpp, line 759]
Event: 2.570 Thread 0x0000023be3870870 Exception <a 'java/lang/NoSuchMethodError'{0x00000000eae69438}: 'double java.lang.invoke.DirectMethodHandle$Holder.invokeStatic(java.lang.Object, java.lang.Object)'> (0x00000000eae69438) 
thrown [s\src\hotspot\share\interpreter\linkResolver.cpp, line 759]
Event: 2.571 Thread 0x0000023be3870870 Exception <a 'java/lang/NoSuchMethodError'{0x00000000eae6cd50}: 'double java.lang.invoke.DirectMethodHandle$Holder.invokeStaticInit(java.lang.Object, java.lang.Object)'> (0x00000000eae6cd50) 
thrown [s\src\hotspot\share\interpreter\linkResolver.cpp, line 759]
Event: 2.662 Thread 0x0000023be3870870 Exception <a 'java/io/FileNotFoundException'{0x00000000ebf55fd0}> (0x00000000ebf55fd0) 
thrown [s\src\hotspot\share\prims\jni.cpp, line 516]
Event: 2.662 Thread 0x0000023be3870870 Exception <a 'java/io/FileNotFoundException'{0x00000000ebf56e58}> (0x00000000ebf56e58) 
thrown [s\src\hotspot\share\prims\jni.cpp, line 516]
Event: 2.663 Thread 0x0000023be3870870 Exception <a 'java/io/FileNotFoundException'{0x00000000ebf57e28}> (0x00000000ebf57e28) 
thrown [s\src\hotspot\share\prims\jni.cpp, line 516]

VM Operations (20 events):
Event: 2.139 Executing VM operation: HandshakeAllThreads
Event: 2.139 Executing VM operation: HandshakeAllThreads done
Event: 2.264 Executing VM operation: HandshakeAllThreads
Event: 2.264 Executing VM operation: HandshakeAllThreads done
Event: 2.290 Executing VM operation: HandshakeAllThreads
Event: 2.290 Executing VM operation: HandshakeAllThreads done
Event: 2.294 Executing VM operation: HandshakeAllThreads
Event: 2.294 Executing VM operation: HandshakeAllThreads done
Event: 2.294 Executing VM operation: HandshakeAllThreads
Event: 2.294 Executing VM operation: HandshakeAllThreads done
Event: 2.300 Executing VM operation: ParallelGCFailedAllocation
Event: 2.302 Executing VM operation: ParallelGCFailedAllocation done
Event: 2.313 Executing VM operation: HandshakeAllThreads
Event: 2.313 Executing VM operation: HandshakeAllThreads done
Event: 2.452 Executing VM operation: HandshakeAllThreads
Event: 2.452 Executing VM operation: HandshakeAllThreads done
Event: 2.541 Executing VM operation: ParallelGCFailedAllocation
Event: 2.544 Executing VM operation: ParallelGCFailedAllocation done
Event: 2.689 Executing VM operation: ParallelGCFailedAllocation
Event: 2.690 Executing VM operation: ParallelGCFailedAllocation done

Memory protections (0 events):
No events

Nmethod flushes (0 events):
No events

Events (20 events):
Event: 0.052 Thread 0x0000023bc5dd1c60 Thread added: 0x0000023be0dd9520
Event: 0.052 Thread 0x0000023bc5dd1c60 Thread added: 0x0000023be0dfa5b0
Event: 0.052 Thread 0x0000023bc5dd1c60 Thread added: 0x0000023be0e0aea0
Event: 0.089 Thread 0x0000023bc5dd1c60 Thread added: 0x0000023bc5e338a0
Event: 0.100 Thread 0x0000023be0dfa5b0 Thread added: 0x0000023be0f50620
Event: 0.100 Thread 0x0000023be0dfa5b0 Thread added: 0x0000023be0f50b40
Event: 0.105 Thread 0x0000023be0f50620 Thread added: 0x0000023be0fc4960
Event: 0.150 Thread 0x0000023be0f50620 Thread added: 0x0000023be1099720
Event: 0.253 Thread 0x0000023bc5dd1c60 Thread added: 0x0000023be2f89d50
Event: 0.849 Thread 0x0000023bc5dd1c60 Thread added: 0x0000023be366e150
Event: 0.993 Thread 0x0000023bc5dd1c60 Thread added: 0x0000023be35ec080
Event: 1.034 Thread 0x0000023be35ec080 Thread added: 0x0000023be406a280
Event: 1.036 Thread 0x0000023bc5dd1c60 Thread added: 0x0000023be3870870
Event: 1.314 Thread 0x0000023be3870870 Thread added: 0x0000023be40193f0
Event: 1.495 Thread 0x0000023be3870870 Thread added: 0x0000023be400a5b0
Event: 1.552 Thread 0x0000023be3870870 Thread added: 0x0000023be39494e0
Event: 1.826 Thread 0x0000023be3870870 Thread added: 0x0000023be0e6b840
Event: 2.150 Thread 0x0000023be3870870 Thread added: 0x0000023be0e6bd50
Event: 2.189 Thread 0x0000023be3870870 Thread added: 0x0000023be0e6d6a0
Event: 2.215 Thread 0x0000023be3870870 Thread added: 0x0000023be0e6d190


Dynamic libraries:
0x00007ff7da050000 - 0x00007ff7da05e000 	c:\Users\asus\.vscode\extensions\redhat.java-1.37.2024112308-win32-x64\jre\17.0.13-win32-x86_64\bin\java.exe
0x00007ffef5bb0000 - 0x00007ffef5dc7000 	C:\Windows\SYSTEM32\ntdll.dll
0x00007ffef40d0000 - 0x00007ffef4194000 	C:\Windows\System32\KERNEL32.DLL
0x00007ffef3160000 - 0x00007ffef3519000 	C:\Windows\System32\KERNELBASE.dll
0x00007ffef37b0000 - 0x00007ffef38c1000 	C:\Windows\System32\ucrtbase.dll
0x00007ffec2690000 - 0x00007ffec26a7000 	c:\Users\asus\.vscode\extensions\redhat.java-1.37.2024112308-win32-x64\jre\17.0.13-win32-x86_64\bin\jli.dll
0x00007ffec1540000 - 0x00007ffec155e000 	c:\Users\asus\.vscode\extensions\redhat.java-1.37.2024112308-win32-x64\jre\17.0.13-win32-x86_64\bin\VCRUNTIME140.dll
0x00007ffef4730000 - 0x00007ffef48de000 	C:\Windows\System32\USER32.dll
0x00007ffef2eb0000 - 0x00007ffef2ed6000 	C:\Windows\System32\win32u.dll
0x00007ffef41a0000 - 0x00007ffef41c9000 	C:\Windows\System32\GDI32.dll
0x00007ffedb310000 - 0x00007ffedb5a2000 	C:\Windows\WinSxS\amd64_microsoft.windows.common-controls_6595b64144ccf1df_6.0.22621.4391_none_2715d37f73803e96\COMCTL32.dll
0x00007ffef2ee0000 - 0x00007ffef2ffb000 	C:\Windows\System32\gdi32full.dll
0x00007ffef48e0000 - 0x00007ffef4987000 	C:\Windows\System32\msvcrt.dll
0x00007ffef35a0000 - 0x00007ffef363a000 	C:\Windows\System32\msvcp_win.dll
0x00007ffef5570000 - 0x00007ffef55a1000 	C:\Windows\System32\IMM32.DLL
0x00007ffee2210000 - 0x00007ffee221c000 	c:\Users\asus\.vscode\extensions\redhat.java-1.37.2024112308-win32-x64\jre\17.0.13-win32-x86_64\bin\vcruntime140_1.dll
0x00007ffe3bee0000 - 0x00007ffe3bf6d000 	c:\Users\asus\.vscode\extensions\redhat.java-1.37.2024112308-win32-x64\jre\17.0.13-win32-x86_64\bin\msvcp140.dll
0x00007ffe37e00000 - 0x00007ffe38a6b000 	c:\Users\asus\.vscode\extensions\redhat.java-1.37.2024112308-win32-x64\jre\17.0.13-win32-x86_64\bin\server\jvm.dll
0x00007ffef58f0000 - 0x00007ffef59a2000 	C:\Windows\System32\ADVAPI32.dll
0x00007ffef4020000 - 0x00007ffef40c7000 	C:\Windows\System32\sechost.dll
0x00007ffef3000000 - 0x00007ffef3028000 	C:\Windows\System32\bcrypt.dll
0x00007ffef4af0000 - 0x00007ffef4c04000 	C:\Windows\System32\RPCRT4.dll
0x00007ffef55b0000 - 0x00007ffef5621000 	C:\Windows\System32\WS2_32.dll
0x00007ffef1d40000 - 0x00007ffef1d8d000 	C:\Windows\SYSTEM32\POWRPROF.dll
0x00007ffeeb1b0000 - 0x00007ffeeb1ba000 	C:\Windows\SYSTEM32\VERSION.dll
0x00007ffeeaa20000 - 0x00007ffeeaa54000 	C:\Windows\SYSTEM32\WINMM.dll
0x00007ffef1d20000 - 0x00007ffef1d33000 	C:\Windows\SYSTEM32\UMPDC.dll
0x00007ffef1fe0000 - 0x00007ffef1ff8000 	C:\Windows\SYSTEM32\kernel.appcore.dll
0x00007ffec2de0000 - 0x00007ffec2dea000 	c:\Users\asus\.vscode\extensions\redhat.java-1.37.2024112308-win32-x64\jre\17.0.13-win32-x86_64\bin\jimage.dll
0x00007ffef07c0000 - 0x00007ffef09f2000 	C:\Windows\SYSTEM32\DBGHELP.DLL
0x00007ffef38d0000 - 0x00007ffef3c5f000 	C:\Windows\System32\combase.dll
0x00007ffef41d0000 - 0x00007ffef42a7000 	C:\Windows\System32\OLEAUT32.dll
0x00007ffedb7f0000 - 0x00007ffedb822000 	C:\Windows\SYSTEM32\dbgcore.DLL
0x00007ffef3520000 - 0x00007ffef359b000 	C:\Windows\System32\bcryptPrimitives.dll
0x00007ffec2d50000 - 0x00007ffec2d5e000 	c:\Users\asus\.vscode\extensions\redhat.java-1.37.2024112308-win32-x64\jre\17.0.13-win32-x86_64\bin\instrument.dll
0x00007ffebde70000 - 0x00007ffebde95000 	c:\Users\asus\.vscode\extensions\redhat.java-1.37.2024112308-win32-x64\jre\17.0.13-win32-x86_64\bin\java.dll
0x00007ffec0a30000 - 0x00007ffec0a48000 	c:\Users\asus\.vscode\extensions\redhat.java-1.37.2024112308-win32-x64\jre\17.0.13-win32-x86_64\bin\zip.dll
0x00007ffef4cf0000 - 0x00007ffef5566000 	C:\Windows\System32\SHELL32.dll
0x00007ffef0e00000 - 0x00007ffef1703000 	C:\Windows\SYSTEM32\windows.storage.dll
0x00007ffef0cc0000 - 0x00007ffef0dff000 	C:\Windows\SYSTEM32\wintypes.dll
0x00007ffef57f0000 - 0x00007ffef58e9000 	C:\Windows\System32\SHCORE.dll
0x00007ffef3c60000 - 0x00007ffef3cbe000 	C:\Windows\System32\shlwapi.dll
0x00007ffef2de0000 - 0x00007ffef2e0b000 	C:\Windows\SYSTEM32\profapi.dll
0x00007ffebd4e0000 - 0x00007ffebd4f9000 	C:\Users\asus\.vscode\extensions\redhat.java-1.37.2024112308-win32-x64\jre\17.0.13-win32-x86_64\bin\net.dll
0x00007ffeebe50000 - 0x00007ffeebf86000 	C:\Windows\SYSTEM32\WINHTTP.dll
0x00007ffef2460000 - 0x00007ffef24c9000 	C:\Windows\system32\mswsock.dll
0x00007ffeb2720000 - 0x00007ffeb2736000 	C:\Users\asus\.vscode\extensions\redhat.java-1.37.2024112308-win32-x64\jre\17.0.13-win32-x86_64\bin\nio.dll
0x00007ffec1b50000 - 0x00007ffec1b60000 	c:\Users\asus\.vscode\extensions\redhat.java-1.37.2024112308-win32-x64\jre\17.0.13-win32-x86_64\bin\verify.dll
0x00007ffe8a4b0000 - 0x00007ffe8a4f5000 	C:\Users\asus\AppData\Roaming\Code\User\globalStorage\redhat.java\1.37.2024112308\config_win\org.eclipse.equinox.launcher\org.eclipse.equinox.launcher.win32.win32.x86_64_1.2.1100.v20240722-2106\eclipse_11904.dll
0x00007ffef5640000 - 0x00007ffef57e5000 	C:\Windows\System32\ole32.dll
0x00007ffef26c0000 - 0x00007ffef26db000 	C:\Windows\SYSTEM32\CRYPTSP.dll
0x00007ffef1f40000 - 0x00007ffef1f75000 	C:\Windows\system32\rsaenh.dll
0x00007ffef2550000 - 0x00007ffef2578000 	C:\Windows\SYSTEM32\USERENV.dll
0x00007ffef26b0000 - 0x00007ffef26bc000 	C:\Windows\SYSTEM32\CRYPTBASE.dll
0x00007ffef19e0000 - 0x00007ffef1a0d000 	C:\Windows\SYSTEM32\IPHLPAPI.DLL
0x00007ffef3fc0000 - 0x00007ffef3fc9000 	C:\Windows\System32\NSI.dll
0x00007ffeebd00000 - 0x00007ffeebd19000 	C:\Windows\SYSTEM32\dhcpcsvc6.DLL
0x00007ffeebce0000 - 0x00007ffeebcff000 	C:\Windows\SYSTEM32\dhcpcsvc.DLL
0x00007ffef1a10000 - 0x00007ffef1b12000 	C:\Windows\SYSTEM32\DNSAPI.dll
0x00007ffe83f40000 - 0x00007ffe83f89000 	C:\Users\asus\AppData\Local\Temp\jna-3003984\jna5306904492747736993.dll
0x00007ffef5630000 - 0x00007ffef5638000 	C:\Windows\System32\PSAPI.DLL

dbghelp: loaded successfully - version: 4.0.5 - missing functions: none
symbol engine: initialized successfully - sym options: 0x614 - pdb path: .;c:\Users\asus\.vscode\extensions\redhat.java-1.37.2024112308-win32-x64\jre\17.0.13-win32-x86_64\bin;C:\Windows\SYSTEM32;C:\Windows\WinSxS\amd64_microsoft.windows.common-controls_6595b64144ccf1df_6.0.22621.4391_none_2715d37f73803e96;c:\Users\asus\.vscode\extensions\redhat.java-1.37.2024112308-win32-x64\jre\17.0.13-win32-x86_64\bin\server;C:\Users\asus\AppData\Roaming\Code\User\globalStorage\redhat.java\1.37.2024112308\config_win\org.eclipse.equinox.launcher\org.eclipse.equinox.launcher.win32.win32.x86_64_1.2.1100.v20240722-2106;C:\Users\asus\AppData\Local\Temp\jna-3003984

VM Arguments:
jvm_args: --add-modules=ALL-SYSTEM --add-opens=java.base/java.util=ALL-UNNAMED --add-opens=java.base/java.lang=ALL-UNNAMED --add-opens=java.base/sun.nio.fs=ALL-UNNAMED -Declipse.application=org.eclipse.jdt.ls.core.id1 -Dosgi.bundles.defaultStartLevel=4 -Declipse.product=org.eclipse.jdt.ls.core.product -Djava.import.generatesMetadataFilesAtProjectRoot=false -DDetectVMInstallationsJob.disabled=true -Dfile.encoding=utf8 -XX:+UseParallelGC -XX:GCTimeRatio=4 -XX:AdaptiveSizePolicyWeight=90 -Dsun.zip.disableMemoryMapping=true -Xmx1G -Xms100m -Xlog:disable -javaagent:c:\Users\asus\.vscode\extensions\redhat.java-1.37.2024112308-win32-x64\lombok\lombok-1.18.34.jar -XX:+HeapDumpOnOutOfMemoryError -XX:HeapDumpPath=c:\Users\asus\AppData\Roaming\Code\User\workspaceStorage\460565c18ce4b00c6392990dd7b7b11a\redhat.java -Daether.dependencyCollector.impl=bf 
java_command: c:\Users\asus\.vscode\extensions\redhat.java-1.37.2024112308-win32-x64\server\plugins\org.eclipse.equinox.launcher_1.6.900.v20240613-2009.jar -configuration c:\Users\asus\AppData\Roaming\Code\User\globalStorage\redhat.java\1.37.2024112308\config_win -data c:\Users\asus\AppData\Roaming\Code\User\workspaceStorage\460565c18ce4b00c6392990dd7b7b11a\redhat.java\jdt_ws --pipe=\\.\pipe\lsp-4639cded965bd628b1c6981b6c667a8d-sock
java_class_path (initial): c:\Users\asus\.vscode\extensions\redhat.java-1.37.2024112308-win32-x64\server\plugins\org.eclipse.equinox.launcher_1.6.900.v20240613-2009.jar
Launcher Type: SUN_STANDARD

[Global flags]
    uintx AdaptiveSizePolicyWeight                 = 90                                        {product} {command line}
     intx CICompilerCount                          = 12                                        {product} {ergonomic}
    uintx GCTimeRatio                              = 4                                         {product} {command line}
     bool HeapDumpOnOutOfMemoryError               = true                                   {manageable} {command line}
    ccstr HeapDumpPath                             = c:\Users\asus\AppData\Roaming\Code\User\workspaceStorage\460565c18ce4b00c6392990dd7b7b11a\redhat.java         {manageable} {command line}
   size_t InitialHeapSize                          = 104857600                                 {product} {command line}
   size_t MaxHeapSize                              = 1073741824                                {product} {command line}
   size_t MaxNewSize                               = 357564416                                 {product} {ergonomic}
   size_t MinHeapDeltaBytes                        = 524288                                    {product} {ergonomic}
   size_t MinHeapSize                              = 104857600                                 {product} {command line}
   size_t NewSize                                  = 34603008                                  {product} {ergonomic}
    uintx NonNMethodCodeHeapSize                   = 7602480                                {pd product} {ergonomic}
    uintx NonProfiledCodeHeapSize                  = 122027880                              {pd product} {ergonomic}
   size_t OldSize                                  = 70254592                                  {product} {ergonomic}
    uintx ProfiledCodeHeapSize                     = 122027880                              {pd product} {ergonomic}
    uintx ReservedCodeCacheSize                    = 251658240                              {pd product} {ergonomic}
     bool SegmentedCodeCache                       = true                                      {product} {ergonomic}
   size_t SoftMaxHeapSize                          = 1073741824                             {manageable} {ergonomic}
     bool UseCompressedClassPointers               = true                           {product lp64_product} {ergonomic}
     bool UseCompressedOops                        = true                           {product lp64_product} {ergonomic}
     bool UseLargePagesIndividualAllocation        = false                                  {pd product} {ergonomic}
     bool UseParallelGC                            = true                                      {product} {command line}

Logging:
Log output configuration:
 #0: stdout all=off uptime,level,tags
 #1: stderr all=off uptime,level,tags

Environment Variables:
JAVA_HOME=C:\Program Files\Java\jdk-21
PATH=D:\app\VMware\VMware Workstation\bin\;C:\Program Files\Java\jdk-21\bin;C:\Program Files\Common Files\Oracle\Java\javapath;C:\Windows\system32;C:\Windows;C:\Windows\System32\Wbem;C:\Windows\System32\WindowsPowerShell\v1.0\;C:\Windows\System32\OpenSSH\;C:\Program Files (x86)\NVIDIA Corporation\PhysX\Common;C:\Program Files\NVIDIA Corporation\NVIDIA NvDLISR;C:\Program Files\dotnet\;D:\matlab\app1\bin;D:\matlab\app\bin;C:\Program Files\Java\jdk-21\bin;D:\Git\cmd;C:\Program Files\Microsoft SQL Server\150\Tools\Binn\;D:\app\Putty\;C:\Program Files\Microsoft SQL Server\Client SDK\ODBC\170\Tools\Binn\;C:\Users\asus\AppData\Local\Programs\Python\Python312\Scripts\;C:\Users\asus\AppData\Local\Programs\Python\Python312\;C:\Users\asus\AppData\Local\Programs\Python\Launcher\;C:\Users\asus\AppData\Local\Microsoft\WindowsApps;D:\CSE 201\VSCODE\Microsoft VS Code\bin;C:\intelFPGA_lite\19.1\modelsim_ase\win32aloem;C:\Users\asus\AppData\Local\GitHubDesktop\bin;C:\Users\asus\.dotnet\tools
USERNAME=asus
OS=Windows_NT
PROCESSOR_IDENTIFIER=Intel64 Family 6 Model 141 Stepping 1, GenuineIntel
TMP=C:\Users\asus\AppData\Local\Temp
TEMP=C:\Users\asus\AppData\Local\Temp



Periodic native trim disabled


---------------  S Y S T E M  ---------------

OS:
 Windows 11 , 64 bit Build 22621 (10.0.22621.4391)
OS uptime: 0 days 2:36 hours

CPU: total 16 (initial active 16) (8 cores per cpu, 2 threads per core) family 6 model 141 stepping 1 microcode 0x34, cx8, cmov, fxsr, ht, mmx, 3dnowpref, sse, sse2, sse3, ssse3, sse4.1, sse4.2, popcnt, lzcnt, tsc, tscinvbit, avx, avx2, aes, erms, clmul, bmi1, bmi2, adx, avx512f, avx512dq, avx512cd, avx512bw, avx512vl, sha, fma, vzeroupper, avx512_vpopcntdq, avx512_vpclmulqdq, avx512_vaes, avx512_vnni, clflush, clflushopt, clwb, avx512_vbmi2, avx512_vbmi
Processor Information for all 16 processors :
  Max Mhz: 2304, Current Mhz: 2304, Mhz Limit: 2304

Memory: 4k page, system-wide physical 7914M (341M free)
TotalPageFile size 19727M (AvailPageFile size 2M)
current process WorkingSet (physical memory assigned to process): 156M, peak: 156M
current process commit charge ("private bytes"): 272M, peak: 273M

vm_info: OpenJDK 64-Bit Server VM (17.0.13+11) for windows-amd64 JRE (17.0.13+11), built on Oct 16 2024 00:10:08 by "admin" with MS VC++ 17.7 (VS2022)

END.
