#
# There is insufficient memory for the Java Runtime Environment to continue.
# Native memory allocation (malloc) failed to allocate 352016 bytes. Error detail: Chunk::new
# Possible reasons:
#   The system is out of physical RAM or swap space
#   This process is running with CompressedOops enabled, and the Java Heap may be blocking the growth of the native heap
# Possible solutions:
#   Reduce memory load on the system
#   Increase physical memory or swap space
#   Check if swap backing store is full
#   Decrease Java heap size (-Xmx/-Xms)
#   Decrease number of Java threads
#   Decrease Java thread stack sizes (-Xss)
#   Set larger code cache with -XX:ReservedCodeCacheSize=
#   JVM is running with Unscaled Compressed Oops mode in which the Java heap is
#     placed in the first 4GB address space. The Java Heap base address is the
#     maximum limit for the native heap growth. Please use -XX:HeapBaseMinAddress
#     to set the Java Heap base and to place the Java Heap above 4GB virtual address.
# This output file may be truncated or incomplete.
#
#  Out of Memory Error (arena.cpp:191), pid=28868, tid=29456
#
# JRE version: OpenJDK Runtime Environment Temurin-17.0.13+11 (17.0.13+11) (build 17.0.13+11)
# Java VM: OpenJDK 64-Bit Server VM Temurin-17.0.13+11 (17.0.13+11, mixed mode, tiered, compressed oops, compressed class ptrs, parallel gc, windows-amd64)
# No core dump will be written. Minidumps are not enabled by default on client versions of Windows
#

---------------  S U M M A R Y ------------

Command Line: --add-modules=ALL-SYSTEM --add-opens=java.base/java.util=ALL-UNNAMED --add-opens=java.base/java.lang=ALL-UNNAMED --add-opens=java.base/sun.nio.fs=ALL-UNNAMED -Declipse.application=org.eclipse.jdt.ls.core.id1 -Dosgi.bundles.defaultStartLevel=4 -Declipse.product=org.eclipse.jdt.ls.core.product -Djava.import.generatesMetadataFilesAtProjectRoot=false -DDetectVMInstallationsJob.disabled=true -Dfile.encoding=utf8 -XX:+UseParallelGC -XX:GCTimeRatio=4 -XX:AdaptiveSizePolicyWeight=90 -Dsun.zip.disableMemoryMapping=true -Xmx1G -Xms100m -Xlog:disable -javaagent:c:\Users\asus\.vscode\extensions\redhat.java-1.37.2024112308-win32-x64\lombok\lombok-1.18.34.jar c:\Users\asus\.vscode\extensions\redhat.java-1.37.2024112308-win32-x64\server\plugins\org.eclipse.equinox.launcher_1.6.900.v20240613-2009.jar -configuration c:\Users\asus\AppData\Roaming\Code\User\globalStorage\redhat.java\1.37.2024112308\config_ss_win -data c:\Users\asus\AppData\Roaming\Code\User\workspaceStorage\460565c18ce4b00c6392990dd7b7b11a\redhat.java\ss_ws --pipe=\\.\pipe\lsp-5048ac72c734ff829293a33239729a4e-sock

Host: 11th Gen Intel(R) Core(TM) i7-11800H @ 2.30GHz, 16 cores, 7G,  Windows 11 , 64 bit Build 22621 (10.0.22621.4391)
Time: Tue Nov 26 10:30:07 2024 SE Asia Standard Time elapsed time: 3.019591 seconds (0d 0h 0m 3s)

---------------  T H R E A D  ---------------

Current thread (0x00000111aa851590):  JavaThread "C2 CompilerThread1" daemon [_thread_in_native, id=29456, stack(0x000000074cf00000,0x000000074d000000)]


Current CompileTask:
C2:   3019 3586       4       java.lang.Object::toString (36 bytes)

Stack: [0x000000074cf00000,0x000000074d000000]
Native frames: (J=compiled Java code, j=interpreted, Vv=VM code, C=native code)
V  [jvm.dll+0x682a19]
V  [jvm.dll+0x839538]
V  [jvm.dll+0x83afe3]
V  [jvm.dll+0x83b653]
V  [jvm.dll+0x24704f]
V  [jvm.dll+0xace34]
V  [jvm.dll+0xad4cc]
V  [jvm.dll+0x36597e]
V  [jvm.dll+0x32fbd8]
V  [jvm.dll+0x32f05a]
V  [jvm.dll+0x21804f]
V  [jvm.dll+0x21748f]
V  [jvm.dll+0x1a3070]
V  [jvm.dll+0x22788c]
V  [jvm.dll+0x2259eb]
V  [jvm.dll+0x7eec98]
V  [jvm.dll+0x7e8ffc]
V  [jvm.dll+0x6818f7]
C  [ucrtbase.dll+0x29333]
C  [KERNEL32.DLL+0x1259d]
C  [ntdll.dll+0x5af38]


---------------  P R O C E S S  ---------------

Threads class SMR info:
_java_thread_list=0x00000111abbccb90, length=46, elements={
0x000001118e70f740, 0x00000111a259a020, 0x00000111a259b290, 0x00000111a77797d0,
0x00000111a777c0b0, 0x00000111a7780920, 0x00000111a777f9f0, 0x00000111a77871e0,
0x00000111a778aaf0, 0x00000111a778b400, 0x00000111a7780410, 0x00000111a7902020,
0x00000111a98473c0, 0x00000111a98478e0, 0x00000111a777ff00, 0x00000111a777efd0,
0x00000111a777f4e0, 0x00000111a777e5b0, 0x00000111a777d680, 0x00000111a777db90,
0x00000111a777e0a0, 0x00000111a777eac0, 0x00000111aa643d50, 0x00000111aa640090,
0x00000111aa851590, 0x00000111aa645bb0, 0x00000111aa641ef0, 0x00000111aa644c80,
0x00000111aa6460c0, 0x00000111aa645190, 0x00000111aa642e20, 0x00000111aa643840,
0x00000111aa6405a0, 0x00000111aa6456a0, 0x00000111aa6465d0, 0x00000111aa643330,
0x00000111aa63f160, 0x00000111aa644260, 0x00000111aa6414d0, 0x00000111aa646ae0,
0x00000111aa640ab0, 0x00000111aa63f670, 0x00000111aa642400, 0x00000111aa63fb80,
0x00000111aa640fc0, 0x00000111aa642910
}

Java Threads: ( => current thread )
  0x000001118e70f740 JavaThread "main" [_thread_blocked, id=28888, stack(0x000000074a900000,0x000000074aa00000)]
  0x00000111a259a020 JavaThread "Reference Handler" daemon [_thread_blocked, id=28900, stack(0x000000074ac00000,0x000000074ad00000)]
  0x00000111a259b290 JavaThread "Finalizer" daemon [_thread_blocked, id=28904, stack(0x000000074ad00000,0x000000074ae00000)]
  0x00000111a77797d0 JavaThread "Signal Dispatcher" daemon [_thread_blocked, id=28848, stack(0x000000074ae00000,0x000000074af00000)]
  0x00000111a777c0b0 JavaThread "Attach Listener" daemon [_thread_blocked, id=28840, stack(0x000000074af00000,0x000000074b000000)]
  0x00000111a7780920 JavaThread "Service Thread" daemon [_thread_blocked, id=28824, stack(0x000000074b000000,0x000000074b100000)]
  0x00000111a777f9f0 JavaThread "Monitor Deflation Thread" daemon [_thread_blocked, id=19748, stack(0x000000074b100000,0x000000074b200000)]
  0x00000111a77871e0 JavaThread "C2 CompilerThread0" daemon [_thread_blocked, id=28956, stack(0x000000074b200000,0x000000074b300000)]
  0x00000111a778aaf0 JavaThread "C1 CompilerThread0" daemon [_thread_blocked, id=28952, stack(0x000000074b300000,0x000000074b400000)]
  0x00000111a778b400 JavaThread "Sweeper thread" daemon [_thread_blocked, id=28940, stack(0x000000074b400000,0x000000074b500000)]
  0x00000111a7780410 JavaThread "Common-Cleaner" daemon [_thread_blocked, id=28980, stack(0x000000074b500000,0x000000074b600000)]
  0x00000111a7902020 JavaThread "C1 CompilerThread1" daemon [_thread_blocked, id=28972, stack(0x000000074b600000,0x000000074b700000)]
  0x00000111a98473c0 JavaThread "C1 CompilerThread2" daemon [_thread_blocked, id=21364, stack(0x000000074b800000,0x000000074b900000)]
  0x00000111a98478e0 JavaThread "C1 CompilerThread3" daemon [_thread_blocked, id=12184, stack(0x000000074b900000,0x000000074ba00000)]
  0x00000111a777ff00 JavaThread "Notification Thread" daemon [_thread_blocked, id=28736, stack(0x000000074ba00000,0x000000074bb00000)]
  0x00000111a777efd0 JavaThread "Active Thread: Equinox Container: ac65c716-47cc-4eff-ba17-0952620f7aa0" [_thread_blocked, id=16160, stack(0x000000074c100000,0x000000074c200000)]
  0x00000111a777f4e0 JavaThread "Framework Event Dispatcher: Equinox Container: ac65c716-47cc-4eff-ba17-0952620f7aa0" daemon [_thread_blocked, id=29308, stack(0x000000074c200000,0x000000074c300000)]
  0x00000111a777e5b0 JavaThread "Start Level: Equinox Container: ac65c716-47cc-4eff-ba17-0952620f7aa0" daemon [_thread_blocked, id=29324, stack(0x000000074c300000,0x000000074c400000)]
  0x00000111a777d680 JavaThread "SCR Component Actor" daemon [_thread_blocked, id=29328, stack(0x000000074c400000,0x000000074c500000)]
  0x00000111a777db90 JavaThread "SCR Component Registry" daemon [_thread_blocked, id=29356, stack(0x000000074c700000,0x000000074c800000)]
  0x00000111a777e0a0 JavaThread "Worker-JM" [_thread_blocked, id=29392, stack(0x000000074c800000,0x000000074c900000)]
  0x00000111a777eac0 JavaThread "JNA Cleaner" daemon [_thread_blocked, id=29272, stack(0x000000074b700000,0x000000074b800000)]
  0x00000111aa643d50 JavaThread "Worker-0" [_thread_blocked, id=29432, stack(0x000000074cc00000,0x000000074cd00000)]
  0x00000111aa640090 JavaThread "Worker-1" [_thread_blocked, id=29436, stack(0x000000074cd00000,0x000000074ce00000)]
=>0x00000111aa851590 JavaThread "C2 CompilerThread1" daemon [_thread_in_native, id=29456, stack(0x000000074cf00000,0x000000074d000000)]
  0x00000111aa645bb0 JavaThread "Thread-2" daemon [_thread_in_native, id=29620, stack(0x000000074d100000,0x000000074d200000)]
  0x00000111aa641ef0 JavaThread "Thread-3" daemon [_thread_in_native, id=29616, stack(0x000000074d200000,0x000000074d300000)]
  0x00000111aa644c80 JavaThread "Thread-4" daemon [_thread_in_native, id=29604, stack(0x000000074d300000,0x000000074d400000)]
  0x00000111aa6460c0 JavaThread "Thread-5" daemon [_thread_in_native, id=29644, stack(0x000000074d400000,0x000000074d500000)]
  0x00000111aa645190 JavaThread "Thread-6" daemon [_thread_in_native, id=29640, stack(0x000000074d500000,0x000000074d600000)]
  0x00000111aa642e20 JavaThread "Thread-7" daemon [_thread_in_native, id=29628, stack(0x000000074d600000,0x000000074d700000)]
  0x00000111aa643840 JavaThread "Thread-8" daemon [_thread_in_native, id=28704, stack(0x000000074d700000,0x000000074d800000)]
  0x00000111aa6405a0 JavaThread "Thread-9" daemon [_thread_in_native, id=28700, stack(0x000000074d800000,0x000000074d900000)]
  0x00000111aa6456a0 JavaThread "Thread-10" daemon [_thread_in_native, id=28188, stack(0x000000074d900000,0x000000074da00000)]
  0x00000111aa6465d0 JavaThread "Thread-11" daemon [_thread_in_native, id=29660, stack(0x000000074da00000,0x000000074db00000)]
  0x00000111aa643330 JavaThread "Thread-12" daemon [_thread_in_native, id=29656, stack(0x000000074db00000,0x000000074dc00000)]
  0x00000111aa63f160 JavaThread "Thread-13" daemon [_thread_in_native, id=29652, stack(0x000000074dc00000,0x000000074dd00000)]
  0x00000111aa644260 JavaThread "Thread-14" daemon [_thread_in_native, id=29676, stack(0x000000074dd00000,0x000000074de00000)]
  0x00000111aa6414d0 JavaThread "Thread-15" daemon [_thread_in_native, id=29596, stack(0x000000074de00000,0x000000074df00000)]
  0x00000111aa646ae0 JavaThread "Thread-16" daemon [_thread_in_native, id=29636, stack(0x000000074df00000,0x000000074e000000)]
  0x00000111aa640ab0 JavaThread "Thread-17" daemon [_thread_in_native, id=29648, stack(0x000000074e000000,0x000000074e100000)]
  0x00000111aa63f670 JavaThread "Thread-18" daemon [_thread_in_native, id=29632, stack(0x000000074e100000,0x000000074e200000)]
  0x00000111aa642400 JavaThread "pool-2-thread-1" [_thread_blocked, id=29600, stack(0x000000074e200000,0x000000074e300000)]
  0x00000111aa63fb80 JavaThread "Worker-2" [_thread_blocked, id=29672, stack(0x000000074e300000,0x000000074e400000)]
  0x00000111aa640fc0 JavaThread "WorkspaceEventsHandler" [_thread_blocked, id=29592, stack(0x000000074e400000,0x000000074e500000)]
  0x00000111aa642910 JavaThread "pool-1-thread-1" [_thread_blocked, id=25956, stack(0x000000074e500000,0x000000074e600000)]

Other Threads:
  0x000001118e7b7c30 VMThread "VM Thread" [stack: 0x000000074ab00000,0x000000074ac00000] [id=28896]
  0x00000111a993f9f0 WatcherThread [stack: 0x000000074bb00000,0x000000074bc00000] [id=28740]
  0x000001118e724bd0 GCTaskThread "GC Thread#0" [stack: 0x000000074aa00000,0x000000074ab00000] [id=28892]
  0x00000111a9d63c60 GCTaskThread "GC Thread#1" [stack: 0x000000074bc00000,0x000000074bd00000] [id=28780]
  0x00000111a9d64130 GCTaskThread "GC Thread#2" [stack: 0x000000074bd00000,0x000000074be00000] [id=28784]
  0x00000111a9d643f0 GCTaskThread "GC Thread#3" [stack: 0x000000074be00000,0x000000074bf00000] [id=28788]
  0x00000111a9d646b0 GCTaskThread "GC Thread#4" [stack: 0x000000074bf00000,0x000000074c000000] [id=28792]
  0x00000111a9d64970 GCTaskThread "GC Thread#5" [stack: 0x000000074c000000,0x000000074c100000] [id=28796]
  0x00000111a9dfaa50 GCTaskThread "GC Thread#6" [stack: 0x000000074c500000,0x000000074c600000] [id=29348]
  0x00000111aa3b91c0 GCTaskThread "GC Thread#7" [stack: 0x000000074c600000,0x000000074c700000] [id=29352]
  0x00000111aa4e6120 GCTaskThread "GC Thread#8" [stack: 0x000000074c900000,0x000000074ca00000] [id=29396]
  0x00000111aa49e830 GCTaskThread "GC Thread#9" [stack: 0x000000074ca00000,0x000000074cb00000] [id=29320]
  0x00000111aa78b030 GCTaskThread "GC Thread#10" [stack: 0x000000074cb00000,0x000000074cc00000] [id=29304]
  0x00000111aa800490 GCTaskThread "GC Thread#11" [stack: 0x000000074ce00000,0x000000074cf00000] [id=29460]
  0x00000111aacc3cb0 GCTaskThread "GC Thread#12" [stack: 0x000000074d000000,0x000000074d100000] [id=29452]

Threads with active compile tasks:
C2 CompilerThread1     3041 3586       4       java.lang.Object::toString (36 bytes)

VM state: not at safepoint (normal execution)

VM Mutex/Monitor currently owned by a thread: None

Heap address: 0x00000000c0000000, size: 1024 MB, Compressed Oops mode: 32-bit

CDS archive(s) not mapped
Compressed class space mapped at: 0x0000000100000000-0x0000000140000000, reserved size: 1073741824
Narrow klass base: 0x0000000000000000, Narrow klass shift: 3, Narrow klass range: 0x140000000

GC Precious Log:
 CPUs: 16 total, 16 available
 Memory: 7914M
 Large Page Support: Disabled
 NUMA Support: Disabled
 Compressed Oops: Enabled (32-bit)
 Alignments: Space 512K, Generation 512K, Heap 2M
 Heap Min Capacity: 100M
 Heap Initial Capacity: 100M
 Heap Max Capacity: 1G
 Pre-touch: Disabled
 Parallel Workers: 13

Heap:
 PSYoungGen      total 27136K, used 14668K [0x00000000eab00000, 0x00000000ec980000, 0x0000000100000000)
  eden space 24064K, 60% used [0x00000000eab00000,0x00000000eb953230,0x00000000ec280000)
  from space 3072K, 0% used [0x00000000ec280000,0x00000000ec280000,0x00000000ec580000)
  to   space 3584K, 0% used [0x00000000ec600000,0x00000000ec600000,0x00000000ec980000)
 ParOldGen       total 68608K, used 12219K [0x00000000c0000000, 0x00000000c4300000, 0x00000000eab00000)
  object space 68608K, 17% used [0x00000000c0000000,0x00000000c0beeea8,0x00000000c4300000)
 Metaspace       used 37314K, committed 38016K, reserved 1114112K
  class space    used 3737K, committed 4032K, reserved 1048576K

Card table byte_map: [0x000001118e0a0000,0x000001118e2b0000] _byte_map_base: 0x000001118daa0000

Marking Bits: (ParMarkBitMap*) 0x00007ffe389a6940
 Begin Bits: [0x00000111a03a0000, 0x00000111a13a0000)
 End Bits:   [0x00000111a13a0000, 0x00000111a23a0000)

Polling page: 0x000001118c670000

Metaspace:

Usage:
  Non-class:     32.79 MB used.
      Class:      3.65 MB used.
       Both:     36.44 MB used.

Virtual space:
  Non-class space:       64.00 MB reserved,      33.19 MB ( 52%) committed,  1 nodes.
      Class space:        1.00 GB reserved,       3.94 MB ( <1%) committed,  1 nodes.
             Both:        1.06 GB reserved,      37.12 MB (  3%) committed. 

Chunk freelists:
   Non-Class:  13.89 MB
       Class:  11.94 MB
        Both:  25.83 MB

MaxMetaspaceSize: unlimited
CompressedClassSpaceSize: 1.00 GB
Initial GC threshold: 21.00 MB
Current GC threshold: 58.38 MB
CDS: off
MetaspaceReclaimPolicy: balanced
 - commit_granule_bytes: 65536.
 - commit_granule_words: 8192.
 - virtual_space_node_default_size: 8388608.
 - enlarge_chunks_in_place: 1.
 - new_chunks_are_fully_committed: 0.
 - uncommit_free_chunks: 1.
 - use_allocation_guard: 0.
 - handle_deallocations: 1.


Internal statistics:

num_allocs_failed_limit: 6.
num_arena_births: 372.
num_arena_deaths: 14.
num_vsnodes_births: 2.
num_vsnodes_deaths: 0.
num_space_committed: 594.
num_space_uncommitted: 0.
num_chunks_returned_to_freelist: 20.
num_chunks_taken_from_freelist: 1541.
num_chunk_merges: 11.
num_chunk_splits: 993.
num_chunks_enlarged: 642.
num_inconsistent_stats: 0.

CodeHeap 'non-profiled nmethods': size=119168Kb used=1552Kb max_used=1552Kb free=117615Kb
 bounds [0x0000011198f40000, 0x00000111991b0000, 0x00000111a03a0000]
CodeHeap 'profiled nmethods': size=119104Kb used=7356Kb max_used=7356Kb free=111747Kb
 bounds [0x00000111913a0000, 0x0000011191ad0000, 0x00000111987f0000]
CodeHeap 'non-nmethods': size=7488Kb used=2990Kb max_used=3019Kb free=4497Kb
 bounds [0x00000111987f0000, 0x0000011198af0000, 0x0000011198f40000]
 total_blobs=4248 nmethods=3626 adapters=532
 compilation: enabled
              stopped_count=0, restarted_count=0
 full_count=0

Compilation events (20 events):
Event: 3.001 Thread 0x00000111a778aaf0 nmethod 3592 0x0000011191abe010 code [0x0000011191abe1a0, 0x0000011191abe2d8]
Event: 3.003 Thread 0x00000111a77871e0 nmethod 3589 0x00000111990c1a10 code [0x00000111990c1ba0, 0x00000111990c1ff8]
Event: 3.003 Thread 0x00000111a77871e0 3591       4       java.io.StringWriter::write (11 bytes)
Event: 3.007 Thread 0x00000111a7902020 3593       3       java.nio.MappedByteBuffer::position (8 bytes)
Event: 3.008 Thread 0x00000111a7902020 nmethod 3593 0x0000011191abe390 code [0x0000011191abe540, 0x0000011191abe6e8]
Event: 3.008 Thread 0x00000111a98478e0 3594       3       com.google.gson.stream.JsonWriter::peek (29 bytes)
Event: 3.008 Thread 0x00000111a98478e0 nmethod 3594 0x0000011191abe790 code [0x0000011191abe940, 0x0000011191abeb88]
Event: 3.009 Thread 0x00000111a7902020 3595       3       jdk.internal.loader.BootLoader::getDefinedPackage (39 bytes)
Event: 3.009 Thread 0x00000111a7902020 nmethod 3595 0x0000011191abed10 code [0x0000011191abef00, 0x0000011191abf208]
Event: 3.010 Thread 0x00000111a77871e0 nmethod 3591 0x00000111990c2290 code [0x00000111990c2440, 0x00000111990c2bd8]
Event: 3.011 Thread 0x00000111a98478e0 3596       3       jdk.internal.reflect.UnsafeObjectFieldAccessorImpl::<init> (6 bytes)
Event: 3.011 Thread 0x00000111a98478e0 nmethod 3596 0x0000011191abf390 code [0x0000011191abf520, 0x0000011191abf668]
Event: 3.011 Thread 0x00000111a98473c0 3597       3       java.util.concurrent.CountDownLatch$Sync::tryAcquireShared (13 bytes)
Event: 3.011 Thread 0x00000111a7902020 3598       3       java.lang.StringBuffer::<init> (7 bytes)
Event: 3.012 Thread 0x00000111a98478e0 3599       3       jdk.internal.misc.Unsafe::checkOffset (32 bytes)
Event: 3.012 Thread 0x00000111a98473c0 nmethod 3597 0x0000011191abf710 code [0x0000011191abf8a0, 0x0000011191abfa38]
Event: 3.012 Thread 0x00000111a7902020 nmethod 3598 0x0000011191abfb10 code [0x0000011191abfca0, 0x0000011191abfde8]
Event: 3.012 Thread 0x00000111a98478e0 nmethod 3599 0x0000011191abfe90 code [0x0000011191ac0040, 0x0000011191ac02a8]
Event: 3.015 Thread 0x00000111a98478e0 3600       3       jdk.internal.org.objectweb.asm.MethodVisitor::visitInsn (16 bytes)
Event: 3.015 Thread 0x00000111a98478e0 nmethod 3600 0x0000011191ac0390 code [0x0000011191ac0540, 0x0000011191ac0748]

GC Heap History (20 events):
Event: 0.895 GC heap before
{Heap before GC invocations=2 (full 0):
 PSYoungGen      total 29696K, used 28708K [0x00000000eab00000, 0x00000000ecc00000, 0x0000000100000000)
  eden space 25600K, 100% used [0x00000000eab00000,0x00000000ec400000,0x00000000ec400000)
  from space 4096K, 75% used [0x00000000ec400000,0x00000000ec709340,0x00000000ec800000)
  to   space 4096K, 0% used [0x00000000ec800000,0x00000000ec800000,0x00000000ecc00000)
 ParOldGen       total 68608K, used 16K [0x00000000c0000000, 0x00000000c4300000, 0x00000000eab00000)
  object space 68608K, 0% used [0x00000000c0000000,0x00000000c0004000,0x00000000c4300000)
 Metaspace       used 14326K, committed 14528K, reserved 1114112K
  class space    used 1427K, committed 1536K, reserved 1048576K
}
Event: 0.901 GC heap after
{Heap after GC invocations=2 (full 0):
 PSYoungGen      total 29696K, used 4074K [0x00000000eab00000, 0x00000000ecc00000, 0x0000000100000000)
  eden space 25600K, 0% used [0x00000000eab00000,0x00000000eab00000,0x00000000ec400000)
  from space 4096K, 99% used [0x00000000ec800000,0x00000000ecbfab10,0x00000000ecc00000)
  to   space 4096K, 0% used [0x00000000ec400000,0x00000000ec400000,0x00000000ec800000)
 ParOldGen       total 68608K, used 720K [0x00000000c0000000, 0x00000000c4300000, 0x00000000eab00000)
  object space 68608K, 1% used [0x00000000c0000000,0x00000000c00b40b0,0x00000000c4300000)
 Metaspace       used 14326K, committed 14528K, reserved 1114112K
  class space    used 1427K, committed 1536K, reserved 1048576K
}
Event: 1.272 GC heap before
{Heap before GC invocations=3 (full 0):
 PSYoungGen      total 29696K, used 29661K [0x00000000eab00000, 0x00000000ecc00000, 0x0000000100000000)
  eden space 25600K, 99% used [0x00000000eab00000,0x00000000ec3fcb18,0x00000000ec400000)
  from space 4096K, 99% used [0x00000000ec800000,0x00000000ecbfab10,0x00000000ecc00000)
  to   space 4096K, 0% used [0x00000000ec400000,0x00000000ec400000,0x00000000ec800000)
 ParOldGen       total 68608K, used 720K [0x00000000c0000000, 0x00000000c4300000, 0x00000000eab00000)
  object space 68608K, 1% used [0x00000000c0000000,0x00000000c00b40b0,0x00000000c4300000)
 Metaspace       used 19416K, committed 19776K, reserved 1114112K
  class space    used 1979K, committed 2112K, reserved 1048576K
}
Event: 1.277 GC heap after
{Heap after GC invocations=3 (full 0):
 PSYoungGen      total 29696K, used 4091K [0x00000000eab00000, 0x00000000ecc00000, 0x0000000100000000)
  eden space 25600K, 0% used [0x00000000eab00000,0x00000000eab00000,0x00000000ec400000)
  from space 4096K, 99% used [0x00000000ec400000,0x00000000ec7feee0,0x00000000ec800000)
  to   space 4096K, 0% used [0x00000000ec800000,0x00000000ec800000,0x00000000ecc00000)
 ParOldGen       total 68608K, used 2492K [0x00000000c0000000, 0x00000000c4300000, 0x00000000eab00000)
  object space 68608K, 3% used [0x00000000c0000000,0x00000000c026f2a8,0x00000000c4300000)
 Metaspace       used 19416K, committed 19776K, reserved 1114112K
  class space    used 1979K, committed 2112K, reserved 1048576K
}
Event: 1.471 GC heap before
{Heap before GC invocations=4 (full 0):
 PSYoungGen      total 29696K, used 13602K [0x00000000eab00000, 0x00000000ecc00000, 0x0000000100000000)
  eden space 25600K, 37% used [0x00000000eab00000,0x00000000eb449a90,0x00000000ec400000)
  from space 4096K, 99% used [0x00000000ec400000,0x00000000ec7feee0,0x00000000ec800000)
  to   space 4096K, 0% used [0x00000000ec800000,0x00000000ec800000,0x00000000ecc00000)
 ParOldGen       total 68608K, used 2492K [0x00000000c0000000, 0x00000000c4300000, 0x00000000eab00000)
  object space 68608K, 3% used [0x00000000c0000000,0x00000000c026f2a8,0x00000000c4300000)
 Metaspace       used 21103K, committed 21504K, reserved 1114112K
  class space    used 2147K, committed 2304K, reserved 1048576K
}
Event: 1.474 GC heap after
{Heap after GC invocations=4 (full 0):
 PSYoungGen      total 29696K, used 4086K [0x00000000eab00000, 0x00000000ecc00000, 0x0000000100000000)
  eden space 25600K, 0% used [0x00000000eab00000,0x00000000eab00000,0x00000000ec400000)
  from space 4096K, 99% used [0x00000000ec800000,0x00000000ecbfd8f8,0x00000000ecc00000)
  to   space 4096K, 0% used [0x00000000ec400000,0x00000000ec400000,0x00000000ec800000)
 ParOldGen       total 68608K, used 2962K [0x00000000c0000000, 0x00000000c4300000, 0x00000000eab00000)
  object space 68608K, 4% used [0x00000000c0000000,0x00000000c02e4a68,0x00000000c4300000)
 Metaspace       used 21103K, committed 21504K, reserved 1114112K
  class space    used 2147K, committed 2304K, reserved 1048576K
}
Event: 1.474 GC heap before
{Heap before GC invocations=5 (full 1):
 PSYoungGen      total 29696K, used 4086K [0x00000000eab00000, 0x00000000ecc00000, 0x0000000100000000)
  eden space 25600K, 0% used [0x00000000eab00000,0x00000000eab00000,0x00000000ec400000)
  from space 4096K, 99% used [0x00000000ec800000,0x00000000ecbfd8f8,0x00000000ecc00000)
  to   space 4096K, 0% used [0x00000000ec400000,0x00000000ec400000,0x00000000ec800000)
 ParOldGen       total 68608K, used 2962K [0x00000000c0000000, 0x00000000c4300000, 0x00000000eab00000)
  object space 68608K, 4% used [0x00000000c0000000,0x00000000c02e4a68,0x00000000c4300000)
 Metaspace       used 21103K, committed 21504K, reserved 1114112K
  class space    used 2147K, committed 2304K, reserved 1048576K
}
Event: 1.490 GC heap after
{Heap after GC invocations=5 (full 1):
 PSYoungGen      total 29696K, used 0K [0x00000000eab00000, 0x00000000ecc00000, 0x0000000100000000)
  eden space 25600K, 0% used [0x00000000eab00000,0x00000000eab00000,0x00000000ec400000)
  from space 4096K, 0% used [0x00000000ec800000,0x00000000ec800000,0x00000000ecc00000)
  to   space 4096K, 0% used [0x00000000ec400000,0x00000000ec400000,0x00000000ec800000)
 ParOldGen       total 68608K, used 6906K [0x00000000c0000000, 0x00000000c4300000, 0x00000000eab00000)
  object space 68608K, 10% used [0x00000000c0000000,0x00000000c06be8c8,0x00000000c4300000)
 Metaspace       used 21089K, committed 21504K, reserved 1114112K
  class space    used 2144K, committed 2304K, reserved 1048576K
}
Event: 1.976 GC heap before
{Heap before GC invocations=6 (full 1):
 PSYoungGen      total 29696K, used 25600K [0x00000000eab00000, 0x00000000ecc00000, 0x0000000100000000)
  eden space 25600K, 100% used [0x00000000eab00000,0x00000000ec400000,0x00000000ec400000)
  from space 4096K, 0% used [0x00000000ec800000,0x00000000ec800000,0x00000000ecc00000)
  to   space 4096K, 0% used [0x00000000ec400000,0x00000000ec400000,0x00000000ec800000)
 ParOldGen       total 68608K, used 6906K [0x00000000c0000000, 0x00000000c4300000, 0x00000000eab00000)
  object space 68608K, 10% used [0x00000000c0000000,0x00000000c06be8c8,0x00000000c4300000)
 Metaspace       used 23815K, committed 24320K, reserved 1114112K
  class space    used 2415K, committed 2624K, reserved 1048576K
}
Event: 1.978 GC heap after
{Heap after GC invocations=6 (full 1):
 PSYoungGen      total 27648K, used 2532K [0x00000000eab00000, 0x00000000eca80000, 0x0000000100000000)
  eden space 25088K, 0% used [0x00000000eab00000,0x00000000eab00000,0x00000000ec380000)
  from space 2560K, 98% used [0x00000000ec400000,0x00000000ec679300,0x00000000ec680000)
  to   space 3584K, 0% used [0x00000000ec700000,0x00000000ec700000,0x00000000eca80000)
 ParOldGen       total 68608K, used 6914K [0x00000000c0000000, 0x00000000c4300000, 0x00000000eab00000)
  object space 68608K, 10% used [0x00000000c0000000,0x00000000c06c08c8,0x00000000c4300000)
 Metaspace       used 23815K, committed 24320K, reserved 1114112K
  class space    used 2415K, committed 2624K, reserved 1048576K
}
Event: 2.208 GC heap before
{Heap before GC invocations=7 (full 1):
 PSYoungGen      total 27648K, used 27620K [0x00000000eab00000, 0x00000000eca80000, 0x0000000100000000)
  eden space 25088K, 100% used [0x00000000eab00000,0x00000000ec380000,0x00000000ec380000)
  from space 2560K, 98% used [0x00000000ec400000,0x00000000ec679300,0x00000000ec680000)
  to   space 3584K, 0% used [0x00000000ec700000,0x00000000ec700000,0x00000000eca80000)
 ParOldGen       total 68608K, used 6914K [0x00000000c0000000, 0x00000000c4300000, 0x00000000eab00000)
  object space 68608K, 10% used [0x00000000c0000000,0x00000000c06c08c8,0x00000000c4300000)
 Metaspace       used 28119K, committed 28608K, reserved 1114112K
  class space    used 2721K, committed 2944K, reserved 1048576K
}
Event: 2.209 GC heap after
{Heap after GC invocations=7 (full 1):
 PSYoungGen      total 27648K, used 2748K [0x00000000eab00000, 0x00000000eca00000, 0x0000000100000000)
  eden space 24576K, 0% used [0x00000000eab00000,0x00000000eab00000,0x00000000ec300000)
  from space 3072K, 89% used [0x00000000ec700000,0x00000000ec9af138,0x00000000eca00000)
  to   space 3072K, 0% used [0x00000000ec400000,0x00000000ec400000,0x00000000ec700000)
 ParOldGen       total 68608K, used 6922K [0x00000000c0000000, 0x00000000c4300000, 0x00000000eab00000)
  object space 68608K, 10% used [0x00000000c0000000,0x00000000c06c28c8,0x00000000c4300000)
 Metaspace       used 28119K, committed 28608K, reserved 1114112K
  class space    used 2721K, committed 2944K, reserved 1048576K
}
Event: 2.469 GC heap before
{Heap before GC invocations=8 (full 1):
 PSYoungGen      total 27648K, used 27324K [0x00000000eab00000, 0x00000000eca00000, 0x0000000100000000)
  eden space 24576K, 100% used [0x00000000eab00000,0x00000000ec300000,0x00000000ec300000)
  from space 3072K, 89% used [0x00000000ec700000,0x00000000ec9af138,0x00000000eca00000)
  to   space 3072K, 0% used [0x00000000ec400000,0x00000000ec400000,0x00000000ec700000)
 ParOldGen       total 68608K, used 6922K [0x00000000c0000000, 0x00000000c4300000, 0x00000000eab00000)
  object space 68608K, 10% used [0x00000000c0000000,0x00000000c06c28c8,0x00000000c4300000)
 Metaspace       used 30582K, committed 31104K, reserved 1114112K
  class space    used 2947K, committed 3136K, reserved 1048576K
}
Event: 2.471 GC heap after
{Heap after GC invocations=8 (full 1):
 PSYoungGen      total 27136K, used 3045K [0x00000000eab00000, 0x00000000ecb80000, 0x0000000100000000)
  eden space 24064K, 0% used [0x00000000eab00000,0x00000000eab00000,0x00000000ec280000)
  from space 3072K, 99% used [0x00000000ec400000,0x00000000ec6f9550,0x00000000ec700000)
  to   space 4608K, 0% used [0x00000000ec700000,0x00000000ec700000,0x00000000ecb80000)
 ParOldGen       total 68608K, used 8138K [0x00000000c0000000, 0x00000000c4300000, 0x00000000eab00000)
  object space 68608K, 11% used [0x00000000c0000000,0x00000000c07f2bc8,0x00000000c4300000)
 Metaspace       used 30582K, committed 31104K, reserved 1114112K
  class space    used 2947K, committed 3136K, reserved 1048576K
}
Event: 2.752 GC heap before
{Heap before GC invocations=9 (full 1):
 PSYoungGen      total 27136K, used 27109K [0x00000000eab00000, 0x00000000ecb80000, 0x0000000100000000)
  eden space 24064K, 100% used [0x00000000eab00000,0x00000000ec280000,0x00000000ec280000)
  from space 3072K, 99% used [0x00000000ec400000,0x00000000ec6f9550,0x00000000ec700000)
  to   space 4608K, 0% used [0x00000000ec700000,0x00000000ec700000,0x00000000ecb80000)
 ParOldGen       total 68608K, used 8139K [0x00000000c0000000, 0x00000000c4300000, 0x00000000eab00000)
  object space 68608K, 11% used [0x00000000c0000000,0x00000000c07f2c08,0x00000000c4300000)
 Metaspace       used 34298K, committed 35008K, reserved 1114112K
  class space    used 3388K, committed 3648K, reserved 1048576K
}
Event: 2.755 GC heap after
{Heap after GC invocations=9 (full 1):
 PSYoungGen      total 28672K, used 4492K [0x00000000eab00000, 0x00000000ecb80000, 0x0000000100000000)
  eden space 24064K, 0% used [0x00000000eab00000,0x00000000eab00000,0x00000000ec280000)
  from space 4608K, 97% used [0x00000000ec700000,0x00000000ecb63210,0x00000000ecb80000)
  to   space 4608K, 0% used [0x00000000ec280000,0x00000000ec280000,0x00000000ec700000)
 ParOldGen       total 68608K, used 8147K [0x00000000c0000000, 0x00000000c4300000, 0x00000000eab00000)
  object space 68608K, 11% used [0x00000000c0000000,0x00000000c07f4c08,0x00000000c4300000)
 Metaspace       used 34298K, committed 35008K, reserved 1114112K
  class space    used 3388K, committed 3648K, reserved 1048576K
}
Event: 2.796 GC heap before
{Heap before GC invocations=10 (full 1):
 PSYoungGen      total 28672K, used 9389K [0x00000000eab00000, 0x00000000ecb80000, 0x0000000100000000)
  eden space 24064K, 20% used [0x00000000eab00000,0x00000000eafc84a0,0x00000000ec280000)
  from space 4608K, 97% used [0x00000000ec700000,0x00000000ecb63210,0x00000000ecb80000)
  to   space 4608K, 0% used [0x00000000ec280000,0x00000000ec280000,0x00000000ec700000)
 ParOldGen       total 68608K, used 8147K [0x00000000c0000000, 0x00000000c4300000, 0x00000000eab00000)
  object space 68608K, 11% used [0x00000000c0000000,0x00000000c07f4c08,0x00000000c4300000)
 Metaspace       used 35177K, committed 35840K, reserved 1114112K
  class space    used 3482K, committed 3776K, reserved 1048576K
}
Event: 2.798 GC heap after
{Heap after GC invocations=10 (full 1):
 PSYoungGen      total 27136K, used 2664K [0x00000000eab00000, 0x00000000ec980000, 0x0000000100000000)
  eden space 24064K, 0% used [0x00000000eab00000,0x00000000eab00000,0x00000000ec280000)
  from space 3072K, 86% used [0x00000000ec280000,0x00000000ec51a0d0,0x00000000ec580000)
  to   space 3584K, 0% used [0x00000000ec600000,0x00000000ec600000,0x00000000ec980000)
 ParOldGen       total 68608K, used 9961K [0x00000000c0000000, 0x00000000c4300000, 0x00000000eab00000)
  object space 68608K, 14% used [0x00000000c0000000,0x00000000c09ba440,0x00000000c4300000)
 Metaspace       used 35177K, committed 35840K, reserved 1114112K
  class space    used 3482K, committed 3776K, reserved 1048576K
}
Event: 2.798 GC heap before
{Heap before GC invocations=11 (full 2):
 PSYoungGen      total 27136K, used 2664K [0x00000000eab00000, 0x00000000ec980000, 0x0000000100000000)
  eden space 24064K, 0% used [0x00000000eab00000,0x00000000eab00000,0x00000000ec280000)
  from space 3072K, 86% used [0x00000000ec280000,0x00000000ec51a0d0,0x00000000ec580000)
  to   space 3584K, 0% used [0x00000000ec600000,0x00000000ec600000,0x00000000ec980000)
 ParOldGen       total 68608K, used 9961K [0x00000000c0000000, 0x00000000c4300000, 0x00000000eab00000)
  object space 68608K, 14% used [0x00000000c0000000,0x00000000c09ba440,0x00000000c4300000)
 Metaspace       used 35177K, committed 35840K, reserved 1114112K
  class space    used 3482K, committed 3776K, reserved 1048576K
}
Event: 2.817 GC heap after
{Heap after GC invocations=11 (full 2):
 PSYoungGen      total 27136K, used 0K [0x00000000eab00000, 0x00000000ec980000, 0x0000000100000000)
  eden space 24064K, 0% used [0x00000000eab00000,0x00000000eab00000,0x00000000ec280000)
  from space 3072K, 0% used [0x00000000ec280000,0x00000000ec280000,0x00000000ec580000)
  to   space 3584K, 0% used [0x00000000ec600000,0x00000000ec600000,0x00000000ec980000)
 ParOldGen       total 68608K, used 12219K [0x00000000c0000000, 0x00000000c4300000, 0x00000000eab00000)
  object space 68608K, 17% used [0x00000000c0000000,0x00000000c0beeea8,0x00000000c4300000)
 Metaspace       used 35177K, committed 35840K, reserved 1114112K
  class space    used 3482K, committed 3776K, reserved 1048576K
}

Dll operation events (10 events):
Event: 0.009 Loaded shared library c:\Users\asus\.vscode\extensions\redhat.java-1.37.2024112308-win32-x64\jre\17.0.13-win32-x86_64\bin\java.dll
Event: 0.110 Loaded shared library c:\Users\asus\.vscode\extensions\redhat.java-1.37.2024112308-win32-x64\jre\17.0.13-win32-x86_64\bin\zip.dll
Event: 0.113 Loaded shared library C:\Users\asus\.vscode\extensions\redhat.java-1.37.2024112308-win32-x64\jre\17.0.13-win32-x86_64\bin\instrument.dll
Event: 0.121 Loaded shared library C:\Users\asus\.vscode\extensions\redhat.java-1.37.2024112308-win32-x64\jre\17.0.13-win32-x86_64\bin\net.dll
Event: 0.122 Loaded shared library C:\Users\asus\.vscode\extensions\redhat.java-1.37.2024112308-win32-x64\jre\17.0.13-win32-x86_64\bin\nio.dll
Event: 0.127 Loaded shared library C:\Users\asus\.vscode\extensions\redhat.java-1.37.2024112308-win32-x64\jre\17.0.13-win32-x86_64\bin\zip.dll
Event: 0.139 Loaded shared library C:\Users\asus\.vscode\extensions\redhat.java-1.37.2024112308-win32-x64\jre\17.0.13-win32-x86_64\bin\jimage.dll
Event: 0.182 Loaded shared library c:\Users\asus\.vscode\extensions\redhat.java-1.37.2024112308-win32-x64\jre\17.0.13-win32-x86_64\bin\verify.dll
Event: 0.864 Loaded shared library C:\Users\asus\AppData\Roaming\Code\User\globalStorage\redhat.java\1.37.2024112308\config_ss_win\org.eclipse.equinox.launcher\org.eclipse.equinox.launcher.win32.win32.x86_64_1.2.1100.v20240722-2106\eclipse_11904.dll
Event: 1.762 Loaded shared library C:\Users\asus\AppData\Local\Temp\jna-3003984\jna10877680050762551307.dll

Deoptimization events (20 events):
Event: 2.852 Thread 0x000001118e70f740 Uncommon trap: trap_request=0xffffff45 fr.pc=0x000001119905e6e0 relative=0x00000000000000c0
Event: 2.852 Thread 0x000001118e70f740 Uncommon trap: reason=unstable_if action=reinterpret pc=0x000001119905e6e0 method=java.lang.CharacterDataLatin1.digit(II)I @ 7 c2
Event: 2.852 Thread 0x000001118e70f740 DEOPT PACKING pc=0x000001119905e6e0 sp=0x000000074a9fdb00
Event: 2.852 Thread 0x000001118e70f740 DEOPT UNPACKING pc=0x0000011198849ea3 sp=0x000000074a9fd9c0 mode 2
Event: 2.852 Thread 0x000001118e70f740 Uncommon trap: trap_request=0xffffff45 fr.pc=0x0000011198f727b4 relative=0x0000000000000094
Event: 2.852 Thread 0x000001118e70f740 Uncommon trap: reason=unstable_if action=reinterpret pc=0x0000011198f727b4 method=java.lang.CharacterDataLatin1.digit(II)I @ 7 c2
Event: 2.852 Thread 0x000001118e70f740 DEOPT PACKING pc=0x0000011198f727b4 sp=0x000000074a9fda60
Event: 2.852 Thread 0x000001118e70f740 DEOPT UNPACKING pc=0x0000011198849ea3 sp=0x000000074a9fd9e0 mode 2
Event: 2.871 Thread 0x000001118e70f740 Uncommon trap: trap_request=0xffffff45 fr.pc=0x0000011198f68db4 relative=0x0000000000000294
Event: 2.871 Thread 0x000001118e70f740 Uncommon trap: reason=unstable_if action=reinterpret pc=0x0000011198f68db4 method=java.util.HashMap$HashIterator.<init>(Ljava/util/HashMap;)V @ 45 c2
Event: 2.871 Thread 0x000001118e70f740 DEOPT PACKING pc=0x0000011198f68db4 sp=0x000000074a9fdbf0
Event: 2.871 Thread 0x000001118e70f740 DEOPT UNPACKING pc=0x0000011198849ea3 sp=0x000000074a9fdb88 mode 2
Event: 2.920 Thread 0x00000111aa642910 Uncommon trap: trap_request=0xffffff45 fr.pc=0x0000011198fafa4c relative=0x00000000000001ac
Event: 2.920 Thread 0x00000111aa642910 Uncommon trap: reason=unstable_if action=reinterpret pc=0x0000011198fafa4c method=java.net.URI$Parser.scan(IIJJ)I @ 42 c2
Event: 2.920 Thread 0x00000111aa642910 DEOPT PACKING pc=0x0000011198fafa4c sp=0x000000074e5fdbe0
Event: 2.920 Thread 0x00000111aa642910 DEOPT UNPACKING pc=0x0000011198849ea3 sp=0x000000074e5fdb60 mode 2
Event: 3.004 Thread 0x00000111aa642910 Uncommon trap: trap_request=0xffffff45 fr.pc=0x0000011198f7c658 relative=0x0000000000000498
Event: 3.004 Thread 0x00000111aa642910 Uncommon trap: reason=unstable_if action=reinterpret pc=0x0000011198f7c658 method=java.util.HashMap$HashIterator.<init>(Ljava/util/HashMap;)V @ 45 c2
Event: 3.004 Thread 0x00000111aa642910 DEOPT PACKING pc=0x0000011198f7c658 sp=0x000000074e5fdf90
Event: 3.004 Thread 0x00000111aa642910 DEOPT UNPACKING pc=0x0000011198849ea3 sp=0x000000074e5fde00 mode 2

Classes loaded (20 events):
Event: 2.870 Loading class java/time/format/Parsed done
Event: 2.870 Loading class jdk/internal/reflect/UnsafeQualifiedIntegerFieldAccessorImpl done
Event: 2.871 Loading class java/time/LocalTime$1
Event: 2.871 Loading class java/time/LocalTime$1 done
Event: 2.905 Loading class java/io/InvalidObjectException
Event: 2.905 Loading class java/io/ObjectStreamException
Event: 2.905 Loading class java/io/ObjectStreamException done
Event: 2.905 Loading class java/io/InvalidObjectException done
Event: 2.933 Loading class java/util/ServiceConfigurationError
Event: 2.933 Loading class java/util/ServiceConfigurationError done
Event: 2.977 Loading class java/util/concurrent/CompletableFuture$AltResult
Event: 2.977 Loading class java/util/concurrent/CompletableFuture$AltResult done
Event: 2.977 Loading class java/util/concurrent/CompletableFuture$Completion
Event: 2.978 Loading class java/util/concurrent/CompletableFuture$AsynchronousCompletionTask
Event: 2.978 Loading class java/util/concurrent/CompletableFuture$AsynchronousCompletionTask done
Event: 2.978 Loading class java/util/concurrent/ForkJoinTask
Event: 2.979 Loading class java/util/concurrent/ForkJoinTask done
Event: 2.979 Loading class java/util/concurrent/CompletableFuture$Completion done
Event: 2.986 Loading class sun/nio/ch/WindowsAsynchronousFileChannelImpl$WriteTask
Event: 2.986 Loading class sun/nio/ch/WindowsAsynchronousFileChannelImpl$WriteTask done

Classes unloaded (7 events):
Event: 1.477 Thread 0x000001118e7b7c30 Unloading class 0x0000000100219400 'java/lang/invoke/LambdaForm$MH+0x0000000100219400'
Event: 1.477 Thread 0x000001118e7b7c30 Unloading class 0x0000000100219000 'java/lang/invoke/LambdaForm$MH+0x0000000100219000'
Event: 1.477 Thread 0x000001118e7b7c30 Unloading class 0x0000000100218c00 'java/lang/invoke/LambdaForm$MH+0x0000000100218c00'
Event: 1.477 Thread 0x000001118e7b7c30 Unloading class 0x0000000100218800 'java/lang/invoke/LambdaForm$MH+0x0000000100218800'
Event: 1.477 Thread 0x000001118e7b7c30 Unloading class 0x0000000100218400 'java/lang/invoke/LambdaForm$BMH+0x0000000100218400'
Event: 1.477 Thread 0x000001118e7b7c30 Unloading class 0x0000000100218000 'java/lang/invoke/LambdaForm$DMH+0x0000000100218000'
Event: 1.477 Thread 0x000001118e7b7c30 Unloading class 0x0000000100214400 'java/lang/invoke/LambdaForm$DMH+0x0000000100214400'

Classes redefined (0 events):
No events

Internal exceptions (20 events):
Event: 2.704 Thread 0x000001118e70f740 Exception <a 'java/lang/NoSuchMethodError'{0x00000000ebd690a0}: 'void java.lang.invoke.DirectMethodHandle$Holder.invokeStatic(java.lang.Object, java.lang.Object, java.lang.Object, java.lang.Object)'> (0x00000000ebd690a0) 
thrown [s\src\hotspot\share\interpreter\linkResolver.cpp, line 759]
Event: 2.706 Thread 0x00000111aa640090 Exception <a 'sun/nio/fs/WindowsException'{0x00000000ebd9c788}> (0x00000000ebd9c788) 
thrown [s\src\hotspot\share\prims\jni.cpp, line 516]
Event: 2.707 Thread 0x00000111aa640090 Exception <a 'sun/nio/fs/WindowsException'{0x00000000ebd9cdc0}> (0x00000000ebd9cdc0) 
thrown [s\src\hotspot\share\prims\jni.cpp, line 516]
Event: 2.708 Thread 0x00000111aa640090 Exception <a 'sun/nio/fs/WindowsException'{0x00000000ebdb1158}> (0x00000000ebdb1158) 
thrown [s\src\hotspot\share\prims\jni.cpp, line 516]
Event: 2.708 Thread 0x00000111aa640090 Exception <a 'sun/nio/fs/WindowsException'{0x00000000ebdb1790}> (0x00000000ebdb1790) 
thrown [s\src\hotspot\share\prims\jni.cpp, line 516]
Event: 2.719 Thread 0x00000111aa640090 Exception <a 'sun/nio/fs/WindowsException'{0x00000000ebe8b240}> (0x00000000ebe8b240) 
thrown [s\src\hotspot\share\prims\jni.cpp, line 516]
Event: 2.719 Thread 0x00000111aa640090 Exception <a 'sun/nio/fs/WindowsException'{0x00000000ebe8b878}> (0x00000000ebe8b878) 
thrown [s\src\hotspot\share\prims\jni.cpp, line 516]
Event: 2.722 Thread 0x00000111aa640090 Exception <a 'sun/nio/fs/WindowsException'{0x00000000ebed8790}> (0x00000000ebed8790) 
thrown [s\src\hotspot\share\prims\jni.cpp, line 516]
Event: 2.722 Thread 0x00000111aa640090 Exception <a 'sun/nio/fs/WindowsException'{0x00000000ebed8dc8}> (0x00000000ebed8dc8) 
thrown [s\src\hotspot\share\prims\jni.cpp, line 516]
Event: 2.723 Thread 0x00000111aa640090 Exception <a 'java/lang/NoSuchMethodError'{0x00000000ebf14210}: 'void java.lang.invoke.DirectMethodHandle$Holder.invokeVirtual(java.lang.Object, java.lang.Object, java.lang.Object, java.lang.Object)'> (0x00000000ebf14210) 
thrown [s\src\hotspot\share\interpreter\linkResolver.cpp, line 759]
Event: 2.827 Thread 0x00000111aa640090 Exception <a 'java/io/FileNotFoundException'{0x00000000eac58170}> (0x00000000eac58170) 
thrown [s\src\hotspot\share\prims\jni.cpp, line 516]
Event: 2.828 Thread 0x00000111aa640090 Exception <a 'java/io/FileNotFoundException'{0x00000000eac8d090}> (0x00000000eac8d090) 
thrown [s\src\hotspot\share\prims\jni.cpp, line 516]
Event: 2.829 Thread 0x00000111aa640090 Exception <a 'java/lang/NoSuchMethodError'{0x00000000eacb5a20}: 'java.lang.Object java.lang.invoke.DirectMethodHandle$Holder.newInvokeSpecial(java.lang.Object, java.lang.Object, java.lang.Object, int)'> (0x00000000eacb5a20) 
thrown [s\src\hotspot\share\interpreter\linkResolver.cpp, line 759]
Event: 2.829 Thread 0x00000111aa640090 Exception <a 'java/lang/NoSuchMethodError'{0x00000000eacb9b28}: 'java.lang.Object java.lang.invoke.DirectMethodHandle$Holder.invokeSpecial(java.lang.Object, java.lang.Object, java.lang.Object, java.lang.Object, int)'> (0x00000000eacb9b28) 
thrown [s\src\hotspot\share\interpreter\linkResolver.cpp, line 759]
Event: 2.829 Thread 0x00000111aa640090 Exception <a 'java/lang/NoSuchMethodError'{0x00000000eacbd230}: 'java.lang.Object java.lang.invoke.Invokers$Holder.linkToTargetMethod(java.lang.Object, java.lang.Object, int, java.lang.Object)'> (0x00000000eacbd230) 
thrown [s\src\hotspot\share\interpreter\linkResolver.cpp, line 759]
Event: 2.830 Thread 0x00000111aa640090 Exception <a 'java/lang/NoSuchMethodError'{0x00000000eacc8e38}: 'void java.lang.invoke.DirectMethodHandle$Holder.invokeStaticInit(java.lang.Object, java.lang.Object, java.lang.Object)'> (0x00000000eacc8e38) 
thrown [s\src\hotspot\share\interpreter\linkResolver.cpp, line 759]
Event: 2.838 Thread 0x000001118e70f740 Exception <a 'java/lang/NoSuchMethodError'{0x00000000eadebf58}: 'void java.lang.invoke.DirectMethodHandle$Holder.invokeSpecial(java.lang.Object, java.lang.Object, java.lang.Object, java.lang.Object, java.lang.Object, java.lang.Object)'> (0x00000000eadebf58) 
thrown [s\src\hotspot\share\interpreter\linkResolver.cpp, line 759]
Event: 2.839 Thread 0x000001118e70f740 Exception <a 'java/lang/IncompatibleClassChangeError'{0x00000000eadf5700}: Found class java.lang.Object, but interface was expected> (0x00000000eadf5700) 
thrown [s\src\hotspot\share\interpreter\linkResolver.cpp, line 826]
Event: 2.921 Thread 0x00000111aa642910 Exception <a 'java/io/FileNotFoundException'{0x00000000eb4590f0}> (0x00000000eb4590f0) 
thrown [s\src\hotspot\share\prims\jni.cpp, line 516]
Event: 2.942 Thread 0x00000111aa642910 Exception <a 'sun/nio/fs/WindowsException'{0x00000000eb5dba40}> (0x00000000eb5dba40) 
thrown [s\src\hotspot\share\prims\jni.cpp, line 516]

VM Operations (20 events):
Event: 2.426 Executing VM operation: HandshakeAllThreads
Event: 2.426 Executing VM operation: HandshakeAllThreads done
Event: 2.429 Executing VM operation: HandshakeAllThreads
Event: 2.429 Executing VM operation: HandshakeAllThreads done
Event: 2.469 Executing VM operation: ParallelGCFailedAllocation
Event: 2.471 Executing VM operation: ParallelGCFailedAllocation done
Event: 2.473 Executing VM operation: HandshakeAllThreads
Event: 2.473 Executing VM operation: HandshakeAllThreads done
Event: 2.473 Executing VM operation: HandshakeAllThreads
Event: 2.473 Executing VM operation: HandshakeAllThreads done
Event: 2.548 Executing VM operation: HandshakeAllThreads
Event: 2.548 Executing VM operation: HandshakeAllThreads done
Event: 2.752 Executing VM operation: ParallelGCFailedAllocation
Event: 2.752 Executing VM operation: ParallelGCFailedAllocation done
Event: 2.752 Executing VM operation: ParallelGCSystemGC
Event: 2.755 Executing VM operation: ParallelGCSystemGC done
Event: 2.796 Executing VM operation: CollectForMetadataAllocation
Event: 2.817 Executing VM operation: CollectForMetadataAllocation done
Event: 2.916 Executing VM operation: HandshakeAllThreads
Event: 2.916 Executing VM operation: HandshakeAllThreads done

Memory protections (0 events):
No events

Nmethod flushes (0 events):
No events

Events (20 events):
Event: 2.655 Thread 0x000001118e70f740 Thread added: 0x00000111aa641ef0
Event: 2.655 Thread 0x000001118e70f740 Thread added: 0x00000111aa644c80
Event: 2.655 Thread 0x000001118e70f740 Thread added: 0x00000111aa6460c0
Event: 2.655 Thread 0x000001118e70f740 Thread added: 0x00000111aa645190
Event: 2.655 Thread 0x000001118e70f740 Thread added: 0x00000111aa642e20
Event: 2.655 Thread 0x000001118e70f740 Thread added: 0x00000111aa643840
Event: 2.655 Thread 0x000001118e70f740 Thread added: 0x00000111aa6405a0
Event: 2.655 Thread 0x000001118e70f740 Thread added: 0x00000111aa6456a0
Event: 2.655 Thread 0x000001118e70f740 Thread added: 0x00000111aa6465d0
Event: 2.655 Thread 0x000001118e70f740 Thread added: 0x00000111aa643330
Event: 2.655 Thread 0x000001118e70f740 Thread added: 0x00000111aa63f160
Event: 2.655 Thread 0x000001118e70f740 Thread added: 0x00000111aa644260
Event: 2.655 Thread 0x000001118e70f740 Thread added: 0x00000111aa6414d0
Event: 2.655 Thread 0x000001118e70f740 Thread added: 0x00000111aa646ae0
Event: 2.655 Thread 0x000001118e70f740 Thread added: 0x00000111aa640ab0
Event: 2.656 Thread 0x000001118e70f740 Thread added: 0x00000111aa63f670
Event: 2.679 Thread 0x000001118e70f740 Thread added: 0x00000111aa642400
Event: 2.833 Thread 0x00000111aa643d50 Thread added: 0x00000111aa63fb80
Event: 2.850 Thread 0x000001118e70f740 Thread added: 0x00000111aa640fc0
Event: 2.850 Thread 0x000001118e70f740 Thread added: 0x00000111aa642910


Dynamic libraries:
0x00007ff7da050000 - 0x00007ff7da05e000 	c:\Users\asus\.vscode\extensions\redhat.java-1.37.2024112308-win32-x64\jre\17.0.13-win32-x86_64\bin\java.exe
0x00007ffef5bb0000 - 0x00007ffef5dc7000 	C:\Windows\SYSTEM32\ntdll.dll
0x00007ffef40d0000 - 0x00007ffef4194000 	C:\Windows\System32\KERNEL32.DLL
0x00007ffef3160000 - 0x00007ffef3519000 	C:\Windows\System32\KERNELBASE.dll
0x00007ffef37b0000 - 0x00007ffef38c1000 	C:\Windows\System32\ucrtbase.dll
0x00007ffec2690000 - 0x00007ffec26a7000 	c:\Users\asus\.vscode\extensions\redhat.java-1.37.2024112308-win32-x64\jre\17.0.13-win32-x86_64\bin\jli.dll
0x00007ffec1540000 - 0x00007ffec155e000 	c:\Users\asus\.vscode\extensions\redhat.java-1.37.2024112308-win32-x64\jre\17.0.13-win32-x86_64\bin\VCRUNTIME140.dll
0x00007ffef4730000 - 0x00007ffef48de000 	C:\Windows\System32\USER32.dll
0x00007ffef2eb0000 - 0x00007ffef2ed6000 	C:\Windows\System32\win32u.dll
0x00007ffef41a0000 - 0x00007ffef41c9000 	C:\Windows\System32\GDI32.dll
0x00007ffedb310000 - 0x00007ffedb5a2000 	C:\Windows\WinSxS\amd64_microsoft.windows.common-controls_6595b64144ccf1df_6.0.22621.4391_none_2715d37f73803e96\COMCTL32.dll
0x00007ffef2ee0000 - 0x00007ffef2ffb000 	C:\Windows\System32\gdi32full.dll
0x00007ffef48e0000 - 0x00007ffef4987000 	C:\Windows\System32\msvcrt.dll
0x00007ffef35a0000 - 0x00007ffef363a000 	C:\Windows\System32\msvcp_win.dll
0x00007ffef5570000 - 0x00007ffef55a1000 	C:\Windows\System32\IMM32.DLL
0x00007ffee2210000 - 0x00007ffee221c000 	c:\Users\asus\.vscode\extensions\redhat.java-1.37.2024112308-win32-x64\jre\17.0.13-win32-x86_64\bin\vcruntime140_1.dll
0x00007ffe3bee0000 - 0x00007ffe3bf6d000 	c:\Users\asus\.vscode\extensions\redhat.java-1.37.2024112308-win32-x64\jre\17.0.13-win32-x86_64\bin\msvcp140.dll
0x00007ffe37e00000 - 0x00007ffe38a6b000 	c:\Users\asus\.vscode\extensions\redhat.java-1.37.2024112308-win32-x64\jre\17.0.13-win32-x86_64\bin\server\jvm.dll
0x00007ffef58f0000 - 0x00007ffef59a2000 	C:\Windows\System32\ADVAPI32.dll
0x00007ffef4020000 - 0x00007ffef40c7000 	C:\Windows\System32\sechost.dll
0x00007ffef3000000 - 0x00007ffef3028000 	C:\Windows\System32\bcrypt.dll
0x00007ffef4af0000 - 0x00007ffef4c04000 	C:\Windows\System32\RPCRT4.dll
0x00007ffef55b0000 - 0x00007ffef5621000 	C:\Windows\System32\WS2_32.dll
0x00007ffeeaa20000 - 0x00007ffeeaa54000 	C:\Windows\SYSTEM32\WINMM.dll
0x00007ffef1d40000 - 0x00007ffef1d8d000 	C:\Windows\SYSTEM32\POWRPROF.dll
0x00007ffeeb1b0000 - 0x00007ffeeb1ba000 	C:\Windows\SYSTEM32\VERSION.dll
0x00007ffef1d20000 - 0x00007ffef1d33000 	C:\Windows\SYSTEM32\UMPDC.dll
0x00007ffef1fe0000 - 0x00007ffef1ff8000 	C:\Windows\SYSTEM32\kernel.appcore.dll
0x00007ffec2de0000 - 0x00007ffec2dea000 	c:\Users\asus\.vscode\extensions\redhat.java-1.37.2024112308-win32-x64\jre\17.0.13-win32-x86_64\bin\jimage.dll
0x00007ffef07c0000 - 0x00007ffef09f2000 	C:\Windows\SYSTEM32\DBGHELP.DLL
0x00007ffef38d0000 - 0x00007ffef3c5f000 	C:\Windows\System32\combase.dll
0x00007ffef41d0000 - 0x00007ffef42a7000 	C:\Windows\System32\OLEAUT32.dll
0x00007ffedb7f0000 - 0x00007ffedb822000 	C:\Windows\SYSTEM32\dbgcore.DLL
0x00007ffef3520000 - 0x00007ffef359b000 	C:\Windows\System32\bcryptPrimitives.dll
0x00007ffec2d50000 - 0x00007ffec2d5e000 	c:\Users\asus\.vscode\extensions\redhat.java-1.37.2024112308-win32-x64\jre\17.0.13-win32-x86_64\bin\instrument.dll
0x00007ffebde70000 - 0x00007ffebde95000 	c:\Users\asus\.vscode\extensions\redhat.java-1.37.2024112308-win32-x64\jre\17.0.13-win32-x86_64\bin\java.dll
0x00007ffec0a30000 - 0x00007ffec0a48000 	c:\Users\asus\.vscode\extensions\redhat.java-1.37.2024112308-win32-x64\jre\17.0.13-win32-x86_64\bin\zip.dll
0x00007ffef4cf0000 - 0x00007ffef5566000 	C:\Windows\System32\SHELL32.dll
0x00007ffef0e00000 - 0x00007ffef1703000 	C:\Windows\SYSTEM32\windows.storage.dll
0x00007ffef0cc0000 - 0x00007ffef0dff000 	C:\Windows\SYSTEM32\wintypes.dll
0x00007ffef57f0000 - 0x00007ffef58e9000 	C:\Windows\System32\SHCORE.dll
0x00007ffef3c60000 - 0x00007ffef3cbe000 	C:\Windows\System32\shlwapi.dll
0x00007ffef2de0000 - 0x00007ffef2e0b000 	C:\Windows\SYSTEM32\profapi.dll
0x00007ffebd4e0000 - 0x00007ffebd4f9000 	C:\Users\asus\.vscode\extensions\redhat.java-1.37.2024112308-win32-x64\jre\17.0.13-win32-x86_64\bin\net.dll
0x00007ffeebe50000 - 0x00007ffeebf86000 	C:\Windows\SYSTEM32\WINHTTP.dll
0x00007ffef2460000 - 0x00007ffef24c9000 	C:\Windows\system32\mswsock.dll
0x00007ffeb2720000 - 0x00007ffeb2736000 	C:\Users\asus\.vscode\extensions\redhat.java-1.37.2024112308-win32-x64\jre\17.0.13-win32-x86_64\bin\nio.dll
0x00007ffec1b50000 - 0x00007ffec1b60000 	c:\Users\asus\.vscode\extensions\redhat.java-1.37.2024112308-win32-x64\jre\17.0.13-win32-x86_64\bin\verify.dll
0x00007ffe8d510000 - 0x00007ffe8d555000 	C:\Users\asus\AppData\Roaming\Code\User\globalStorage\redhat.java\1.37.2024112308\config_ss_win\org.eclipse.equinox.launcher\org.eclipse.equinox.launcher.win32.win32.x86_64_1.2.1100.v20240722-2106\eclipse_11904.dll
0x00007ffef5640000 - 0x00007ffef57e5000 	C:\Windows\System32\ole32.dll
0x00007ffef26c0000 - 0x00007ffef26db000 	C:\Windows\SYSTEM32\CRYPTSP.dll
0x00007ffef1f40000 - 0x00007ffef1f75000 	C:\Windows\system32\rsaenh.dll
0x00007ffef2550000 - 0x00007ffef2578000 	C:\Windows\SYSTEM32\USERENV.dll
0x00007ffef26b0000 - 0x00007ffef26bc000 	C:\Windows\SYSTEM32\CRYPTBASE.dll
0x00007ffef19e0000 - 0x00007ffef1a0d000 	C:\Windows\SYSTEM32\IPHLPAPI.DLL
0x00007ffef3fc0000 - 0x00007ffef3fc9000 	C:\Windows\System32\NSI.dll
0x00007ffeebd00000 - 0x00007ffeebd19000 	C:\Windows\SYSTEM32\dhcpcsvc6.DLL
0x00007ffeebce0000 - 0x00007ffeebcff000 	C:\Windows\SYSTEM32\dhcpcsvc.DLL
0x00007ffef1a10000 - 0x00007ffef1b12000 	C:\Windows\SYSTEM32\DNSAPI.dll
0x00007ffe88aa0000 - 0x00007ffe88ae9000 	C:\Users\asus\AppData\Local\Temp\jna-3003984\jna10877680050762551307.dll
0x00007ffef5630000 - 0x00007ffef5638000 	C:\Windows\System32\PSAPI.DLL

dbghelp: loaded successfully - version: 4.0.5 - missing functions: none
symbol engine: initialized successfully - sym options: 0x614 - pdb path: .;c:\Users\asus\.vscode\extensions\redhat.java-1.37.2024112308-win32-x64\jre\17.0.13-win32-x86_64\bin;C:\Windows\SYSTEM32;C:\Windows\WinSxS\amd64_microsoft.windows.common-controls_6595b64144ccf1df_6.0.22621.4391_none_2715d37f73803e96;c:\Users\asus\.vscode\extensions\redhat.java-1.37.2024112308-win32-x64\jre\17.0.13-win32-x86_64\bin\server;C:\Users\asus\AppData\Roaming\Code\User\globalStorage\redhat.java\1.37.2024112308\config_ss_win\org.eclipse.equinox.launcher\org.eclipse.equinox.launcher.win32.win32.x86_64_1.2.1100.v20240722-2106;C:\Users\asus\AppData\Local\Temp\jna-3003984

VM Arguments:
jvm_args: --add-modules=ALL-SYSTEM --add-opens=java.base/java.util=ALL-UNNAMED --add-opens=java.base/java.lang=ALL-UNNAMED --add-opens=java.base/sun.nio.fs=ALL-UNNAMED -Declipse.application=org.eclipse.jdt.ls.core.id1 -Dosgi.bundles.defaultStartLevel=4 -Declipse.product=org.eclipse.jdt.ls.core.product -Djava.import.generatesMetadataFilesAtProjectRoot=false -DDetectVMInstallationsJob.disabled=true -Dfile.encoding=utf8 -XX:+UseParallelGC -XX:GCTimeRatio=4 -XX:AdaptiveSizePolicyWeight=90 -Dsun.zip.disableMemoryMapping=true -Xmx1G -Xms100m -Xlog:disable -javaagent:c:\Users\asus\.vscode\extensions\redhat.java-1.37.2024112308-win32-x64\lombok\lombok-1.18.34.jar 
java_command: c:\Users\asus\.vscode\extensions\redhat.java-1.37.2024112308-win32-x64\server\plugins\org.eclipse.equinox.launcher_1.6.900.v20240613-2009.jar -configuration c:\Users\asus\AppData\Roaming\Code\User\globalStorage\redhat.java\1.37.2024112308\config_ss_win -data c:\Users\asus\AppData\Roaming\Code\User\workspaceStorage\460565c18ce4b00c6392990dd7b7b11a\redhat.java\ss_ws --pipe=\\.\pipe\lsp-5048ac72c734ff829293a33239729a4e-sock
java_class_path (initial): c:\Users\asus\.vscode\extensions\redhat.java-1.37.2024112308-win32-x64\server\plugins\org.eclipse.equinox.launcher_1.6.900.v20240613-2009.jar
Launcher Type: SUN_STANDARD

[Global flags]
    uintx AdaptiveSizePolicyWeight                 = 90                                        {product} {command line}
     intx CICompilerCount                          = 12                                        {product} {ergonomic}
    uintx GCTimeRatio                              = 4                                         {product} {command line}
   size_t InitialHeapSize                          = 104857600                                 {product} {command line}
   size_t MaxHeapSize                              = 1073741824                                {product} {command line}
   size_t MaxNewSize                               = 357564416                                 {product} {ergonomic}
   size_t MinHeapDeltaBytes                        = 524288                                    {product} {ergonomic}
   size_t MinHeapSize                              = 104857600                                 {product} {command line}
   size_t NewSize                                  = 34603008                                  {product} {ergonomic}
    uintx NonNMethodCodeHeapSize                   = 7602480                                {pd product} {ergonomic}
    uintx NonProfiledCodeHeapSize                  = 122027880                              {pd product} {ergonomic}
   size_t OldSize                                  = 70254592                                  {product} {ergonomic}
    uintx ProfiledCodeHeapSize                     = 122027880                              {pd product} {ergonomic}
    uintx ReservedCodeCacheSize                    = 251658240                              {pd product} {ergonomic}
     bool SegmentedCodeCache                       = true                                      {product} {ergonomic}
   size_t SoftMaxHeapSize                          = 1073741824                             {manageable} {ergonomic}
     bool UseCompressedClassPointers               = true                           {product lp64_product} {ergonomic}
     bool UseCompressedOops                        = true                           {product lp64_product} {ergonomic}
     bool UseLargePagesIndividualAllocation        = false                                  {pd product} {ergonomic}
     bool UseParallelGC                            = true                                      {product} {command line}

Logging:
Log output configuration:
 #0: stdout all=off uptime,level,tags
 #1: stderr all=off uptime,level,tags

Environment Variables:
JAVA_HOME=C:\Program Files\Java\jdk-21
PATH=D:\app\VMware\VMware Workstation\bin\;C:\Program Files\Java\jdk-21\bin;C:\Program Files\Common Files\Oracle\Java\javapath;C:\Windows\system32;C:\Windows;C:\Windows\System32\Wbem;C:\Windows\System32\WindowsPowerShell\v1.0\;C:\Windows\System32\OpenSSH\;C:\Program Files (x86)\NVIDIA Corporation\PhysX\Common;C:\Program Files\NVIDIA Corporation\NVIDIA NvDLISR;C:\Program Files\dotnet\;D:\matlab\app1\bin;D:\matlab\app\bin;C:\Program Files\Java\jdk-21\bin;D:\Git\cmd;C:\Program Files\Microsoft SQL Server\150\Tools\Binn\;D:\app\Putty\;C:\Program Files\Microsoft SQL Server\Client SDK\ODBC\170\Tools\Binn\;C:\Users\asus\AppData\Local\Programs\Python\Python312\Scripts\;C:\Users\asus\AppData\Local\Programs\Python\Python312\;C:\Users\asus\AppData\Local\Programs\Python\Launcher\;C:\Users\asus\AppData\Local\Microsoft\WindowsApps;D:\CSE 201\VSCODE\Microsoft VS Code\bin;C:\intelFPGA_lite\19.1\modelsim_ase\win32aloem;C:\Users\asus\AppData\Local\GitHubDesktop\bin;C:\Users\asus\.dotnet\tools
USERNAME=asus
OS=Windows_NT
PROCESSOR_IDENTIFIER=Intel64 Family 6 Model 141 Stepping 1, GenuineIntel
TMP=C:\Users\asus\AppData\Local\Temp
TEMP=C:\Users\asus\AppData\Local\Temp



Periodic native trim disabled


---------------  S Y S T E M  ---------------

OS:
 Windows 11 , 64 bit Build 22621 (10.0.22621.4391)
OS uptime: 0 days 2:36 hours

CPU: total 16 (initial active 16) (8 cores per cpu, 2 threads per core) family 6 model 141 stepping 1 microcode 0x34, cx8, cmov, fxsr, ht, mmx, 3dnowpref, sse, sse2, sse3, ssse3, sse4.1, sse4.2, popcnt, lzcnt, tsc, tscinvbit, avx, avx2, aes, erms, clmul, bmi1, bmi2, adx, avx512f, avx512dq, avx512cd, avx512bw, avx512vl, sha, fma, vzeroupper, avx512_vpopcntdq, avx512_vpclmulqdq, avx512_vaes, avx512_vnni, clflush, clflushopt, clwb, avx512_vbmi2, avx512_vbmi
Processor Information for all 16 processors :
  Max Mhz: 2304, Current Mhz: 2304, Mhz Limit: 2304

Memory: 4k page, system-wide physical 7914M (337M free)
TotalPageFile size 19727M (AvailPageFile size 2M)
current process WorkingSet (physical memory assigned to process): 165M, peak: 167M
current process commit charge ("private bytes"): 281M, peak: 283M

vm_info: OpenJDK 64-Bit Server VM (17.0.13+11) for windows-amd64 JRE (17.0.13+11), built on Oct 16 2024 00:10:08 by "admin" with MS VC++ 17.7 (VS2022)

END.
