#
# There is insufficient memory for the Java Runtime Environment to continue.
# Native memory allocation (malloc) failed to allocate 814976 bytes. Error detail: Chunk::new
# Possible reasons:
#   The system is out of physical RAM or swap space
#   This process is running with CompressedOops enabled, and the Java Heap may be blocking the growth of the native heap
# Possible solutions:
#   Reduce memory load on the system
#   Increase physical memory or swap space
#   Check if swap backing store is full
#   Decrease Java heap size (-Xmx/-Xms)
#   Decrease number of Java threads
#   Decrease Java thread stack sizes (-Xss)
#   Set larger code cache with -XX:ReservedCodeCacheSize=
#   JVM is running with Unscaled Compressed Oops mode in which the Java heap is
#     placed in the first 4GB address space. The Java Heap base address is the
#     maximum limit for the native heap growth. Please use -XX:HeapBaseMinAddress
#     to set the Java Heap base and to place the Java Heap above 4GB virtual address.
# This output file may be truncated or incomplete.
#
#  Out of Memory Error (arena.cpp:191), pid=17460, tid=9740
#
# JRE version: OpenJDK Runtime Environment Temurin-17.0.13+11 (17.0.13+11) (build 17.0.13+11)
# Java VM: OpenJDK 64-Bit Server VM Temurin-17.0.13+11 (17.0.13+11, mixed mode, tiered, compressed oops, compressed class ptrs, parallel gc, windows-amd64)
# No core dump will be written. Minidumps are not enabled by default on client versions of Windows
#

---------------  S U M M A R Y ------------

Command Line: --add-modules=ALL-SYSTEM --add-opens=java.base/java.util=ALL-UNNAMED --add-opens=java.base/java.lang=ALL-UNNAMED --add-opens=java.base/sun.nio.fs=ALL-UNNAMED -Declipse.application=org.eclipse.jdt.ls.core.id1 -Dosgi.bundles.defaultStartLevel=4 -Declipse.product=org.eclipse.jdt.ls.core.product -Djava.import.generatesMetadataFilesAtProjectRoot=false -DDetectVMInstallationsJob.disabled=true -Dfile.encoding=utf8 -XX:+UseParallelGC -XX:GCTimeRatio=4 -XX:AdaptiveSizePolicyWeight=90 -Dsun.zip.disableMemoryMapping=true -Xmx1G -Xms100m -Xlog:disable -javaagent:c:\Users\asus\.vscode\extensions\redhat.java-1.38.2024120308-win32-x64\lombok\lombok-1.18.34.jar -XX:+HeapDumpOnOutOfMemoryError -XX:HeapDumpPath=c:\Users\asus\AppData\Roaming\Code\User\workspaceStorage\a16dd82b8a1b6def2440a7390a2f15a2\redhat.java -Daether.dependencyCollector.impl=bf c:\Users\asus\.vscode\extensions\redhat.java-1.38.2024120308-win32-x64\server\plugins\org.eclipse.equinox.launcher_1.6.900.v20240613-2009.jar -configuration c:\Users\asus\AppData\Roaming\Code\User\globalStorage\redhat.java\1.38.2024120308\config_win -data c:\Users\asus\AppData\Roaming\Code\User\workspaceStorage\a16dd82b8a1b6def2440a7390a2f15a2\redhat.java\jdt_ws --pipe=\\.\pipe\lsp-d07544c35e8eab13816a69cadaae6a43-sock

Host: 11th Gen Intel(R) Core(TM) i7-11800H @ 2.30GHz, 16 cores, 7G,  Windows 11 , 64 bit Build 22621 (10.0.22621.4391)
Time: Wed Dec  4 14:35:31 2024 SE Asia Standard Time elapsed time: 324.689153 seconds (0d 0h 5m 24s)

---------------  T H R E A D  ---------------

Current thread (0x000002c3c1abe720):  JavaThread "C2 CompilerThread0" daemon [_thread_in_native, id=9740, stack(0x000000f3af800000,0x000000f3af900000)]


Current CompileTask:
C2: 324689 9867       4       jdk.internal.org.objectweb.asm.Frame::execute (2318 bytes)

Stack: [0x000000f3af800000,0x000000f3af900000]
Native frames: (J=compiled Java code, j=interpreted, Vv=VM code, C=native code)
V  [jvm.dll+0x682a19]
V  [jvm.dll+0x839538]
V  [jvm.dll+0x83afe3]
V  [jvm.dll+0x83b653]
V  [jvm.dll+0x24704f]
V  [jvm.dll+0xace34]
V  [jvm.dll+0xad4cc]
V  [jvm.dll+0x2ac84f]
V  [jvm.dll+0x588a79]
V  [jvm.dll+0x220ea2]
V  [jvm.dll+0x219cd2]
V  [jvm.dll+0x21738b]
V  [jvm.dll+0x1a3070]
V  [jvm.dll+0x22788c]
V  [jvm.dll+0x2259eb]
V  [jvm.dll+0x7eec98]
V  [jvm.dll+0x7e8ffc]
V  [jvm.dll+0x6818f7]
C  [ucrtbase.dll+0x29333]
C  [KERNEL32.DLL+0x1259d]
C  [ntdll.dll+0x5af38]


---------------  P R O C E S S  ---------------

Threads class SMR info:
_java_thread_list=0x000002c3cfc1a100, length=80, elements={
0x000002c3a8a93290, 0x000002c3bc915030, 0x000002c3bc915b00, 0x000002c3c1a89650,
0x000002c3c1a89f20, 0x000002c3c1ab87b0, 0x000002c3bc91ab60, 0x000002c3c1abe720,
0x000002c3c1ac2250, 0x000002c3c1acef90, 0x000002c3a8af3bc0, 0x000002c3c3d4d750,
0x000002c3c44a64c0, 0x000002c3c4254310, 0x000002c3c1d8aaa0, 0x000002c3c1d8af80,
0x000002c3c4253dc0, 0x000002c3c3e38550, 0x000002c3c3fdb040, 0x000002c3c3fdba60,
0x000002c3c3fdab30, 0x000002c3c3fdd3b0, 0x000002c3c3fdd8c0, 0x000002c3c3fdddd0,
0x000002c3c3fde2e0, 0x000002c3c59ec920, 0x000002c3c59edd60, 0x000002c3c59ece30,
0x000002c3c59f1000, 0x000002c3c59ed340, 0x000002c3c59f2950, 0x000002c3c59ed850,
0x000002c3c59ebf00, 0x000002c3c59f1f30, 0x000002c3c59ec410, 0x000002c3c59f0af0,
0x000002c3c59f05e0, 0x000002c3c59ef1a0, 0x000002c3c59efbc0, 0x000002c3c59eb9f0,
0x000002c3c59f2440, 0x000002c3c59ef6b0, 0x000002c3c59f2e60, 0x000002c3c59f00d0,
0x000002c3c59f1510, 0x000002c3c59ee270, 0x000002c3d01eee00, 0x000002c3d01ef820,
0x000002c3d01ed4b0, 0x000002c3d01f4920, 0x000002c3d01ef310, 0x000002c3d01f3f00,
0x000002c3d01ee8f0, 0x000002c3d01f2fd0, 0x000002c3d01efd30, 0x000002c3d01f4410,
0x000002c3d01f2ac0, 0x000002c3d01f0c60, 0x000002c3d01f1170, 0x000002c3d01eded0,
0x000002c3d01f1680, 0x000002c3d01f0240, 0x000002c3d01f1b90, 0x000002c3d01f20a0,
0x000002c3d01f34e0, 0x000002c3c5343fa0, 0x000002c3c53444b0, 0x000002c3c533fdd0,
0x000002c3c5346310, 0x000002c3c5345e00, 0x000002c3c5344ed0, 0x000002c3c5346820,
0x000002c3c5346d30, 0x000002c3c5342650, 0x000002c3c53449c0, 0x000002c3c5347240,
0x000002c3c53453e0, 0x000002c3c5341c30, 0x000002c3c53407f0, 0x000002c3c5342b60
}

Java Threads: ( => current thread )
  0x000002c3a8a93290 JavaThread "main" [_thread_blocked, id=20648, stack(0x000000f3aef00000,0x000000f3af000000)]
  0x000002c3bc915030 JavaThread "Reference Handler" daemon [_thread_blocked, id=26824, stack(0x000000f3af200000,0x000000f3af300000)]
  0x000002c3bc915b00 JavaThread "Finalizer" daemon [_thread_blocked, id=26324, stack(0x000000f3af300000,0x000000f3af400000)]
  0x000002c3c1a89650 JavaThread "Signal Dispatcher" daemon [_thread_blocked, id=15700, stack(0x000000f3af400000,0x000000f3af500000)]
  0x000002c3c1a89f20 JavaThread "Attach Listener" daemon [_thread_blocked, id=31428, stack(0x000000f3af500000,0x000000f3af600000)]
  0x000002c3c1ab87b0 JavaThread "Service Thread" daemon [_thread_blocked, id=31196, stack(0x000000f3af600000,0x000000f3af700000)]
  0x000002c3bc91ab60 JavaThread "Monitor Deflation Thread" daemon [_thread_blocked, id=6212, stack(0x000000f3af700000,0x000000f3af800000)]
=>0x000002c3c1abe720 JavaThread "C2 CompilerThread0" daemon [_thread_in_native, id=9740, stack(0x000000f3af800000,0x000000f3af900000)]
  0x000002c3c1ac2250 JavaThread "C1 CompilerThread0" daemon [_thread_blocked, id=28172, stack(0x000000f3af900000,0x000000f3afa00000)]
  0x000002c3c1acef90 JavaThread "Sweeper thread" daemon [_thread_blocked, id=31292, stack(0x000000f3afa00000,0x000000f3afb00000)]
  0x000002c3a8af3bc0 JavaThread "Common-Cleaner" daemon [_thread_blocked, id=2772, stack(0x000000f3afb00000,0x000000f3afc00000)]
  0x000002c3c3d4d750 JavaThread "Notification Thread" daemon [_thread_blocked, id=17204, stack(0x000000f3afc00000,0x000000f3afd00000)]
  0x000002c3c44a64c0 JavaThread "Active Thread: Equinox Container: a3deb4dd-03ae-4d59-9477-d75ef5e58ff5" [_thread_blocked, id=31560, stack(0x000000f3b0400000,0x000000f3b0500000)]
  0x000002c3c4254310 JavaThread "Refresh Thread: Equinox Container: a3deb4dd-03ae-4d59-9477-d75ef5e58ff5" daemon [_thread_blocked, id=32084, stack(0x000000f3b0500000,0x000000f3b0600000)]
  0x000002c3c1d8aaa0 JavaThread "Framework Event Dispatcher: Equinox Container: a3deb4dd-03ae-4d59-9477-d75ef5e58ff5" daemon [_thread_blocked, id=22980, stack(0x000000f3b0600000,0x000000f3b0700000)]
  0x000002c3c1d8af80 JavaThread "Start Level: Equinox Container: a3deb4dd-03ae-4d59-9477-d75ef5e58ff5" daemon [_thread_blocked, id=32212, stack(0x000000f3b0700000,0x000000f3b0800000)]
  0x000002c3c4253dc0 JavaThread "Bundle File Closer" daemon [_thread_blocked, id=13756, stack(0x000000f3b0900000,0x000000f3b0a00000)]
  0x000002c3c3e38550 JavaThread "SCR Component Actor" daemon [_thread_blocked, id=29352, stack(0x000000f3b0c00000,0x000000f3b0d00000)]
  0x000002c3c3fdb040 JavaThread "Worker-JM" [_thread_blocked, id=30628, stack(0x000000f3b1100000,0x000000f3b1200000)]
  0x000002c3c3fdba60 JavaThread "JNA Cleaner" daemon [_thread_blocked, id=2380, stack(0x000000f3b1200000,0x000000f3b1300000)]
  0x000002c3c3fdab30 JavaThread "Java indexing" daemon [_thread_blocked, id=17180, stack(0x000000f3b1a00000,0x000000f3b1b00000)]
  0x000002c3c3fdd3b0 JavaThread "Worker-4" [_thread_blocked, id=24844, stack(0x000000f3b1900000,0x000000f3b1a00000)]
  0x000002c3c3fdd8c0 JavaThread "Thread-2" daemon [_thread_in_native, id=13648, stack(0x000000f3b1800000,0x000000f3b1900000)]
  0x000002c3c3fdddd0 JavaThread "Thread-3" daemon [_thread_in_native, id=28344, stack(0x000000f3b1b00000,0x000000f3b1c00000)]
  0x000002c3c3fde2e0 JavaThread "Thread-4" daemon [_thread_in_native, id=20236, stack(0x000000f3b1c00000,0x000000f3b1d00000)]
  0x000002c3c59ec920 JavaThread "Thread-5" daemon [_thread_in_native, id=25552, stack(0x000000f3b1d00000,0x000000f3b1e00000)]
  0x000002c3c59edd60 JavaThread "Thread-6" daemon [_thread_in_native, id=11728, stack(0x000000f3b1e00000,0x000000f3b1f00000)]
  0x000002c3c59ece30 JavaThread "Thread-7" daemon [_thread_in_native, id=26912, stack(0x000000f3b1f00000,0x000000f3b2000000)]
  0x000002c3c59f1000 JavaThread "Thread-8" daemon [_thread_in_native, id=31916, stack(0x000000f3b2000000,0x000000f3b2100000)]
  0x000002c3c59ed340 JavaThread "Thread-9" daemon [_thread_in_native, id=29072, stack(0x000000f3b2100000,0x000000f3b2200000)]
  0x000002c3c59f2950 JavaThread "Thread-10" daemon [_thread_in_native, id=30436, stack(0x000000f3b2200000,0x000000f3b2300000)]
  0x000002c3c59ed850 JavaThread "Thread-11" daemon [_thread_in_native, id=17280, stack(0x000000f3b2300000,0x000000f3b2400000)]
  0x000002c3c59ebf00 JavaThread "Thread-12" daemon [_thread_in_native, id=25276, stack(0x000000f3b2400000,0x000000f3b2500000)]
  0x000002c3c59f1f30 JavaThread "Thread-13" daemon [_thread_in_native, id=29716, stack(0x000000f3b2500000,0x000000f3b2600000)]
  0x000002c3c59ec410 JavaThread "Thread-14" daemon [_thread_in_native, id=4320, stack(0x000000f3b2600000,0x000000f3b2700000)]
  0x000002c3c59f0af0 JavaThread "Thread-15" daemon [_thread_in_native, id=13944, stack(0x000000f3b2700000,0x000000f3b2800000)]
  0x000002c3c59f05e0 JavaThread "Thread-16" daemon [_thread_in_native, id=30492, stack(0x000000f3b2800000,0x000000f3b2900000)]
  0x000002c3c59ef1a0 JavaThread "Thread-17" daemon [_thread_in_native, id=9180, stack(0x000000f3b2900000,0x000000f3b2a00000)]
  0x000002c3c59efbc0 JavaThread "Thread-18" daemon [_thread_in_native, id=22404, stack(0x000000f3b2a00000,0x000000f3b2b00000)]
  0x000002c3c59eb9f0 JavaThread "pool-2-thread-1" [_thread_blocked, id=27928, stack(0x000000f3b2b00000,0x000000f3b2c00000)]
  0x000002c3c59f2440 JavaThread "Worker-5" [_thread_blocked, id=26608, stack(0x000000f3b2c00000,0x000000f3b2d00000)]
  0x000002c3c59ef6b0 JavaThread "WorkspaceEventsHandler" [_thread_blocked, id=28724, stack(0x000000f3b2e00000,0x000000f3b2f00000)]
  0x000002c3c59f2e60 JavaThread "pool-1-thread-1" [_thread_blocked, id=17780, stack(0x000000f3b2f00000,0x000000f3b3000000)]
  0x000002c3c59f00d0 JavaThread "LocalFile Deleter" daemon [_thread_blocked, id=33652, stack(0x000000f3b3300000,0x000000f3b3400000)]
  0x000002c3c59f1510 JavaThread "LocalFile Deleter" daemon [_thread_blocked, id=10128, stack(0x000000f3b3400000,0x000000f3b3500000)]
  0x000002c3c59ee270 JavaThread "LocalFile Deleter" daemon [_thread_blocked, id=20624, stack(0x000000f3b3600000,0x000000f3b3700000)]
  0x000002c3d01eee00 JavaThread "LocalFile Deleter" daemon [_thread_blocked, id=24940, stack(0x000000f3b3a00000,0x000000f3b3b00000)]
  0x000002c3d01ef820 JavaThread "Compiler Source File Reader" daemon [_thread_blocked, id=7088, stack(0x000000f3b3b00000,0x000000f3b3c00000)]
  0x000002c3d01ed4b0 JavaThread "Compiler Source File Reader" daemon [_thread_blocked, id=33160, stack(0x000000f3b3c00000,0x000000f3b3d00000)]
  0x000002c3d01f4920 JavaThread "Compiler Source File Reader" daemon [_thread_blocked, id=2768, stack(0x000000f3b3d00000,0x000000f3b3e00000)]
  0x000002c3d01ef310 JavaThread "Compiler Source File Reader" daemon [_thread_blocked, id=25236, stack(0x000000f3b3e00000,0x000000f3b3f00000)]
  0x000002c3d01f3f00 JavaThread "Compiler Source File Reader" daemon [_thread_blocked, id=21732, stack(0x000000f3b3f00000,0x000000f3b4000000)]
  0x000002c3d01ee8f0 JavaThread "Compiler Source File Reader" daemon [_thread_blocked, id=22984, stack(0x000000f3b4000000,0x000000f3b4100000)]
  0x000002c3d01f2fd0 JavaThread "Compiler Source File Reader" daemon [_thread_blocked, id=12372, stack(0x000000f3b4100000,0x000000f3b4200000)]
  0x000002c3d01efd30 JavaThread "Compiler Source File Reader" daemon [_thread_blocked, id=13488, stack(0x000000f3b4200000,0x000000f3b4300000)]
  0x000002c3d01f4410 JavaThread "Compiler Source File Reader" daemon [_thread_blocked, id=27356, stack(0x000000f3b4300000,0x000000f3b4400000)]
  0x000002c3d01f2ac0 JavaThread "Compiler Source File Reader" daemon [_thread_blocked, id=2064, stack(0x000000f3b4400000,0x000000f3b4500000)]
  0x000002c3d01f0c60 JavaThread "Compiler Source File Reader" daemon [_thread_blocked, id=23332, stack(0x000000f3b4500000,0x000000f3b4600000)]
  0x000002c3d01f1170 JavaThread "Compiler Source File Reader" daemon [_thread_blocked, id=22588, stack(0x000000f3b4600000,0x000000f3b4700000)]
  0x000002c3d01eded0 JavaThread "Compiler Class File Writer" daemon [_thread_blocked, id=26396, stack(0x000000f3b4800000,0x000000f3b4900000)]
  0x000002c3d01f1680 JavaThread "Compiler Class File Writer" daemon [_thread_blocked, id=31056, stack(0x000000f3b4900000,0x000000f3b4a00000)]
  0x000002c3d01f0240 JavaThread "Compiler Class File Writer" daemon [_thread_blocked, id=5944, stack(0x000000f3b4a00000,0x000000f3b4b00000)]
  0x000002c3d01f1b90 JavaThread "Compiler Class File Writer" daemon [_thread_blocked, id=14064, stack(0x000000f3b4b00000,0x000000f3b4c00000)]
  0x000002c3d01f20a0 JavaThread "Compiler Class File Writer" daemon [_thread_blocked, id=4928, stack(0x000000f3b4c00000,0x000000f3b4d00000)]
  0x000002c3d01f34e0 JavaThread "Compiler Class File Writer" daemon [_thread_blocked, id=14892, stack(0x000000f3b4d00000,0x000000f3b4e00000)]
  0x000002c3c5343fa0 JavaThread "Compiler Class File Writer" daemon [_thread_blocked, id=23884, stack(0x000000f3b4e00000,0x000000f3b4f00000)]
  0x000002c3c53444b0 JavaThread "Compiler Class File Writer" daemon [_thread_blocked, id=9732, stack(0x000000f3b4f00000,0x000000f3b5000000)]
  0x000002c3c533fdd0 JavaThread "Compiler Class File Writer" daemon [_thread_blocked, id=33384, stack(0x000000f3b5000000,0x000000f3b5100000)]
  0x000002c3c5346310 JavaThread "Compiler Class File Writer" daemon [_thread_blocked, id=16924, stack(0x000000f3b5100000,0x000000f3b5200000)]
  0x000002c3c5345e00 JavaThread "Compiler Class File Writer" daemon [_thread_blocked, id=34576, stack(0x000000f3b5200000,0x000000f3b5300000)]
  0x000002c3c5344ed0 JavaThread "Compiler Class File Writer" daemon [_thread_blocked, id=26052, stack(0x000000f3b5300000,0x000000f3b5400000)]
  0x000002c3c5346820 JavaThread "ForkJoinPool.commonPool-worker-1" daemon [_thread_blocked, id=31320, stack(0x000000f3b5400000,0x000000f3b5500000)]
  0x000002c3c5346d30 JavaThread "ForkJoinPool.commonPool-worker-2" daemon [_thread_blocked, id=31288, stack(0x000000f3b5500000,0x000000f3b5600000)]
  0x000002c3c5342650 JavaThread "ForkJoinPool.commonPool-worker-3" daemon [_thread_blocked, id=21160, stack(0x000000f3b5600000,0x000000f3b5700000)]
  0x000002c3c53449c0 JavaThread "ForkJoinPool.commonPool-worker-4" daemon [_thread_blocked, id=13028, stack(0x000000f3b5700000,0x000000f3b5800000)]
  0x000002c3c5347240 JavaThread "ForkJoinPool.commonPool-worker-5" daemon [_thread_blocked, id=2912, stack(0x000000f3b5800000,0x000000f3b5900000)]
  0x000002c3c53453e0 JavaThread "ForkJoinPool.commonPool-worker-7" daemon [_thread_blocked, id=33468, stack(0x000000f3b5a00000,0x000000f3b5b00000)]
  0x000002c3c5341c30 JavaThread "ForkJoinPool.commonPool-worker-9" daemon [_thread_blocked, id=2992, stack(0x000000f3b5c00000,0x000000f3b5d00000)]
  0x000002c3c53407f0 JavaThread "ForkJoinPool.commonPool-worker-10" daemon [_thread_blocked, id=34504, stack(0x000000f3b5d00000,0x000000f3b5e00000)]
  0x000002c3c5342b60 JavaThread "Cleaner-0" daemon [_thread_blocked, id=26024, stack(0x000000f3b5f00000,0x000000f3b6000000)]

Other Threads:
  0x000002c3c1a745f0 VMThread "VM Thread" [stack: 0x000000f3af100000,0x000000f3af200000] [id=6184]
  0x000002c3c3d4dc30 WatcherThread [stack: 0x000000f3afd00000,0x000000f3afe00000] [id=29208]
  0x000002c3a8aa16e0 GCTaskThread "GC Thread#0" [stack: 0x000000f3af000000,0x000000f3af100000] [id=12628]
  0x000002c3c434ec20 GCTaskThread "GC Thread#1" [stack: 0x000000f3afe00000,0x000000f3aff00000] [id=12756]
  0x000002c3c434a640 GCTaskThread "GC Thread#2" [stack: 0x000000f3aff00000,0x000000f3b0000000] [id=21544]
  0x000002c3c40ce460 GCTaskThread "GC Thread#3" [stack: 0x000000f3b0000000,0x000000f3b0100000] [id=25832]
  0x000002c3c40ce720 GCTaskThread "GC Thread#4" [stack: 0x000000f3b0100000,0x000000f3b0200000] [id=6392]
  0x000002c3c40ce9e0 GCTaskThread "GC Thread#5" [stack: 0x000000f3b0200000,0x000000f3b0300000] [id=13916]
  0x000002c3c40ceca0 GCTaskThread "GC Thread#6" [stack: 0x000000f3b0300000,0x000000f3b0400000] [id=24284]
  0x000002c3c3f6f370 GCTaskThread "GC Thread#7" [stack: 0x000000f3b0800000,0x000000f3b0900000] [id=19028]
  0x000002c3c498ac80 GCTaskThread "GC Thread#8" [stack: 0x000000f3b0a00000,0x000000f3b0b00000] [id=30864]
  0x000002c3c4707c20 GCTaskThread "GC Thread#9" [stack: 0x000000f3b0e00000,0x000000f3b0f00000] [id=12752]
  0x000002c3c3f09cb0 GCTaskThread "GC Thread#10" [stack: 0x000000f3b0f00000,0x000000f3b1000000] [id=27684]
  0x000002c3c3f09f70 GCTaskThread "GC Thread#11" [stack: 0x000000f3b1000000,0x000000f3b1100000] [id=28392]
  0x000002c3c3bd1c00 GCTaskThread "GC Thread#12" [stack: 0x000000f3b1600000,0x000000f3b1700000] [id=24792]

Threads with active compile tasks:
C2 CompilerThread0   324742 9867       4       jdk.internal.org.objectweb.asm.Frame::execute (2318 bytes)

VM state: not at safepoint (normal execution)

VM Mutex/Monitor currently owned by a thread: None

Heap address: 0x00000000c0000000, size: 1024 MB, Compressed Oops mode: 32-bit

CDS archive(s) not mapped
Compressed class space mapped at: 0x0000000100000000-0x0000000140000000, reserved size: 1073741824
Narrow klass base: 0x0000000000000000, Narrow klass shift: 3, Narrow klass range: 0x140000000

GC Precious Log:
 CPUs: 16 total, 16 available
 Memory: 7914M
 Large Page Support: Disabled
 NUMA Support: Disabled
 Compressed Oops: Enabled (32-bit)
 Alignments: Space 512K, Generation 512K, Heap 2M
 Heap Min Capacity: 100M
 Heap Initial Capacity: 100M
 Heap Max Capacity: 1G
 Pre-touch: Disabled
 Parallel Workers: 13

Heap:
 PSYoungGen      total 24576K, used 15890K [0x00000000eab00000, 0x00000000ee780000, 0x0000000100000000)
  eden space 17920K, 54% used [0x00000000eab00000,0x00000000eb47caf0,0x00000000ebc80000)
  from space 6656K, 92% used [0x00000000ee100000,0x00000000ee708018,0x00000000ee780000)
  to   space 17920K, 0% used [0x00000000ec480000,0x00000000ec480000,0x00000000ed600000)
 ParOldGen       total 377856K, used 377582K [0x00000000c0000000, 0x00000000d7100000, 0x00000000eab00000)
  object space 377856K, 99% used [0x00000000c0000000,0x00000000d70bba38,0x00000000d7100000)
 Metaspace       used 70208K, committed 71424K, reserved 1114112K
  class space    used 7358K, committed 7872K, reserved 1048576K

Card table byte_map: [0x000002c3a8450000,0x000002c3a8660000] _byte_map_base: 0x000002c3a7e50000

Marking Bits: (ParMarkBitMap*) 0x00007ffea6ea6940
 Begin Bits: [0x000002c3ba720000, 0x000002c3bb720000)
 End Bits:   [0x000002c3bb720000, 0x000002c3bc720000)

Polling page: 0x000002c3a8240000

Metaspace:

Usage:
  Non-class:     61.38 MB used.
      Class:      7.19 MB used.
       Both:     68.56 MB used.

Virtual space:
  Non-class space:       64.00 MB reserved,      62.06 MB ( 97%) committed,  1 nodes.
      Class space:        1.00 GB reserved,       7.69 MB ( <1%) committed,  1 nodes.
             Both:        1.06 GB reserved,      69.75 MB (  6%) committed. 

Chunk freelists:
   Non-Class:  1.85 MB
       Class:  8.28 MB
        Both:  10.13 MB

MaxMetaspaceSize: unlimited
CompressedClassSpaceSize: 1.00 GB
Initial GC threshold: 21.00 MB
Current GC threshold: 114.81 MB
CDS: off
MetaspaceReclaimPolicy: balanced
 - commit_granule_bytes: 65536.
 - commit_granule_words: 8192.
 - virtual_space_node_default_size: 8388608.
 - enlarge_chunks_in_place: 1.
 - new_chunks_are_fully_committed: 0.
 - uncommit_free_chunks: 1.
 - use_allocation_guard: 0.
 - handle_deallocations: 1.


Internal statistics:

num_allocs_failed_limit: 6.
num_arena_births: 742.
num_arena_deaths: 14.
num_vsnodes_births: 2.
num_vsnodes_deaths: 0.
num_space_committed: 1116.
num_space_uncommitted: 0.
num_chunks_returned_to_freelist: 20.
num_chunks_taken_from_freelist: 3708.
num_chunk_merges: 11.
num_chunk_splits: 2235.
num_chunks_enlarged: 1197.
num_inconsistent_stats: 0.

CodeHeap 'non-profiled nmethods': size=119168Kb used=5543Kb max_used=5543Kb free=113624Kb
 bounds [0x000002c3b32c0000, 0x000002c3b3830000, 0x000002c3ba720000]
CodeHeap 'profiled nmethods': size=119104Kb used=16987Kb max_used=16987Kb free=102116Kb
 bounds [0x000002c3ab720000, 0x000002c3ac7c0000, 0x000002c3b2b70000]
CodeHeap 'non-nmethods': size=7488Kb used=1396Kb max_used=3164Kb free=6091Kb
 bounds [0x000002c3b2b70000, 0x000002c3b2ea0000, 0x000002c3b32c0000]
 total_blobs=9113 nmethods=8374 adapters=651
 compilation: enabled
              stopped_count=0, restarted_count=0
 full_count=0

Compilation events (20 events):
Event: 324.471 Thread 0x000002c3c1ac2250 nmethod 9859 0x000002c3b3826490 code [0x000002c3b3826620, 0x000002c3b38266f8]
Event: 324.486 Thread 0x000002c3c1abe720 9860       4       java.lang.String::lastIndexOf (12 bytes)
Event: 324.487 Thread 0x000002c3c1abe720 nmethod 9860 0x000002c3b3826790 code [0x000002c3b3826920, 0x000002c3b3826a78]
Event: 324.556 Thread 0x000002c3c1abe720 9861       4       jdk.internal.org.objectweb.asm.ByteVector::putInt (74 bytes)
Event: 324.556 Thread 0x000002c3c1abe720 nmethod 9861 0x000002c3b3826c10 code [0x000002c3b3826d80, 0x000002c3b3826ed8]
Event: 324.636 Thread 0x000002c3c1ac2250 9862       3       org.eclipse.core.internal.dtree.NoDataDeltaNode::<init> (7 bytes)
Event: 324.636 Thread 0x000002c3c1ac2250 nmethod 9862 0x000002c3ac7b5690 code [0x000002c3ac7b5840, 0x000002c3ac7b5b18]
Event: 324.637 Thread 0x000002c3c1ac2250 9863  s    3       java.io.BufferedOutputStream::write (67 bytes)
Event: 324.637 Thread 0x000002c3c1abe720 9864       4       java.io.DataOutputStream::writeByte (14 bytes)
Event: 324.639 Thread 0x000002c3c1ac2250 nmethod 9863 0x000002c3ac7b5c10 code [0x000002c3ac7b5e20, 0x000002c3ac7b6558]
Event: 324.640 Thread 0x000002c3c1abe720 nmethod 9864 0x000002c3b3827010 code [0x000002c3b38271a0, 0x000002c3b3827548]
Event: 324.642 Thread 0x000002c3c1abe720 9865   !   4       org.eclipse.core.internal.resources.Workspace::getResourceInfo (109 bytes)
Event: 324.654 Thread 0x000002c3c1abe720 nmethod 9865 0x000002c3b3827d10 code [0x000002c3b3827f40, 0x000002c3b3828ed8]
Event: 324.654 Thread 0x000002c3c1abe720 9867       4       jdk.internal.org.objectweb.asm.Frame::execute (2318 bytes)
Event: 324.664 Thread 0x000002c3c1ac2250 9869       1       org.eclipse.core.internal.resources.MarkerInfo::getType (5 bytes)
Event: 324.664 Thread 0x000002c3c1ac2250 nmethod 9869 0x000002c3b3829990 code [0x000002c3b3829b20, 0x000002c3b3829bf8]
Event: 324.665 Thread 0x000002c3c1ac2250 9870 %     3       java.io.DataOutputStream::writeUTF @ 10 (411 bytes)
Event: 324.668 Thread 0x000002c3c1ac2250 nmethod 9870% 0x000002c3ac7b6790 code [0x000002c3ac7b6b20, 0x000002c3ac7b8ac8]
Event: 324.668 Thread 0x000002c3c1ac2250 9871       3       org.eclipse.core.internal.localstore.SafeChunkyOutputStream::write (22 bytes)
Event: 324.668 Thread 0x000002c3c1ac2250 nmethod 9871 0x000002c3ac7b9710 code [0x000002c3ac7b98c0, 0x000002c3ac7b9b38]

GC Heap History (20 events):
Event: 32.417 GC heap before
{Heap before GC invocations=146 (full 9):
 PSYoungGen      total 54272K, used 53590K [0x00000000eab00000, 0x00000000ef100000, 0x0000000100000000)
  eden space 39936K, 100% used [0x00000000eab00000,0x00000000ed200000,0x00000000ed200000)
  from space 14336K, 95% used [0x00000000ee300000,0x00000000ef055a00,0x00000000ef100000)
  to   space 15872K, 0% used [0x00000000ed200000,0x00000000ed200000,0x00000000ee180000)
 ParOldGen       total 296448K, used 275612K [0x00000000c0000000, 0x00000000d2180000, 0x00000000eab00000)
  object space 296448K, 92% used [0x00000000c0000000,0x00000000d0d27018,0x00000000d2180000)
 Metaspace       used 69356K, committed 70528K, reserved 1114112K
  class space    used 7297K, committed 7808K, reserved 1048576K
}
Event: 32.425 GC heap after
{Heap after GC invocations=146 (full 9):
 PSYoungGen      total 55808K, used 15861K [0x00000000eab00000, 0x00000000f0680000, 0x0000000100000000)
  eden space 39936K, 0% used [0x00000000eab00000,0x00000000eab00000,0x00000000ed200000)
  from space 15872K, 99% used [0x00000000ed200000,0x00000000ee17d570,0x00000000ee180000)
  to   space 25088K, 0% used [0x00000000eee00000,0x00000000eee00000,0x00000000f0680000)
 ParOldGen       total 296448K, used 282894K [0x00000000c0000000, 0x00000000d2180000, 0x00000000eab00000)
  object space 296448K, 95% used [0x00000000c0000000,0x00000000d1443928,0x00000000d2180000)
 Metaspace       used 69356K, committed 70528K, reserved 1114112K
  class space    used 7297K, committed 7808K, reserved 1048576K
}
Event: 32.495 GC heap before
{Heap before GC invocations=147 (full 9):
 PSYoungGen      total 55808K, used 55797K [0x00000000eab00000, 0x00000000f0680000, 0x0000000100000000)
  eden space 39936K, 100% used [0x00000000eab00000,0x00000000ed200000,0x00000000ed200000)
  from space 15872K, 99% used [0x00000000ed200000,0x00000000ee17d570,0x00000000ee180000)
  to   space 25088K, 0% used [0x00000000eee00000,0x00000000eee00000,0x00000000f0680000)
 ParOldGen       total 296448K, used 282894K [0x00000000c0000000, 0x00000000d2180000, 0x00000000eab00000)
  object space 296448K, 95% used [0x00000000c0000000,0x00000000d1443928,0x00000000d2180000)
 Metaspace       used 69356K, committed 70528K, reserved 1114112K
  class space    used 7297K, committed 7808K, reserved 1048576K
}
Event: 32.505 GC heap after
{Heap after GC invocations=147 (full 9):
 PSYoungGen      total 62464K, used 18805K [0x00000000eab00000, 0x00000000f0080000, 0x0000000100000000)
  eden space 43520K, 0% used [0x00000000eab00000,0x00000000eab00000,0x00000000ed580000)
  from space 18944K, 99% used [0x00000000eee00000,0x00000000f005d4f0,0x00000000f0080000)
  to   space 20480K, 0% used [0x00000000ed880000,0x00000000ed880000,0x00000000eec80000)
 ParOldGen       total 296448K, used 291944K [0x00000000c0000000, 0x00000000d2180000, 0x00000000eab00000)
  object space 296448K, 98% used [0x00000000c0000000,0x00000000d1d1a220,0x00000000d2180000)
 Metaspace       used 69356K, committed 70528K, reserved 1114112K
  class space    used 7297K, committed 7808K, reserved 1048576K
}
Event: 32.582 GC heap before
{Heap before GC invocations=148 (full 10):
 PSYoungGen      total 62464K, used 62325K [0x00000000eab00000, 0x00000000f0080000, 0x0000000100000000)
  eden space 43520K, 100% used [0x00000000eab00000,0x00000000ed580000,0x00000000ed580000)
  from space 18944K, 99% used [0x00000000eee00000,0x00000000f005d4f0,0x00000000f0080000)
  to   space 20480K, 0% used [0x00000000ed880000,0x00000000ed880000,0x00000000eec80000)
 ParOldGen       total 296448K, used 291944K [0x00000000c0000000, 0x00000000d2180000, 0x00000000eab00000)
  object space 296448K, 98% used [0x00000000c0000000,0x00000000d1d1a220,0x00000000d2180000)
 Metaspace       used 69356K, committed 70528K, reserved 1114112K
  class space    used 7297K, committed 7808K, reserved 1048576K
}
Event: 32.755 GC heap after
{Heap after GC invocations=148 (full 10):
 PSYoungGen      total 64000K, used 25730K [0x00000000eab00000, 0x00000000f0100000, 0x0000000100000000)
  eden space 43520K, 59% used [0x00000000eab00000,0x00000000ec420a50,0x00000000ed580000)
  from space 20480K, 0% used [0x00000000ed880000,0x00000000ed880000,0x00000000eec80000)
  to   space 18944K, 0% used [0x00000000eee00000,0x00000000eee00000,0x00000000f0080000)
 ParOldGen       total 371200K, used 296328K [0x00000000c0000000, 0x00000000d6a80000, 0x00000000eab00000)
  object space 371200K, 79% used [0x00000000c0000000,0x00000000d2162380,0x00000000d6a80000)
 Metaspace       used 69356K, committed 70528K, reserved 1114112K
  class space    used 7297K, committed 7808K, reserved 1048576K
}
Event: 32.782 GC heap before
{Heap before GC invocations=149 (full 10):
 PSYoungGen      total 64000K, used 43520K [0x00000000eab00000, 0x00000000f0100000, 0x0000000100000000)
  eden space 43520K, 100% used [0x00000000eab00000,0x00000000ed580000,0x00000000ed580000)
  from space 20480K, 0% used [0x00000000ed880000,0x00000000ed880000,0x00000000eec80000)
  to   space 18944K, 0% used [0x00000000eee00000,0x00000000eee00000,0x00000000f0080000)
 ParOldGen       total 371200K, used 296328K [0x00000000c0000000, 0x00000000d6a80000, 0x00000000eab00000)
  object space 371200K, 79% used [0x00000000c0000000,0x00000000d2162380,0x00000000d6a80000)
 Metaspace       used 69356K, committed 70528K, reserved 1114112K
  class space    used 7297K, committed 7808K, reserved 1048576K
}
Event: 32.806 GC heap after
{Heap after GC invocations=149 (full 10):
 PSYoungGen      total 51200K, used 18935K [0x00000000eab00000, 0x00000000f2000000, 0x0000000100000000)
  eden space 32256K, 0% used [0x00000000eab00000,0x00000000eab00000,0x00000000eca80000)
  from space 18944K, 99% used [0x00000000eee00000,0x00000000f007dc30,0x00000000f0080000)
  to   space 36352K, 0% used [0x00000000eca80000,0x00000000eca80000,0x00000000eee00000)
 ParOldGen       total 371200K, used 310818K [0x00000000c0000000, 0x00000000d6a80000, 0x00000000eab00000)
  object space 371200K, 83% used [0x00000000c0000000,0x00000000d2f88b10,0x00000000d6a80000)
 Metaspace       used 69356K, committed 70528K, reserved 1114112K
  class space    used 7297K, committed 7808K, reserved 1048576K
}
Event: 33.096 GC heap before
{Heap before GC invocations=150 (full 10):
 PSYoungGen      total 51200K, used 50656K [0x00000000eab00000, 0x00000000f2000000, 0x0000000100000000)
  eden space 32256K, 98% used [0x00000000eab00000,0x00000000ec9fa540,0x00000000eca80000)
  from space 18944K, 99% used [0x00000000eee00000,0x00000000f007dc30,0x00000000f0080000)
  to   space 36352K, 0% used [0x00000000eca80000,0x00000000eca80000,0x00000000eee00000)
 ParOldGen       total 371200K, used 310818K [0x00000000c0000000, 0x00000000d6a80000, 0x00000000eab00000)
  object space 371200K, 83% used [0x00000000c0000000,0x00000000d2f88b10,0x00000000d6a80000)
 Metaspace       used 69370K, committed 70592K, reserved 1114112K
  class space    used 7297K, committed 7808K, reserved 1048576K
}
Event: 33.107 GC heap after
{Heap after GC invocations=150 (full 10):
 PSYoungGen      total 55808K, used 23486K [0x00000000eab00000, 0x00000000f0200000, 0x0000000100000000)
  eden space 32256K, 0% used [0x00000000eab00000,0x00000000eab00000,0x00000000eca80000)
  from space 23552K, 99% used [0x00000000eca80000,0x00000000ee16fa30,0x00000000ee180000)
  to   space 27136K, 0% used [0x00000000ee780000,0x00000000ee780000,0x00000000f0200000)
 ParOldGen       total 371200K, used 322589K [0x00000000c0000000, 0x00000000d6a80000, 0x00000000eab00000)
  object space 371200K, 86% used [0x00000000c0000000,0x00000000d3b077e8,0x00000000d6a80000)
 Metaspace       used 69370K, committed 70592K, reserved 1114112K
  class space    used 7297K, committed 7808K, reserved 1048576K
}
Event: 33.464 GC heap before
{Heap before GC invocations=151 (full 10):
 PSYoungGen      total 55808K, used 55742K [0x00000000eab00000, 0x00000000f0200000, 0x0000000100000000)
  eden space 32256K, 100% used [0x00000000eab00000,0x00000000eca80000,0x00000000eca80000)
  from space 23552K, 99% used [0x00000000eca80000,0x00000000ee16fa30,0x00000000ee180000)
  to   space 27136K, 0% used [0x00000000ee780000,0x00000000ee780000,0x00000000f0200000)
 ParOldGen       total 371200K, used 322589K [0x00000000c0000000, 0x00000000d6a80000, 0x00000000eab00000)
  object space 371200K, 86% used [0x00000000c0000000,0x00000000d3b077e8,0x00000000d6a80000)
 Metaspace       used 69412K, committed 70592K, reserved 1114112K
  class space    used 7302K, committed 7808K, reserved 1048576K
}
Event: 33.482 GC heap after
{Heap after GC invocations=151 (full 10):
 PSYoungGen      total 40448K, used 27117K [0x00000000eab00000, 0x00000000f2c00000, 0x0000000100000000)
  eden space 13312K, 0% used [0x00000000eab00000,0x00000000eab00000,0x00000000eb800000)
  from space 27136K, 99% used [0x00000000ee780000,0x00000000f01fb500,0x00000000f0200000)
  to   space 48640K, 0% used [0x00000000eb800000,0x00000000eb800000,0x00000000ee780000)
 ParOldGen       total 371200K, used 340201K [0x00000000c0000000, 0x00000000d6a80000, 0x00000000eab00000)
  object space 371200K, 91% used [0x00000000c0000000,0x00000000d4c3a558,0x00000000d6a80000)
 Metaspace       used 69412K, committed 70592K, reserved 1114112K
  class space    used 7302K, committed 7808K, reserved 1048576K
}
Event: 33.653 GC heap before
{Heap before GC invocations=152 (full 10):
 PSYoungGen      total 40448K, used 40429K [0x00000000eab00000, 0x00000000f2c00000, 0x0000000100000000)
  eden space 13312K, 100% used [0x00000000eab00000,0x00000000eb800000,0x00000000eb800000)
  from space 27136K, 99% used [0x00000000ee780000,0x00000000f01fb500,0x00000000f0200000)
  to   space 48640K, 0% used [0x00000000eb800000,0x00000000eb800000,0x00000000ee780000)
 ParOldGen       total 371200K, used 340201K [0x00000000c0000000, 0x00000000d6a80000, 0x00000000eab00000)
  object space 371200K, 91% used [0x00000000c0000000,0x00000000d4c3a558,0x00000000d6a80000)
 Metaspace       used 69433K, committed 70592K, reserved 1114112K
  class space    used 7302K, committed 7808K, reserved 1048576K
}
Event: 33.669 GC heap after
{Heap after GC invocations=152 (full 10):
 PSYoungGen      total 35840K, used 22113K [0x00000000eab00000, 0x00000000ef500000, 0x0000000100000000)
  eden space 13312K, 0% used [0x00000000eab00000,0x00000000eab00000,0x00000000eb800000)
  from space 22528K, 98% used [0x00000000eb800000,0x00000000ecd984d8,0x00000000ece00000)
  to   space 30720K, 0% used [0x00000000ed700000,0x00000000ed700000,0x00000000ef500000)
 ParOldGen       total 371200K, used 350301K [0x00000000c0000000, 0x00000000d6a80000, 0x00000000eab00000)
  object space 371200K, 94% used [0x00000000c0000000,0x00000000d56174e0,0x00000000d6a80000)
 Metaspace       used 69433K, committed 70592K, reserved 1114112K
  class space    used 7302K, committed 7808K, reserved 1048576K
}
Event: 34.116 GC heap before
{Heap before GC invocations=153 (full 10):
 PSYoungGen      total 35840K, used 35425K [0x00000000eab00000, 0x00000000ef500000, 0x0000000100000000)
  eden space 13312K, 100% used [0x00000000eab00000,0x00000000eb800000,0x00000000eb800000)
  from space 22528K, 98% used [0x00000000eb800000,0x00000000ecd984d8,0x00000000ece00000)
  to   space 30720K, 0% used [0x00000000ed700000,0x00000000ed700000,0x00000000ef500000)
 ParOldGen       total 371200K, used 350301K [0x00000000c0000000, 0x00000000d6a80000, 0x00000000eab00000)
  object space 371200K, 94% used [0x00000000c0000000,0x00000000d56174e0,0x00000000d6a80000)
 Metaspace       used 69525K, committed 70656K, reserved 1114112K
  class space    used 7311K, committed 7808K, reserved 1048576K
}
Event: 34.125 GC heap after
{Heap after GC invocations=153 (full 10):
 PSYoungGen      total 41472K, used 26631K [0x00000000eab00000, 0x00000000ef180000, 0x0000000100000000)
  eden space 14336K, 0% used [0x00000000eab00000,0x00000000eab00000,0x00000000eb900000)
  from space 27136K, 98% used [0x00000000ed700000,0x00000000ef101eb8,0x00000000ef180000)
  to   space 28160K, 0% used [0x00000000eba80000,0x00000000eba80000,0x00000000ed600000)
 ParOldGen       total 371200K, used 350309K [0x00000000c0000000, 0x00000000d6a80000, 0x00000000eab00000)
  object space 371200K, 94% used [0x00000000c0000000,0x00000000d56194e0,0x00000000d6a80000)
 Metaspace       used 69525K, committed 70656K, reserved 1114112K
  class space    used 7311K, committed 7808K, reserved 1048576K
}
Event: 34.156 GC heap before
{Heap before GC invocations=154 (full 10):
 PSYoungGen      total 41472K, used 40967K [0x00000000eab00000, 0x00000000ef180000, 0x0000000100000000)
  eden space 14336K, 100% used [0x00000000eab00000,0x00000000eb900000,0x00000000eb900000)
  from space 27136K, 98% used [0x00000000ed700000,0x00000000ef101eb8,0x00000000ef180000)
  to   space 28160K, 0% used [0x00000000eba80000,0x00000000eba80000,0x00000000ed600000)
 ParOldGen       total 371200K, used 350309K [0x00000000c0000000, 0x00000000d6a80000, 0x00000000eab00000)
  object space 371200K, 94% used [0x00000000c0000000,0x00000000d56194e0,0x00000000d6a80000)
 Metaspace       used 69554K, committed 70720K, reserved 1114112K
  class space    used 7312K, committed 7808K, reserved 1048576K
}
Event: 34.184 GC heap after
{Heap after GC invocations=154 (full 10):
 PSYoungGen      total 44032K, used 28133K [0x00000000eab00000, 0x00000000f0700000, 0x0000000100000000)
  eden space 15872K, 0% used [0x00000000eab00000,0x00000000eab00000,0x00000000eba80000)
  from space 28160K, 99% used [0x00000000eba80000,0x00000000ed5f9740,0x00000000ed600000)
  to   space 38912K, 0% used [0x00000000ee100000,0x00000000ee100000,0x00000000f0700000)
 ParOldGen       total 371200K, used 358966K [0x00000000c0000000, 0x00000000d6a80000, 0x00000000eab00000)
  object space 371200K, 96% used [0x00000000c0000000,0x00000000d5e8d870,0x00000000d6a80000)
 Metaspace       used 69554K, committed 70720K, reserved 1114112K
  class space    used 7312K, committed 7808K, reserved 1048576K
}
Event: 46.026 GC heap before
{Heap before GC invocations=155 (full 10):
 PSYoungGen      total 44032K, used 44005K [0x00000000eab00000, 0x00000000f0700000, 0x0000000100000000)
  eden space 15872K, 100% used [0x00000000eab00000,0x00000000eba80000,0x00000000eba80000)
  from space 28160K, 99% used [0x00000000eba80000,0x00000000ed5f9740,0x00000000ed600000)
  to   space 38912K, 0% used [0x00000000ee100000,0x00000000ee100000,0x00000000f0700000)
 ParOldGen       total 371200K, used 358966K [0x00000000c0000000, 0x00000000d6a80000, 0x00000000eab00000)
  object space 371200K, 96% used [0x00000000c0000000,0x00000000d5e8d870,0x00000000d6a80000)
 Metaspace       used 69785K, committed 70912K, reserved 1114112K
  class space    used 7325K, committed 7808K, reserved 1048576K
}
Event: 46.046 GC heap after
{Heap after GC invocations=155 (full 10):
 PSYoungGen      total 24576K, used 6176K [0x00000000eab00000, 0x00000000ee780000, 0x0000000100000000)
  eden space 17920K, 0% used [0x00000000eab00000,0x00000000eab00000,0x00000000ebc80000)
  from space 6656K, 92% used [0x00000000ee100000,0x00000000ee708018,0x00000000ee780000)
  to   space 17920K, 0% used [0x00000000ec480000,0x00000000ec480000,0x00000000ed600000)
 ParOldGen       total 377856K, used 377582K [0x00000000c0000000, 0x00000000d7100000, 0x00000000eab00000)
  object space 377856K, 99% used [0x00000000c0000000,0x00000000d70bba38,0x00000000d7100000)
 Metaspace       used 69785K, committed 70912K, reserved 1114112K
  class space    used 7325K, committed 7808K, reserved 1048576K
}

Dll operation events (10 events):
Event: 0.017 Loaded shared library c:\Users\asus\.vscode\extensions\redhat.java-1.38.2024120308-win32-x64\jre\17.0.13-win32-x86_64\bin\java.dll
Event: 0.101 Loaded shared library c:\Users\asus\.vscode\extensions\redhat.java-1.38.2024120308-win32-x64\jre\17.0.13-win32-x86_64\bin\zip.dll
Event: 0.104 Loaded shared library C:\Users\asus\.vscode\extensions\redhat.java-1.38.2024120308-win32-x64\jre\17.0.13-win32-x86_64\bin\instrument.dll
Event: 0.115 Loaded shared library C:\Users\asus\.vscode\extensions\redhat.java-1.38.2024120308-win32-x64\jre\17.0.13-win32-x86_64\bin\net.dll
Event: 0.117 Loaded shared library C:\Users\asus\.vscode\extensions\redhat.java-1.38.2024120308-win32-x64\jre\17.0.13-win32-x86_64\bin\nio.dll
Event: 0.124 Loaded shared library C:\Users\asus\.vscode\extensions\redhat.java-1.38.2024120308-win32-x64\jre\17.0.13-win32-x86_64\bin\zip.dll
Event: 0.140 Loaded shared library C:\Users\asus\.vscode\extensions\redhat.java-1.38.2024120308-win32-x64\jre\17.0.13-win32-x86_64\bin\jimage.dll
Event: 0.186 Loaded shared library c:\Users\asus\.vscode\extensions\redhat.java-1.38.2024120308-win32-x64\jre\17.0.13-win32-x86_64\bin\verify.dll
Event: 6.834 Loaded shared library C:\Users\asus\AppData\Roaming\Code\User\globalStorage\redhat.java\1.38.2024120308\config_win\org.eclipse.equinox.launcher\org.eclipse.equinox.launcher.win32.win32.x86_64_1.2.1100.v20240722-2106\eclipse_11904.dll
Event: 18.221 Loaded shared library C:\Users\asus\AppData\Local\Temp\jna-3003984\jna1576867341117526453.dll

Deoptimization events (20 events):
Event: 324.637 Thread 0x000002c3c3fdd3b0 Uncommon trap: trap_request=0xffffffde fr.pc=0x000002c3b3750948 relative=0x0000000000000228
Event: 324.637 Thread 0x000002c3c3fdd3b0 Uncommon trap: reason=class_check action=maybe_recompile pc=0x000002c3b3750948 method=java.io.DataOutputStream.writeByte(I)V @ 5 c2
Event: 324.637 Thread 0x000002c3c3fdd3b0 DEOPT PACKING pc=0x000002c3b3750948 sp=0x000000f3b19ff1a0
Event: 324.637 Thread 0x000002c3c3fdd3b0 DEOPT UNPACKING pc=0x000002c3b2bc9ea3 sp=0x000000f3b19ff168 mode 2
Event: 324.637 Thread 0x000002c3c3fdd3b0 Uncommon trap: trap_request=0xffffffde fr.pc=0x000002c3b3750948 relative=0x0000000000000228
Event: 324.637 Thread 0x000002c3c3fdd3b0 Uncommon trap: reason=class_check action=maybe_recompile pc=0x000002c3b3750948 method=java.io.DataOutputStream.writeByte(I)V @ 5 c2
Event: 324.637 Thread 0x000002c3c3fdd3b0 DEOPT PACKING pc=0x000002c3b3750948 sp=0x000000f3b19ff1a0
Event: 324.637 Thread 0x000002c3c3fdd3b0 DEOPT UNPACKING pc=0x000002c3b2bc9ea3 sp=0x000000f3b19ff168 mode 2
Event: 324.637 Thread 0x000002c3c3fdd3b0 Uncommon trap: trap_request=0xffffffde fr.pc=0x000002c3b37510e4 relative=0x00000000000002c4
Event: 324.637 Thread 0x000002c3c3fdd3b0 Uncommon trap: reason=class_check action=maybe_recompile pc=0x000002c3b37510e4 method=java.io.DataOutputStream.writeInt(I)V @ 53 c2
Event: 324.637 Thread 0x000002c3c3fdd3b0 DEOPT PACKING pc=0x000002c3b37510e4 sp=0x000000f3b19ff050
Event: 324.637 Thread 0x000002c3c3fdd3b0 DEOPT UNPACKING pc=0x000002c3b2bc9ea3 sp=0x000000f3b19ff008 mode 2
Event: 324.637 Thread 0x000002c3c3fdd3b0 Uncommon trap: trap_request=0xffffffde fr.pc=0x000002c3b37510e4 relative=0x00000000000002c4
Event: 324.637 Thread 0x000002c3c3fdd3b0 Uncommon trap: reason=class_check action=maybe_recompile pc=0x000002c3b37510e4 method=java.io.DataOutputStream.writeInt(I)V @ 53 c2
Event: 324.637 Thread 0x000002c3c3fdd3b0 DEOPT PACKING pc=0x000002c3b37510e4 sp=0x000000f3b19feff0
Event: 324.637 Thread 0x000002c3c3fdd3b0 DEOPT UNPACKING pc=0x000002c3b2bc9ea3 sp=0x000000f3b19fefa8 mode 2
Event: 324.647 Thread 0x000002c3c3fdd3b0 Uncommon trap: trap_request=0xffffff45 fr.pc=0x000002c3b34f82b0 relative=0x0000000000000190
Event: 324.647 Thread 0x000002c3c3fdd3b0 Uncommon trap: reason=unstable_if action=reinterpret pc=0x000002c3b34f82b0 method=jdk.internal.org.objectweb.asm.Frame.push(I)V @ 26 c2
Event: 324.647 Thread 0x000002c3c3fdd3b0 DEOPT PACKING pc=0x000002c3b34f82b0 sp=0x000000f3b19fd750
Event: 324.647 Thread 0x000002c3c3fdd3b0 DEOPT UNPACKING pc=0x000002c3b2bc9ea3 sp=0x000000f3b19fd6d8 mode 2

Classes loaded (20 events):
Event: 31.364 Loading class sun/util/resources/TimeZoneNames_en
Event: 31.364 Loading class sun/util/resources/TimeZoneNames_en done
Event: 324.534 Loading class java/util/stream/Nodes$CollectorTask$OfRef
Event: 324.543 Loading class java/util/stream/Nodes$CollectorTask
Event: 324.546 Loading class java/util/stream/AbstractTask
Event: 324.550 Loading class java/util/stream/AbstractTask done
Event: 324.550 Loading class java/util/stream/Nodes$CollectorTask done
Event: 324.550 Loading class java/util/stream/Nodes$CollectorTask$OfRef done
Event: 324.553 Loading class java/util/function/LongFunction
Event: 324.555 Loading class java/util/function/LongFunction done
Event: 324.558 Loading class java/util/stream/Nodes$ConcNode
Event: 324.559 Loading class java/util/stream/Nodes$AbstractConcNode
Event: 324.562 Loading class java/util/stream/Nodes$AbstractConcNode done
Event: 324.562 Loading class java/util/stream/Nodes$ConcNode done
Event: 324.609 Loading class java/io/ObjectOutputStream$BlockDataOutputStream
Event: 324.611 Loading class java/io/ObjectOutputStream$BlockDataOutputStream done
Event: 324.611 Loading class java/io/ObjectOutputStream$HandleTable
Event: 324.612 Loading class java/io/ObjectOutputStream$HandleTable done
Event: 324.612 Loading class java/io/ObjectOutputStream$ReplaceTable
Event: 324.614 Loading class java/io/ObjectOutputStream$ReplaceTable done

Classes unloaded (7 events):
Event: 21.631 Thread 0x000002c3c1a745f0 Unloading class 0x0000000100254000 'java/lang/invoke/LambdaForm$MH+0x0000000100254000'
Event: 21.631 Thread 0x000002c3c1a745f0 Unloading class 0x0000000100253c00 'java/lang/invoke/LambdaForm$MH+0x0000000100253c00'
Event: 21.631 Thread 0x000002c3c1a745f0 Unloading class 0x0000000100253800 'java/lang/invoke/LambdaForm$MH+0x0000000100253800'
Event: 21.631 Thread 0x000002c3c1a745f0 Unloading class 0x0000000100253400 'java/lang/invoke/LambdaForm$MH+0x0000000100253400'
Event: 21.631 Thread 0x000002c3c1a745f0 Unloading class 0x0000000100253000 'java/lang/invoke/LambdaForm$BMH+0x0000000100253000'
Event: 21.631 Thread 0x000002c3c1a745f0 Unloading class 0x0000000100252c00 'java/lang/invoke/LambdaForm$DMH+0x0000000100252c00'
Event: 21.631 Thread 0x000002c3c1a745f0 Unloading class 0x0000000100250400 'java/lang/invoke/LambdaForm$DMH+0x0000000100250400'

Classes redefined (0 events):
No events

Internal exceptions (20 events):
Event: 29.084 Thread 0x000002c3c3fdbf70 Exception <a 'sun/nio/fs/WindowsException'{0x00000000eadfe288}> (0x00000000eadfe288) 
thrown [s\src\hotspot\share\prims\jni.cpp, line 516]
Event: 29.084 Thread 0x000002c3c3fdbf70 Exception <a 'sun/nio/fs/WindowsException'{0x00000000eadfe8c0}> (0x00000000eadfe8c0) 
thrown [s\src\hotspot\share\prims\jni.cpp, line 516]
Event: 29.144 Thread 0x000002c3c3fdc480 Exception <a 'sun/nio/fs/WindowsException'{0x00000000eb057720}> (0x00000000eb057720) 
thrown [s\src\hotspot\share\prims\jni.cpp, line 516]
Event: 29.144 Thread 0x000002c3c3fdc480 Exception <a 'sun/nio/fs/WindowsException'{0x00000000eb057a60}> (0x00000000eb057a60) 
thrown [s\src\hotspot\share\prims\jni.cpp, line 516]
Event: 29.245 Thread 0x000002c3c3fdbf70 Exception <a 'sun/nio/fs/WindowsException'{0x00000000eafa67d0}> (0x00000000eafa67d0) 
thrown [s\src\hotspot\share\prims\jni.cpp, line 516]
Event: 29.245 Thread 0x000002c3c3fdbf70 Exception <a 'sun/nio/fs/WindowsException'{0x00000000eafa6e08}> (0x00000000eafa6e08) 
thrown [s\src\hotspot\share\prims\jni.cpp, line 516]
Event: 29.323 Thread 0x000002c3c5341c30 Exception <a 'sun/nio/fs/WindowsException'{0x00000000eac6da80}> (0x00000000eac6da80) 
thrown [s\src\hotspot\share\prims\jni.cpp, line 516]
Event: 29.324 Thread 0x000002c3c5341c30 Exception <a 'sun/nio/fs/WindowsException'{0x00000000eaca19a8}> (0x00000000eaca19a8) 
thrown [s\src\hotspot\share\prims\jni.cpp, line 516]
Event: 29.325 Thread 0x000002c3c5341c30 Exception <a 'sun/nio/fs/WindowsException'{0x00000000eaca2878}> (0x00000000eaca2878) 
thrown [s\src\hotspot\share\prims\jni.cpp, line 516]
Event: 29.325 Thread 0x000002c3c5341c30 Exception <a 'sun/nio/fs/WindowsException'{0x00000000eacbbec0}> (0x00000000eacbbec0) 
thrown [s\src\hotspot\share\prims\jni.cpp, line 516]
Event: 29.326 Thread 0x000002c3c5341c30 Exception <a 'sun/nio/fs/WindowsException'{0x00000000eacd8630}> (0x00000000eacd8630) 
thrown [s\src\hotspot\share\prims\jni.cpp, line 516]
Event: 29.326 Thread 0x000002c3c5341c30 Exception <a 'sun/nio/fs/WindowsException'{0x00000000eacd8f10}> (0x00000000eacd8f10) 
thrown [s\src\hotspot\share\prims\jni.cpp, line 516]
Event: 29.411 Thread 0x000002c3c3fdbf70 Exception <a 'java/lang/NoSuchMethodError'{0x00000000eaf84110}: 'java.lang.Object java.lang.invoke.DirectMethodHandle$Holder.invokeStatic(java.lang.Object, java.lang.Object, int, java.lang.Object)'> (0x00000000eaf84110) 
thrown [s\src\hotspot\share\interpreter\linkResolver.cpp, line 759]
Event: 29.429 Thread 0x000002c3c3fdbf70 Exception <a 'java/lang/NoSuchMethodError'{0x00000000ead83b80}: 'java.lang.Object java.lang.invoke.DirectMethodHandle$Holder.newInvokeSpecial(java.lang.Object, java.lang.Object, int)'> (0x00000000ead83b80) 
thrown [s\src\hotspot\share\interpreter\linkResolver.cpp, line 759]
Event: 29.548 Thread 0x000002c3c5340d00 Exception <a 'sun/nio/fs/WindowsException'{0x00000000eae2d868}> (0x00000000eae2d868) 
thrown [s\src\hotspot\share\prims\jni.cpp, line 516]
Event: 34.089 Thread 0x000002c3c3fdab30 Exception <a 'sun/nio/fs/WindowsException'{0x00000000eb07a930}> (0x00000000eb07a930) 
thrown [s\src\hotspot\share\prims\jni.cpp, line 516]
Event: 45.969 Thread 0x000002c3c59f2e60 Implicit null exception at 0x000002c3b3566221 to 0x000002c3b35663e0
Event: 324.637 Thread 0x000002c3c3fdd3b0 Implicit null exception at 0x000002c3b374ad1a to 0x000002c3b374b568
Event: 324.653 Thread 0x000002c3c3fdd3b0 Exception <a 'java/lang/NoSuchMethodError'{0x00000000eb438ca0}: 'java.lang.Object java.lang.invoke.DirectMethodHandle$Holder.newInvokeSpecial(java.lang.Object, java.lang.Object, java.lang.Object, java.lang.Object, java.lang.Object, java.lang.Object, java.lang.Object, java.lang.Object)'> (0x00000000eb438ca0) 
thrown [s\src\hotspot\share\interpreter\linkResolver.cpp, line 759]
Event: 324.654 Thread 0x000002c3c3fdd3b0 Exception <a 'java/lang/NoSuchMethodError'{0x00000000eb43e490}: 'java.lang.Object java.lang.invoke.Invokers$Holder.linkToTargetMethod(java.lang.Object, java.lang.Object, java.lang.Object, java.lang.Object, java.lang.Object, java.lang.Object, java.lang.Object, java.lang.Object)'> (0x00000000eb43e490) 
thrown [s\src\hotspot\share\interpreter\linkResolver.cpp, line 759]

VM Operations (20 events):
Event: 34.116 Executing VM operation: ParallelGCFailedAllocation
Event: 34.125 Executing VM operation: ParallelGCFailedAllocation done
Event: 34.156 Executing VM operation: ParallelGCFailedAllocation
Event: 34.184 Executing VM operation: ParallelGCFailedAllocation done
Event: 36.184 Executing VM operation: Cleanup
Event: 36.184 Executing VM operation: Cleanup done
Event: 46.025 Executing VM operation: ParallelGCFailedAllocation
Event: 46.046 Executing VM operation: ParallelGCFailedAllocation done
Event: 47.046 Executing VM operation: Cleanup
Event: 47.046 Executing VM operation: Cleanup done
Event: 50.048 Executing VM operation: Cleanup
Event: 50.048 Executing VM operation: Cleanup done
Event: 60.243 Executing VM operation: HandshakeAllThreads
Event: 60.243 Executing VM operation: HandshakeAllThreads done
Event: 120.355 Executing VM operation: HandshakeAllThreads
Event: 120.355 Executing VM operation: HandshakeAllThreads done
Event: 123.356 Executing VM operation: Cleanup
Event: 123.356 Executing VM operation: Cleanup done
Event: 324.457 Executing VM operation: Cleanup
Event: 324.458 Executing VM operation: Cleanup done

Memory protections (0 events):
No events

Nmethod flushes (20 events):
Event: 30.077 Thread 0x000002c3c1acef90 flushing  nmethod 0x000002c3ac593a10
Event: 30.077 Thread 0x000002c3c1acef90 flushing  nmethod 0x000002c3ac597290
Event: 30.077 Thread 0x000002c3c1acef90 flushing  nmethod 0x000002c3ac597910
Event: 30.077 Thread 0x000002c3c1acef90 flushing  nmethod 0x000002c3ac598210
Event: 30.077 Thread 0x000002c3c1acef90 flushing  nmethod 0x000002c3ac599310
Event: 30.077 Thread 0x000002c3c1acef90 flushing  nmethod 0x000002c3ac5a4410
Event: 30.077 Thread 0x000002c3c1acef90 flushing  nmethod 0x000002c3ac5a4790
Event: 30.077 Thread 0x000002c3c1acef90 flushing  nmethod 0x000002c3ac5a4e90
Event: 30.077 Thread 0x000002c3c1acef90 flushing  nmethod 0x000002c3ac5b3e10
Event: 30.079 Thread 0x000002c3c1acef90 flushing  nmethod 0x000002c3ac6b6490
Event: 30.080 Thread 0x000002c3c1acef90 flushing  nmethod 0x000002c3ac753210
Event: 30.080 Thread 0x000002c3c1acef90 flushing  nmethod 0x000002c3ac768190
Event: 30.080 Thread 0x000002c3c1acef90 flushing  nmethod 0x000002c3ac76ba90
Event: 34.132 Thread 0x000002c3c1acef90 flushing  nmethod 0x000002c3ac263c10
Event: 34.134 Thread 0x000002c3c1acef90 flushing  nmethod 0x000002c3ac585410
Event: 34.134 Thread 0x000002c3c1acef90 flushing  nmethod 0x000002c3ac595e90
Event: 34.134 Thread 0x000002c3c1acef90 flushing  nmethod 0x000002c3ac596410
Event: 34.134 Thread 0x000002c3c1acef90 flushing  nmethod 0x000002c3ac598890
Event: 34.134 Thread 0x000002c3c1acef90 flushing  nmethod 0x000002c3ac5a9890
Event: 34.136 Thread 0x000002c3c1acef90 flushing  nmethod 0x000002c3ac783d10

Events (20 events):
Event: 46.000 Thread 0x000002c3c1ac2250 Thread added: 0x000002c3d00ef9b0
Event: 46.001 Thread 0x000002c3c5347750 Thread added: 0x000002c3c5341720
Event: 46.936 Thread 0x000002c3d00ee470 Thread exited: 0x000002c3d00ee470
Event: 49.270 Thread 0x000002c3d00ef9b0 Thread exited: 0x000002c3d00ef9b0
Event: 85.399 Thread 0x000002c3d01f25b0 Thread exited: 0x000002c3d01f25b0
Event: 87.181 Thread 0x000002c3d01ed9c0 Thread exited: 0x000002c3d01ed9c0
Event: 106.398 Thread 0x000002c3c3fdbf70 Thread exited: 0x000002c3c3fdbf70
Event: 106.421 Thread 0x000002c3c3fdcea0 Thread exited: 0x000002c3c3fdcea0
Event: 106.447 Thread 0x000002c3d01f0750 Thread exited: 0x000002c3d01f0750
Event: 106.447 Thread 0x000002c3c3fdb550 Thread exited: 0x000002c3c3fdb550
Event: 106.447 Thread 0x000002c3c3fdc480 Thread exited: 0x000002c3c3fdc480
Event: 109.272 Thread 0x000002c3c5340d00 Thread exited: 0x000002c3c5340d00
Event: 145.399 Thread 0x000002c3c59eec90 Thread exited: 0x000002c3c59eec90
Event: 169.273 Thread 0x000002c3c5347750 Thread exited: 0x000002c3c5347750
Event: 205.400 Thread 0x000002c3c59f3370 Thread exited: 0x000002c3c59f3370
Event: 229.274 Thread 0x000002c3c5341720 Thread exited: 0x000002c3c5341720
Event: 265.409 Thread 0x000002c3c59f1a20 Thread exited: 0x000002c3c59f1a20
Event: 289.276 Thread 0x000002c3c53402e0 Thread exited: 0x000002c3c53402e0
Event: 324.519 Thread 0x000002c3c3fdd3b0 Thread added: 0x000002c3c5347750
Event: 324.571 Thread 0x000002c3c5347750 Thread exited: 0x000002c3c5347750


Dynamic libraries:
0x00007ff683c60000 - 0x00007ff683c6e000 	c:\Users\asus\.vscode\extensions\redhat.java-1.38.2024120308-win32-x64\jre\17.0.13-win32-x86_64\bin\java.exe
0x00007fff081f0000 - 0x00007fff08407000 	C:\Windows\SYSTEM32\ntdll.dll
0x00007fff060d0000 - 0x00007fff06194000 	C:\Windows\System32\KERNEL32.DLL
0x00007fff05960000 - 0x00007fff05d19000 	C:\Windows\System32\KERNELBASE.dll
0x00007fff05840000 - 0x00007fff05951000 	C:\Windows\System32\ucrtbase.dll
0x00007ffedc8e0000 - 0x00007ffedc8f7000 	c:\Users\asus\.vscode\extensions\redhat.java-1.38.2024120308-win32-x64\jre\17.0.13-win32-x86_64\bin\jli.dll
0x00007ffea8d20000 - 0x00007ffea8d3e000 	c:\Users\asus\.vscode\extensions\redhat.java-1.38.2024120308-win32-x64\jre\17.0.13-win32-x86_64\bin\VCRUNTIME140.dll
0x00007fff06880000 - 0x00007fff06a2e000 	C:\Windows\System32\USER32.dll
0x00007fff05ee0000 - 0x00007fff05f06000 	C:\Windows\System32\win32u.dll
0x00007fff061a0000 - 0x00007fff061c9000 	C:\Windows\System32\GDI32.dll
0x00007ffeef430000 - 0x00007ffeef6c2000 	C:\Windows\WinSxS\amd64_microsoft.windows.common-controls_6595b64144ccf1df_6.0.22621.4391_none_2715d37f73803e96\COMCTL32.dll
0x00007fff05dc0000 - 0x00007fff05edb000 	C:\Windows\System32\gdi32full.dll
0x00007fff05d20000 - 0x00007fff05dba000 	C:\Windows\System32\msvcp_win.dll
0x00007fff05f10000 - 0x00007fff05fb7000 	C:\Windows\System32\msvcrt.dll
0x00007fff06280000 - 0x00007fff062b1000 	C:\Windows\System32\IMM32.DLL
0x00007ffedd1c0000 - 0x00007ffedd1cc000 	c:\Users\asus\.vscode\extensions\redhat.java-1.38.2024120308-win32-x64\jre\17.0.13-win32-x86_64\bin\vcruntime140_1.dll
0x00007ffea6f70000 - 0x00007ffea6ffd000 	c:\Users\asus\.vscode\extensions\redhat.java-1.38.2024120308-win32-x64\jre\17.0.13-win32-x86_64\bin\msvcp140.dll
0x00007ffea6300000 - 0x00007ffea6f6b000 	c:\Users\asus\.vscode\extensions\redhat.java-1.38.2024120308-win32-x64\jre\17.0.13-win32-x86_64\bin\server\jvm.dll
0x00007fff06330000 - 0x00007fff063e2000 	C:\Windows\System32\ADVAPI32.dll
0x00007fff07d90000 - 0x00007fff07e37000 	C:\Windows\System32\sechost.dll
0x00007fff054f0000 - 0x00007fff05518000 	C:\Windows\System32\bcrypt.dll
0x00007fff07ed0000 - 0x00007fff07fe4000 	C:\Windows\System32\RPCRT4.dll
0x00007fff05fc0000 - 0x00007fff06031000 	C:\Windows\System32\WS2_32.dll
0x00007fff043a0000 - 0x00007fff043ed000 	C:\Windows\SYSTEM32\POWRPROF.dll
0x00007ffefe1a0000 - 0x00007ffefe1aa000 	C:\Windows\SYSTEM32\VERSION.dll
0x00007ffefdf70000 - 0x00007ffefdfa4000 	C:\Windows\SYSTEM32\WINMM.dll
0x00007fff04360000 - 0x00007fff04373000 	C:\Windows\SYSTEM32\UMPDC.dll
0x00007fff04620000 - 0x00007fff04638000 	C:\Windows\SYSTEM32\kernel.appcore.dll
0x00007ffedcd00000 - 0x00007ffedcd0a000 	c:\Users\asus\.vscode\extensions\redhat.java-1.38.2024120308-win32-x64\jre\17.0.13-win32-x86_64\bin\jimage.dll
0x00007fff02900000 - 0x00007fff02b32000 	C:\Windows\SYSTEM32\DBGHELP.DLL
0x00007fff064f0000 - 0x00007fff0687f000 	C:\Windows\System32\combase.dll
0x00007fff06c00000 - 0x00007fff06cd7000 	C:\Windows\System32\OLEAUT32.dll
0x00007ffef6ac0000 - 0x00007ffef6af2000 	C:\Windows\SYSTEM32\dbgcore.DLL
0x00007fff057c0000 - 0x00007fff0583b000 	C:\Windows\System32\bcryptPrimitives.dll
0x00007ffec15e0000 - 0x00007ffec15ee000 	c:\Users\asus\.vscode\extensions\redhat.java-1.38.2024120308-win32-x64\jre\17.0.13-win32-x86_64\bin\instrument.dll
0x00007ffea62d0000 - 0x00007ffea62f5000 	c:\Users\asus\.vscode\extensions\redhat.java-1.38.2024120308-win32-x64\jre\17.0.13-win32-x86_64\bin\java.dll
0x00007ffea62b0000 - 0x00007ffea62c8000 	c:\Users\asus\.vscode\extensions\redhat.java-1.38.2024120308-win32-x64\jre\17.0.13-win32-x86_64\bin\zip.dll
0x00007fff06de0000 - 0x00007fff07656000 	C:\Windows\System32\SHELL32.dll
0x00007fff03400000 - 0x00007fff03d03000 	C:\Windows\SYSTEM32\windows.storage.dll
0x00007fff032c0000 - 0x00007fff033ff000 	C:\Windows\SYSTEM32\wintypes.dll
0x00007fff063f0000 - 0x00007fff064e9000 	C:\Windows\System32\SHCORE.dll
0x00007fff062c0000 - 0x00007fff0631e000 	C:\Windows\System32\shlwapi.dll
0x00007fff05420000 - 0x00007fff0544b000 	C:\Windows\SYSTEM32\profapi.dll
0x00007ffea6290000 - 0x00007ffea62a9000 	C:\Users\asus\.vscode\extensions\redhat.java-1.38.2024120308-win32-x64\jre\17.0.13-win32-x86_64\bin\net.dll
0x00007ffeff1b0000 - 0x00007ffeff2e6000 	C:\Windows\SYSTEM32\WINHTTP.dll
0x00007fff04aa0000 - 0x00007fff04b09000 	C:\Windows\system32\mswsock.dll
0x00007ffea6270000 - 0x00007ffea6286000 	C:\Users\asus\.vscode\extensions\redhat.java-1.38.2024120308-win32-x64\jre\17.0.13-win32-x86_64\bin\nio.dll
0x00007ffebf920000 - 0x00007ffebf930000 	c:\Users\asus\.vscode\extensions\redhat.java-1.38.2024120308-win32-x64\jre\17.0.13-win32-x86_64\bin\verify.dll
0x00007ffea6180000 - 0x00007ffea61c5000 	C:\Users\asus\AppData\Roaming\Code\User\globalStorage\redhat.java\1.38.2024120308\config_win\org.eclipse.equinox.launcher\org.eclipse.equinox.launcher.win32.win32.x86_64_1.2.1100.v20240722-2106\eclipse_11904.dll
0x00007fff07be0000 - 0x00007fff07d85000 	C:\Windows\System32\ole32.dll
0x00007fff04cf0000 - 0x00007fff04d0b000 	C:\Windows\SYSTEM32\CRYPTSP.dll
0x00007fff04580000 - 0x00007fff045b5000 	C:\Windows\system32\rsaenh.dll
0x00007fff04b90000 - 0x00007fff04bb8000 	C:\Windows\SYSTEM32\USERENV.dll
0x00007fff04d10000 - 0x00007fff04d1c000 	C:\Windows\SYSTEM32\CRYPTBASE.dll
0x00007fff03fe0000 - 0x00007fff0400d000 	C:\Windows\SYSTEM32\IPHLPAPI.DLL
0x00007fff07660000 - 0x00007fff07669000 	C:\Windows\System32\NSI.dll
0x00007ffeff030000 - 0x00007ffeff049000 	C:\Windows\SYSTEM32\dhcpcsvc6.DLL
0x00007ffeff010000 - 0x00007ffeff02f000 	C:\Windows\SYSTEM32\dhcpcsvc.DLL
0x00007fff04050000 - 0x00007fff04152000 	C:\Windows\SYSTEM32\DNSAPI.dll
0x00007ffea60e0000 - 0x00007ffea6129000 	C:\Users\asus\AppData\Local\Temp\jna-3003984\jna1576867341117526453.dll
0x00007fff06320000 - 0x00007fff06328000 	C:\Windows\System32\PSAPI.DLL

dbghelp: loaded successfully - version: 4.0.5 - missing functions: none
symbol engine: initialized successfully - sym options: 0x614 - pdb path: .;c:\Users\asus\.vscode\extensions\redhat.java-1.38.2024120308-win32-x64\jre\17.0.13-win32-x86_64\bin;C:\Windows\SYSTEM32;C:\Windows\WinSxS\amd64_microsoft.windows.common-controls_6595b64144ccf1df_6.0.22621.4391_none_2715d37f73803e96;c:\Users\asus\.vscode\extensions\redhat.java-1.38.2024120308-win32-x64\jre\17.0.13-win32-x86_64\bin\server;C:\Users\asus\AppData\Roaming\Code\User\globalStorage\redhat.java\1.38.2024120308\config_win\org.eclipse.equinox.launcher\org.eclipse.equinox.launcher.win32.win32.x86_64_1.2.1100.v20240722-2106;C:\Users\asus\AppData\Local\Temp\jna-3003984

VM Arguments:
jvm_args: --add-modules=ALL-SYSTEM --add-opens=java.base/java.util=ALL-UNNAMED --add-opens=java.base/java.lang=ALL-UNNAMED --add-opens=java.base/sun.nio.fs=ALL-UNNAMED -Declipse.application=org.eclipse.jdt.ls.core.id1 -Dosgi.bundles.defaultStartLevel=4 -Declipse.product=org.eclipse.jdt.ls.core.product -Djava.import.generatesMetadataFilesAtProjectRoot=false -DDetectVMInstallationsJob.disabled=true -Dfile.encoding=utf8 -XX:+UseParallelGC -XX:GCTimeRatio=4 -XX:AdaptiveSizePolicyWeight=90 -Dsun.zip.disableMemoryMapping=true -Xmx1G -Xms100m -Xlog:disable -javaagent:c:\Users\asus\.vscode\extensions\redhat.java-1.38.2024120308-win32-x64\lombok\lombok-1.18.34.jar -XX:+HeapDumpOnOutOfMemoryError -XX:HeapDumpPath=c:\Users\asus\AppData\Roaming\Code\User\workspaceStorage\a16dd82b8a1b6def2440a7390a2f15a2\redhat.java -Daether.dependencyCollector.impl=bf 
java_command: c:\Users\asus\.vscode\extensions\redhat.java-1.38.2024120308-win32-x64\server\plugins\org.eclipse.equinox.launcher_1.6.900.v20240613-2009.jar -configuration c:\Users\asus\AppData\Roaming\Code\User\globalStorage\redhat.java\1.38.2024120308\config_win -data c:\Users\asus\AppData\Roaming\Code\User\workspaceStorage\a16dd82b8a1b6def2440a7390a2f15a2\redhat.java\jdt_ws --pipe=\\.\pipe\lsp-d07544c35e8eab13816a69cadaae6a43-sock
java_class_path (initial): c:\Users\asus\.vscode\extensions\redhat.java-1.38.2024120308-win32-x64\server\plugins\org.eclipse.equinox.launcher_1.6.900.v20240613-2009.jar
Launcher Type: SUN_STANDARD

[Global flags]
    uintx AdaptiveSizePolicyWeight                 = 90                                        {product} {command line}
     intx CICompilerCount                          = 12                                        {product} {ergonomic}
    uintx GCTimeRatio                              = 4                                         {product} {command line}
     bool HeapDumpOnOutOfMemoryError               = true                                   {manageable} {command line}
    ccstr HeapDumpPath                             = c:\Users\asus\AppData\Roaming\Code\User\workspaceStorage\a16dd82b8a1b6def2440a7390a2f15a2\redhat.java         {manageable} {command line}
   size_t InitialHeapSize                          = 104857600                                 {product} {command line}
   size_t MaxHeapSize                              = 1073741824                                {product} {command line}
   size_t MaxNewSize                               = 357564416                                 {product} {ergonomic}
   size_t MinHeapDeltaBytes                        = 524288                                    {product} {ergonomic}
   size_t MinHeapSize                              = 104857600                                 {product} {command line}
   size_t NewSize                                  = 34603008                                  {product} {ergonomic}
    uintx NonNMethodCodeHeapSize                   = 7602480                                {pd product} {ergonomic}
    uintx NonProfiledCodeHeapSize                  = 122027880                              {pd product} {ergonomic}
   size_t OldSize                                  = 70254592                                  {product} {ergonomic}
    uintx ProfiledCodeHeapSize                     = 122027880                              {pd product} {ergonomic}
    uintx ReservedCodeCacheSize                    = 251658240                              {pd product} {ergonomic}
     bool SegmentedCodeCache                       = true                                      {product} {ergonomic}
   size_t SoftMaxHeapSize                          = 1073741824                             {manageable} {ergonomic}
     bool UseCompressedClassPointers               = true                           {product lp64_product} {ergonomic}
     bool UseCompressedOops                        = true                           {product lp64_product} {ergonomic}
     bool UseLargePagesIndividualAllocation        = false                                  {pd product} {ergonomic}
     bool UseParallelGC                            = true                                      {product} {command line}

Logging:
Log output configuration:
 #0: stdout all=off uptime,level,tags
 #1: stderr all=off uptime,level,tags

Environment Variables:
JAVA_HOME=C:\Program Files\Java\jdk-21
PATH=D:\app\VMware\VMware Workstation\bin\;C:\Program Files\Java\jdk-21\bin;C:\Program Files\Common Files\Oracle\Java\javapath;C:\Windows\system32;C:\Windows;C:\Windows\System32\Wbem;C:\Windows\System32\WindowsPowerShell\v1.0\;C:\Windows\System32\OpenSSH\;C:\Program Files (x86)\NVIDIA Corporation\PhysX\Common;C:\Program Files\NVIDIA Corporation\NVIDIA NvDLISR;C:\Program Files\dotnet\;D:\matlab\app1\bin;D:\matlab\app\bin;C:\Program Files\Java\jdk-21\bin;D:\Git\cmd;C:\Program Files\Microsoft SQL Server\150\Tools\Binn\;D:\app\Putty\;C:\Program Files\Microsoft SQL Server\Client SDK\ODBC\170\Tools\Binn\;C:\Users\asus\AppData\Local\Programs\Python\Python312\Scripts\;C:\Users\asus\AppData\Local\Programs\Python\Python312\;C:\Users\asus\AppData\Local\Programs\Python\Launcher\;C:\Users\asus\AppData\Local\Microsoft\WindowsApps;D:\CSE 201\VSCODE\Microsoft VS Code\bin;C:\intelFPGA_lite\19.1\modelsim_ase\win32aloem;C:\Users\asus\AppData\Local\GitHubDesktop\bin;C:\Users\asus\.dotnet\tools
USERNAME=asus
OS=Windows_NT
PROCESSOR_IDENTIFIER=Intel64 Family 6 Model 141 Stepping 1, GenuineIntel
TMP=C:\Users\asus\AppData\Local\Temp
TEMP=C:\Users\asus\AppData\Local\Temp



Periodic native trim disabled


---------------  S Y S T E M  ---------------

OS:
 Windows 11 , 64 bit Build 22621 (10.0.22621.4391)
OS uptime: 2 days 1:48 hours
Hyper-V role detected

CPU: total 16 (initial active 16) (8 cores per cpu, 2 threads per core) family 6 model 141 stepping 1 microcode 0x34, cx8, cmov, fxsr, ht, mmx, 3dnowpref, sse, sse2, sse3, ssse3, sse4.1, sse4.2, popcnt, lzcnt, tsc, tscinvbit, avx, avx2, aes, erms, clmul, bmi1, bmi2, adx, avx512f, avx512dq, avx512cd, avx512bw, avx512vl, sha, fma, vzeroupper, avx512_vpopcntdq, avx512_vpclmulqdq, avx512_vaes, avx512_vnni, clflush, clflushopt, clwb, avx512_vbmi2, avx512_vbmi, hv
Processor Information for all 16 processors :
  Max Mhz: 2304, Current Mhz: 2304, Mhz Limit: 2304

Memory: 4k page, system-wide physical 7914M (628M free)
TotalPageFile size 24680M (AvailPageFile size 0M)
current process WorkingSet (physical memory assigned to process): 70M, peak: 723M
current process commit charge ("private bytes"): 671M, peak: 754M

vm_info: OpenJDK 64-Bit Server VM (17.0.13+11) for windows-amd64 JRE (17.0.13+11), built on Oct 16 2024 00:10:08 by "admin" with MS VC++ 17.7 (VS2022)

END.
